============================================================
  Generated by:           Genus(TM) Synthesis Solution GENUS15.22 - 15.20-s024_1
  Generated on:           Dec 14 2022  07:44:27 pm
  Module:                 riscv_steel_core
  Interconnect mode:      global
  Area mode:              physical library
============================================================

                                 Leakage    Internal   
  Gate   Instances     Area    Power (nW)  Power (nW)              Library            
--------------------------------------------------------------------------------------
AN211X1         35     645.624      0.781     4898.780    D_CELLS_MOSST_typ_1_80V_25C 
AN21X1         112    1377.331      2.665    24671.368    D_CELLS_MOSST_typ_1_80V_25C 
AN221X0         33     608.731      1.118        1.005    D_CELLS_MOSST_typ_1_80V_25C 
AN221X1        324    6972.739      9.318    17503.132    D_CELLS_MOSST_typ_1_80V_25C 
AN222X0         14     301.291      0.607       10.163    D_CELLS_MOSST_typ_1_80V_25C 
AN222X1        101    2484.115      3.765    86436.788    D_CELLS_MOSST_typ_1_80V_25C 
AN22X1         499    7670.628     15.270    21393.893    D_CELLS_MOSST_typ_1_80V_25C 
AN311X1          1      21.521      0.024      465.837    D_CELLS_MOSST_typ_1_80V_25C 
AN31X1           5      76.860      0.123      590.625    D_CELLS_MOSST_typ_1_80V_25C 
AN321X1         11     270.547      0.332     3749.853    D_CELLS_MOSST_typ_1_80V_25C 
AN32X1          10     184.464      0.305     2357.181    D_CELLS_MOSST_typ_1_80V_25C 
AN33X1           2      43.042      0.060      964.678    D_CELLS_MOSST_typ_1_80V_25C 
AND2X1         266    3271.162      7.551    69502.454    D_CELLS_MOSST_typ_1_80V_25C 
AND2X2           2      36.893      0.088        0.000    D_CELLS_MOSST_typ_1_80V_25C 
AND3X1          14     215.208      0.329     6384.870    D_CELLS_MOSST_typ_1_80V_25C 
AND4X1          33     811.642      1.407    25254.830    D_CELLS_MOSST_typ_1_80V_25C 
AND6X1          65    1998.360      2.122        0.000    D_CELLS_MOSST_typ_1_80V_25C 
AO211X1          3      64.562      0.118      343.614    D_CELLS_MOSST_typ_1_80V_25C 
AO21X1          27     498.053      1.097     3999.112    D_CELLS_MOSST_typ_1_80V_25C 
AO221X1         44    1082.189      1.905    22000.499    D_CELLS_MOSST_typ_1_80V_25C 
AO222X0         18     442.714      1.349        2.270    D_CELLS_MOSST_typ_1_80V_25C 
AO222X1        109    3015.986      5.173    30266.278    D_CELLS_MOSST_typ_1_80V_25C 
AO22X0          10     184.464      0.633        9.896    D_CELLS_MOSST_typ_1_80V_25C 
AO22X1         236    5078.909      9.819    33853.399    D_CELLS_MOSST_typ_1_80V_25C 
AO311X1          1      21.521      0.038        0.000    D_CELLS_MOSST_typ_1_80V_25C 
AO31X1           2      43.042      0.075        4.687    D_CELLS_MOSST_typ_1_80V_25C 
AO321X1          5     138.348      0.207     3071.505    D_CELLS_MOSST_typ_1_80V_25C 
AO32X1           4      98.381      0.151     1973.127    D_CELLS_MOSST_typ_1_80V_25C 
DFRQX1        1307   68310.094    194.513  1414408.343    D_CELLS_MOSST_typ_1_80V_25C 
DFRX1          273   15107.602     40.631   274441.095    D_CELLS_MOSST_typ_1_80V_25C 
DLLQX1          40    1475.712      3.789    25261.701    D_CELLS_MOSST_typ_1_80V_25C 
EN2X0           25     384.300      1.186    12303.720    D_CELLS_MOSST_typ_1_80V_25C 
EN2X1           27     581.062      1.226    14406.350    D_CELLS_MOSST_typ_1_80V_25C 
EO2X1           24     516.499      1.218    16266.148    D_CELLS_MOSST_typ_1_80V_25C 
FAX0            89    4651.567      9.134    37815.898    D_CELLS_MOSST_typ_1_80V_25C 
FAX1             3     175.241      0.217     2107.422    D_CELLS_MOSST_typ_1_80V_25C 
FAX4             1      73.786      0.097     1868.911    D_CELLS_MOSST_typ_1_80V_25C 
HAX1           445   13681.080     24.764   280034.633    D_CELLS_MOSST_typ_1_80V_25C 
INX1           245    1506.456      4.915    54177.527    D_CELLS_MOSST_typ_1_80V_25C 
INX2             1       9.223      0.040      301.570    D_CELLS_MOSST_typ_1_80V_25C 
MU2IX1          19     350.482      0.881    12259.022    D_CELLS_MOSST_typ_1_80V_25C 
MU2X1           66    1623.283      4.075    51170.337    D_CELLS_MOSST_typ_1_80V_25C 
NA2I1X1         29     445.788      1.135     5365.027    D_CELLS_MOSST_typ_1_80V_25C 
NA2X1          332    3062.102      6.294    57329.009    D_CELLS_MOSST_typ_1_80V_25C 
NA3I1X1          4      73.786      0.149      446.557    D_CELLS_MOSST_typ_1_80V_25C 
NA3I2X1          2      43.042      0.114     1305.921    D_CELLS_MOSST_typ_1_80V_25C 
NA3X1          166    2041.402      2.794    29538.522    D_CELLS_MOSST_typ_1_80V_25C 
NA4X1            4     110.678      0.261     3332.784    D_CELLS_MOSST_typ_1_80V_25C 
NA6I3X1          1      36.893      0.092      191.200    D_CELLS_MOSST_typ_1_80V_25C 
NA6X1           19     642.550      1.062        0.000    D_CELLS_MOSST_typ_1_80V_25C 
NO2I1X1        135    1660.176      5.366    20475.263    D_CELLS_MOSST_typ_1_80V_25C 
NO2X1          258    2379.586      5.051    37576.789    D_CELLS_MOSST_typ_1_80V_25C 
NO3I1X1         18     332.035      0.659     5362.006    D_CELLS_MOSST_typ_1_80V_25C 
NO3I1X2          2      55.339      0.100        0.000    D_CELLS_MOSST_typ_1_80V_25C 
NO3I2X1          5     107.604      0.284     1020.128    D_CELLS_MOSST_typ_1_80V_25C 
NO3X0            1      12.298      0.020      281.052    D_CELLS_MOSST_typ_1_80V_25C 
NO3X1           37     568.764      0.607      599.032    D_CELLS_MOSST_typ_1_80V_25C 
NO3X2            1      24.595      0.033        0.000    D_CELLS_MOSST_typ_1_80V_25C 
NO5I2X1          1      33.818      0.067        0.000    D_CELLS_MOSST_typ_1_80V_25C 
NO5I3X1          2      67.637      0.128        0.000    D_CELLS_MOSST_typ_1_80V_25C 
NO6I2X1          1      43.042      0.087        0.000    D_CELLS_MOSST_typ_1_80V_25C 
NO6X1            1      36.893      0.053        0.000    D_CELLS_MOSST_typ_1_80V_25C 
OA211X1         49    1054.519      1.380      585.910    D_CELLS_MOSST_typ_1_80V_25C 
OA21X1          13     239.803      0.457     4989.176    D_CELLS_MOSST_typ_1_80V_25C 
OA221X1         25     614.880      0.871     3876.776    D_CELLS_MOSST_typ_1_80V_25C 
OA222X1          1      27.670      0.042      576.617    D_CELLS_MOSST_typ_1_80V_25C 
OA22X1          37     796.270      1.519     1721.536    D_CELLS_MOSST_typ_1_80V_25C 
OA31X1           2      43.042      0.073     1875.943    D_CELLS_MOSST_typ_1_80V_25C 
OA32X1           1      24.595      0.043      174.624    D_CELLS_MOSST_typ_1_80V_25C 
ON211X1         49     903.874      1.011     1542.912    D_CELLS_MOSST_typ_1_80V_25C 
ON21X1          83    1275.876      2.009    15776.209    D_CELLS_MOSST_typ_1_80V_25C 
ON21X2           1      27.670      0.073        0.000    D_CELLS_MOSST_typ_1_80V_25C 
ON221X1         64    1574.093      1.747     9516.178    D_CELLS_MOSST_typ_1_80V_25C 
ON222X1         14     387.374      0.486    11091.471    D_CELLS_MOSST_typ_1_80V_25C 
ON22X1         124    2287.354      3.792     5288.009    D_CELLS_MOSST_typ_1_80V_25C 
ON311X1          2      36.893      0.043      625.576    D_CELLS_MOSST_typ_1_80V_25C 
ON31X1           1      18.446      0.026      642.537    D_CELLS_MOSST_typ_1_80V_25C 
ON321X1          1      24.595      0.028      342.112    D_CELLS_MOSST_typ_1_80V_25C 
ON32X1           2      43.042      0.064       10.895    D_CELLS_MOSST_typ_1_80V_25C 
OR2X1           71     873.130      3.018     7200.786    D_CELLS_MOSST_typ_1_80V_25C 
OR3X1            5      92.232      0.200       -0.196    D_CELLS_MOSST_typ_1_80V_25C 
OR4X1            2      49.190      0.114        0.000    D_CELLS_MOSST_typ_1_80V_25C 
OR5X1            3      83.009      0.152        0.000    D_CELLS_MOSST_typ_1_80V_25C 
OR6X1            2      67.637      0.145        0.000    D_CELLS_MOSST_typ_1_80V_25C 
SDFRQX1         32    2262.758      5.868    62924.575    D_CELLS_MOSST_typ_1_80V_25C 
--------------------------------------------------------------------------------------
total         6154  170690.688    400.632  2848117.458                                


                                             Leakage  Leakage   Internal  Internal 
     Type      Instances    Area    Area % Power (nW) Power %  Power (nW)  Power % 
-----------------------------------------------------------------------------------
sequential          1652  87156.166   51.1    244.801    61.1 1777035.715     62.4 
inverter             246   1515.679    0.9      4.956     1.2   54479.097      1.9 
logic               4256  82018.843   48.1    150.874    37.7 1016602.646     35.7 
physical_cells         0      0.000    0.0      0.000     0.0       0.000      0.0 
-----------------------------------------------------------------------------------
total               6154 170690.688  100.0    400.632   100.0 2848117.458    100.0 

