============================================================
  Generated by:           Genus(TM) Synthesis Solution GENUS15.22 - 15.20-s024_1
  Generated on:           Dec 14 2022  07:44:19 pm
  Module:                 riscv_steel_core
  Interconnect mode:      global
  Area mode:              physical library
============================================================

Timing
-------
          Cost            Critical       Violating 
         Group           Path Slack TNS    Paths   
---------------------------------------------------
C2C                        No paths   0            
C2O                        No paths   0            
cg_enable_group_default    No paths   0            
default                    No paths   0            
I2C                        No paths   0            
I2O                        No paths   0            
---------------------------------------------------
Total                                 0          0 

Instance Count
--------------
Leaf Instance Count             6154 
Sequential Instance Count       1652 
Combinational Instance Count    4502 
Hierarchical Instance Count       43 

Area
----
Cell Area                          170690.688
Physical Cell Area                 0.000
Total Cell Area (Cell+Physical)    170690.688
Net Area                           86184.046
Total Area (Cell+Physical+Net)     256874.734

Runtime                            -111.486 seconds
Elapsed Runtime                    404 seconds
Genus peak memory usage            667.18 
Innovus peak memory usage          no_value 
Hostname                           pgmicro04.ufrgs.br
