============================================================
  Generated by:           Genus(TM) Synthesis Solution GENUS15.22 - 15.20-s024_1
  Generated on:           Dec 15 2022  05:32:23 pm
  Module:                 riscv_steel_core
  Interconnect mode:      global
  Area mode:              physical library
============================================================

Timing
--------

Clock  Period 
--------------
clock 10000.0 


         Cost           Critical       Violating 
        Group          Path Slack TNS    Paths   
-------------------------------------------------
C2C                         199.5   0          0 
C2O                      No paths   0            
cg_enable_group_clock         0.0   0          0 
clock                      2006.9   0          0 
default                  No paths   0            
I2C                         807.8   0          0 
I2O                      No paths   0            
-------------------------------------------------
Total                               0          0 

Instance Count
--------------
Leaf Instance Count             7191 
Sequential Instance Count       1652 
Combinational Instance Count    5539 
Hierarchical Instance Count       43 

Area
----
Cell Area                          183824.525
Physical Cell Area                 0.000
Total Cell Area (Cell+Physical)    183824.525
Net Area                           95599.986
Total Area (Cell+Physical+Net)     279424.511

Runtime                            -306.782 seconds
Elapsed Runtime                    275 seconds
Genus peak memory usage            666.38 
Innovus peak memory usage          no_value 
Hostname                           pgmicro04.ufrgs.br
