============================================================
  Generated by:           Genus(TM) Synthesis Solution GENUS15.22 - 15.20-s024_1
  Generated on:           Dec 15 2022  05:32:23 pm
  Module:                 riscv_steel_core
  Interconnect mode:      global
  Area mode:              physical library
============================================================

                               
  Gate   Instances     Area                Library            
--------------------------------------------------------------
AN211X0          7     107.604    D_CELLS_MOSST_typ_1_80V_25C 
AN211X1         23     424.267    D_CELLS_MOSST_typ_1_80V_25C 
AN21X1         133    1635.581    D_CELLS_MOSST_typ_1_80V_25C 
AN221X0          7     129.125    D_CELLS_MOSST_typ_1_80V_25C 
AN221X1        237    5100.430    D_CELLS_MOSST_typ_1_80V_25C 
AN221X4          1      39.967    D_CELLS_MOSST_typ_1_80V_25C 
AN222X0         48    1032.998    D_CELLS_MOSST_typ_1_80V_25C 
AN222X1        156    3836.851    D_CELLS_MOSST_typ_1_80V_25C 
AN22X1         538    8270.136    D_CELLS_MOSST_typ_1_80V_25C 
AN31X1          11     169.092    D_CELLS_MOSST_typ_1_80V_25C 
AN321X0          1      21.521    D_CELLS_MOSST_typ_1_80V_25C 
AN321X1         11     270.547    D_CELLS_MOSST_typ_1_80V_25C 
AN32X1          13     239.803    D_CELLS_MOSST_typ_1_80V_25C 
AND2X1         376    4623.898    D_CELLS_MOSST_typ_1_80V_25C 
AND2X2          36     664.070    D_CELLS_MOSST_typ_1_80V_25C 
AND2X4          24     664.070    D_CELLS_MOSST_typ_1_80V_25C 
AND3X1          10     153.720    D_CELLS_MOSST_typ_1_80V_25C 
AND3X2           9     193.687    D_CELLS_MOSST_typ_1_80V_25C 
AND3X4           3     101.455    D_CELLS_MOSST_typ_1_80V_25C 
AND4X1          28     688.666    D_CELLS_MOSST_typ_1_80V_25C 
AND4X2           5     153.720    D_CELLS_MOSST_typ_1_80V_25C 
AND5X2           1      33.818    D_CELLS_MOSST_typ_1_80V_25C 
AND6X1          94    2889.936    D_CELLS_MOSST_typ_1_80V_25C 
AND6X2           7     258.250    D_CELLS_MOSST_typ_1_80V_25C 
AO211X1         16     344.333    D_CELLS_MOSST_typ_1_80V_25C 
AO211X2          6     166.018    D_CELLS_MOSST_typ_1_80V_25C 
AO211X4          1      30.744    D_CELLS_MOSST_typ_1_80V_25C 
AO21X1          48     885.427    D_CELLS_MOSST_typ_1_80V_25C 
AO21X2           3      73.786    D_CELLS_MOSST_typ_1_80V_25C 
AO21X4           3      83.009    D_CELLS_MOSST_typ_1_80V_25C 
AO221X1         46    1131.379    D_CELLS_MOSST_typ_1_80V_25C 
AO221X4          2      73.786    D_CELLS_MOSST_typ_1_80V_25C 
AO222X0         18     442.714    D_CELLS_MOSST_typ_1_80V_25C 
AO222X1        147    4067.431    D_CELLS_MOSST_typ_1_80V_25C 
AO22X0           1      18.446    D_CELLS_MOSST_typ_1_80V_25C 
AO22X1         157    3378.766    D_CELLS_MOSST_typ_1_80V_25C 
AO22X2          16     442.714    D_CELLS_MOSST_typ_1_80V_25C 
AO31X1           1      21.521    D_CELLS_MOSST_typ_1_80V_25C 
AO321X1          6     166.018    D_CELLS_MOSST_typ_1_80V_25C 
AO32X1           6     147.571    D_CELLS_MOSST_typ_1_80V_25C 
BUCX4           15     368.928    D_CELLS_MOSST_typ_1_80V_25C 
BUX1            64     787.046    D_CELLS_MOSST_typ_1_80V_25C 
BUX2            28     430.416    D_CELLS_MOSST_typ_1_80V_25C 
BUX3             3      64.562    D_CELLS_MOSST_typ_1_80V_25C 
BUX4             3      73.786    D_CELLS_MOSST_typ_1_80V_25C 
BUX6             2      67.637    D_CELLS_MOSST_typ_1_80V_25C 
BUX8             6     258.250    D_CELLS_MOSST_typ_1_80V_25C 
DFRQX1        1228   64181.174    D_CELLS_MOSST_typ_1_80V_25C 
DFRQX2         230   12728.016    D_CELLS_MOSST_typ_1_80V_25C 
DFRQX4          45    3182.004    D_CELLS_MOSST_typ_1_80V_25C 
DFRSQX4          3     221.357    D_CELLS_MOSST_typ_1_80V_25C 
DFRX1           72    3984.422    D_CELLS_MOSST_typ_1_80V_25C 
DFRX2            1      61.488    D_CELLS_MOSST_typ_1_80V_25C 
DFRX4            1      83.009    D_CELLS_MOSST_typ_1_80V_25C 
DLLQX1          40    1475.712    D_CELLS_MOSST_typ_1_80V_25C 
EN2X0          106    1629.432    D_CELLS_MOSST_typ_1_80V_25C 
EN2X1           49    1054.519    D_CELLS_MOSST_typ_1_80V_25C 
EO2X0           96    1475.712    D_CELLS_MOSST_typ_1_80V_25C 
EO2X1           82    1764.706    D_CELLS_MOSST_typ_1_80V_25C 
EO3X1            3     119.902    D_CELLS_MOSST_typ_1_80V_25C 
FAX1            11     642.550    D_CELLS_MOSST_typ_1_80V_25C 
FAX2            14     903.874    D_CELLS_MOSST_typ_1_80V_25C 
HAX1           203    6241.032    D_CELLS_MOSST_typ_1_80V_25C 
HAX2            31    1143.677    D_CELLS_MOSST_typ_1_80V_25C 
INCX12           1      58.414    D_CELLS_MOSST_typ_1_80V_25C 
INX0             1       6.149    D_CELLS_MOSST_typ_1_80V_25C 
INX1           286    1758.557    D_CELLS_MOSST_typ_1_80V_25C 
INX2            26     239.803    D_CELLS_MOSST_typ_1_80V_25C 
INX3            22     338.184    D_CELLS_MOSST_typ_1_80V_25C 
INX4            12     221.357    D_CELLS_MOSST_typ_1_80V_25C 
INX6             6     129.125    D_CELLS_MOSST_typ_1_80V_25C 
INX8            10     307.440    D_CELLS_MOSST_typ_1_80V_25C 
MU2IX1          18     332.035    D_CELLS_MOSST_typ_1_80V_25C 
MU2X1           24     590.285    D_CELLS_MOSST_typ_1_80V_25C 
MU2X2            1      24.595    D_CELLS_MOSST_typ_1_80V_25C 
MU2X4           16     491.904    D_CELLS_MOSST_typ_1_80V_25C 
NA2I1X1         91    1398.852    D_CELLS_MOSST_typ_1_80V_25C 
NA2I1X2         34     627.178    D_CELLS_MOSST_typ_1_80V_25C 
NA2I1X4         27     830.088    D_CELLS_MOSST_typ_1_80V_25C 
NA2X1          605    5580.036    D_CELLS_MOSST_typ_1_80V_25C 
NA2X2          102    1567.944    D_CELLS_MOSST_typ_1_80V_25C 
NA2X4           29     891.576    D_CELLS_MOSST_typ_1_80V_25C 
NA3I1X1         17     313.589    D_CELLS_MOSST_typ_1_80V_25C 
NA3I1X2          6     166.018    D_CELLS_MOSST_typ_1_80V_25C 
NA3I1X4          3     119.902    D_CELLS_MOSST_typ_1_80V_25C 
NA3I2X1          3      64.562    D_CELLS_MOSST_typ_1_80V_25C 
NA3I2X4          1      49.190    D_CELLS_MOSST_typ_1_80V_25C 
NA3X1           86    1057.594    D_CELLS_MOSST_typ_1_80V_25C 
NA3X2           27     664.070    D_CELLS_MOSST_typ_1_80V_25C 
NA3X4            3     138.348    D_CELLS_MOSST_typ_1_80V_25C 
NA5X1            2      61.488    D_CELLS_MOSST_typ_1_80V_25C 
NA6I1X1          1      36.893    D_CELLS_MOSST_typ_1_80V_25C 
NA6X1           30    1014.552    D_CELLS_MOSST_typ_1_80V_25C 
NO2I1X1        178    2188.973    D_CELLS_MOSST_typ_1_80V_25C 
NO2I1X2         13     279.770    D_CELLS_MOSST_typ_1_80V_25C 
NO2I1X4          2      61.488    D_CELLS_MOSST_typ_1_80V_25C 
NO2X1          320    2951.424    D_CELLS_MOSST_typ_1_80V_25C 
NO2X2           34     522.648    D_CELLS_MOSST_typ_1_80V_25C 
NO2X4            9     249.026    D_CELLS_MOSST_typ_1_80V_25C 
NO3I1X0          1      15.372    D_CELLS_MOSST_typ_1_80V_25C 
NO3I1X1         12     221.357    D_CELLS_MOSST_typ_1_80V_25C 
NO3I1X2          1      27.670    D_CELLS_MOSST_typ_1_80V_25C 
NO3I2X1          6     129.125    D_CELLS_MOSST_typ_1_80V_25C 
NO3I2X2         20     676.368    D_CELLS_MOSST_typ_1_80V_25C 
NO3X0            2      24.595    D_CELLS_MOSST_typ_1_80V_25C 
NO3X1            7     107.604    D_CELLS_MOSST_typ_1_80V_25C 
NO3X2            5     122.976    D_CELLS_MOSST_typ_1_80V_25C 
NO3X4            2      79.934    D_CELLS_MOSST_typ_1_80V_25C 
NO4I2X1          5     153.720    D_CELLS_MOSST_typ_1_80V_25C 
NO4X2            3      92.232    D_CELLS_MOSST_typ_1_80V_25C 
NO4X4            1      36.893    D_CELLS_MOSST_typ_1_80V_25C 
NO5I3X1          1      33.818    D_CELLS_MOSST_typ_1_80V_25C 
NO5X2            1      33.818    D_CELLS_MOSST_typ_1_80V_25C 
NO6X1            2      73.786    D_CELLS_MOSST_typ_1_80V_25C 
OA211X1          6     129.125    D_CELLS_MOSST_typ_1_80V_25C 
OA21X1          15     276.696    D_CELLS_MOSST_typ_1_80V_25C 
OA21X2          14     301.291    D_CELLS_MOSST_typ_1_80V_25C 
OA221X1          6     147.571    D_CELLS_MOSST_typ_1_80V_25C 
OA222X1          7     193.687    D_CELLS_MOSST_typ_1_80V_25C 
OA22X1           3      64.562    D_CELLS_MOSST_typ_1_80V_25C 
OA22X2           5     122.976    D_CELLS_MOSST_typ_1_80V_25C 
OA22X4           1      30.744    D_CELLS_MOSST_typ_1_80V_25C 
OA31X1           2      43.042    D_CELLS_MOSST_typ_1_80V_25C 
OA32X1           1      24.595    D_CELLS_MOSST_typ_1_80V_25C 
ON211X1         34     627.178    D_CELLS_MOSST_typ_1_80V_25C 
ON211X2         11     304.366    D_CELLS_MOSST_typ_1_80V_25C 
ON21X0           2      24.595    D_CELLS_MOSST_typ_1_80V_25C 
ON21X1          97    1491.084    D_CELLS_MOSST_typ_1_80V_25C 
ON21X2           1      27.670    D_CELLS_MOSST_typ_1_80V_25C 
ON21X4           1      30.744    D_CELLS_MOSST_typ_1_80V_25C 
ON221X0          1      18.446    D_CELLS_MOSST_typ_1_80V_25C 
ON221X1         28     688.666    D_CELLS_MOSST_typ_1_80V_25C 
ON222X1         19     525.722    D_CELLS_MOSST_typ_1_80V_25C 
ON22X0           2      30.744    D_CELLS_MOSST_typ_1_80V_25C 
ON22X1          73    1346.587    D_CELLS_MOSST_typ_1_80V_25C 
ON22X4           2      67.637    D_CELLS_MOSST_typ_1_80V_25C 
ON31X0           3      46.116    D_CELLS_MOSST_typ_1_80V_25C 
ON31X1           8     147.571    D_CELLS_MOSST_typ_1_80V_25C 
ON321X1          8     196.762    D_CELLS_MOSST_typ_1_80V_25C 
ON32X1           5     107.604    D_CELLS_MOSST_typ_1_80V_25C 
OR2X1           75     922.320    D_CELLS_MOSST_typ_1_80V_25C 
OR2X2            6      92.232    D_CELLS_MOSST_typ_1_80V_25C 
OR2X4            7     172.166    D_CELLS_MOSST_typ_1_80V_25C 
OR3X1            1      18.446    D_CELLS_MOSST_typ_1_80V_25C 
OR3X4            1      33.818    D_CELLS_MOSST_typ_1_80V_25C 
OR4X1            2      49.190    D_CELLS_MOSST_typ_1_80V_25C 
OR4X2            1      30.744    D_CELLS_MOSST_typ_1_80V_25C 
OR5X1            3      83.009    D_CELLS_MOSST_typ_1_80V_25C 
OR6X2            1      46.116    D_CELLS_MOSST_typ_1_80V_25C 
SDFRQX0         30    1936.872    D_CELLS_MOSST_typ_1_80V_25C 
SDFRQX1          2     141.422    D_CELLS_MOSST_typ_1_80V_25C 
--------------------------------------------------------------
total         7191  183824.525                                


                                           
     Type      Instances    Area    Area % 
-------------------------------------------
sequential          1652  87995.477   47.9 
inverter             364   3059.028    1.7 
buffer               121   2050.625    1.1 
logic               5054  90719.395   49.4 
physical_cells         0      0.000    0.0 
-------------------------------------------
total               7191 183824.525  100.0 

