Command: report datapath > reports_Dec15-17:28:03/map/riscv_steel_core_datapath.rpt
============================================================
  Generated by:           Genus(TM) Synthesis Solution GENUS15.22 - 15.20-s024_1
  Generated on:           Dec 15 2022  05:32:29 pm
  Module:                 riscv_steel_core
  Interconnect mode:      global
  Area mode:              physical library
============================================================


Inferred components

                 Operator   Signedness  Inputs  Outputs CellArea 
=================================================================
riscv_steel_core
 branch_decision_instance_lt_720_14
  
  module:lt_unsigned
   medium           <       unsigned   32x32    1        1248.21 
=================================================================
riscv_steel_core
 rv32i_alu_instance_csa_tree_add_626_25_groupi
  
  module:csa_tree_add_626_25_group_220
   very_fast  csa_and_adder            32x34x34 32       4516.29 
-----------------------------------------------------------------
   add_626_25       +       unsigned   32x32    32               
=================================================================
riscv_steel_core
 rv32i_alu_instance_lt_615_19
  
  module:lt_unsigned_142
   very_fast        <       unsigned   32x32    1        1488.01 
=================================================================

      Type        CellArea Percentage 
--------------------------------------
datapath modules   7252.51       3.95 
external muxes        0.00       0.00 
others           176572.01      96.05 
--------------------------------------
total            183824.52     100.00 

