###############################################################
#  Generated by:      Cadence Innovus 15.20-p005_1
#  OS:                Linux x86_64(Host ID pgmicro03)
#  Generated on:      Thu Mar  2 14:16:41 2023
#  Design:            riscv_steel_core
#  Command:           check_design -all
###############################################################
Design: riscv_steel_core

------ Design Summary:
Total Standard Cell Number   (cells) : 10024
Total Block Cell Number      (cells) : 0
Total I/O Pad Cell Number    (cells) : 0
Total Standard Cell Area     ( um^2) : 180147.54
Total Block Cell Area        ( um^2) : 0.00
Total I/O Pad Cell Area      ( um^2) : 0.00

------ Design Statistics:

Number of Instances            : 10024
Number of Nets                 : 7584
Average number of Pins per Net : 3.56
Maximum number of Pins in Net  : 101

------ I/O Port summary

Number of Primary I/O Ports    : 266
Number of Input Ports          : 165
Number of Output Ports         : 101
Number of Bidirectional Ports  : 0
Number of Power/Ground Ports   : 0



------------------------------------------------------------
Detail report:


------ I/O Pad/Port Checking

WARN : Port data_rw_address[1] is floating in the top design.
WARN : Port data_rw_address[0] is floating in the top design.

