

Working Directory = /home/inf01185/enrico.pizzol/cci-2/steel/synthesis
QoS Summary for riscv_steel_core
========================================================================================
Metric                  generic    map        syn_opt    syn_opt_low_incr final     
========================================================================================
Slack (ps):              -3031.5    -1879.8    -1355.6    -1355.6    -1355.6
  R2R (ps):              -3031.5    -1879.8    -1355.6    -1355.6    -1355.6
  I2R (ps):              -1950.5    -1321.8     -902.0     -902.0     -902.0
  R2O (ps):             no_value   no_value   no_value   no_value   no_value
  I2O (ps):             no_value   no_value   no_value   no_value   no_value
  CG  (ps):                -93.7      -77.5      -69.7      -69.7      -69.7
TNS (ps):                 717295     709920     452240     452243     452243
  R2R (ps):             627574.0   635132.0   392367.0   392367.0   392367.0
  I2R (ps):              91473.0    76031.0    60631.0    60633.0    60633.0
  R2O (ps):             no_value   no_value   no_value   no_value   no_value
  I2O (ps):             no_value   no_value   no_value   no_value   no_value
  CG  (ps):                 93.0       77.0       69.0       69.0       69.0
Failing Paths:              1179       1376       1139       1139       1139
Area:                     258440     276779     295142     295136     295136
Instances:                  8874      12851      12569      12566      12566
Utilization (%):            0.00       0.00       0.00       0.00       0.00
Tot. Net Length (um):   no_value   no_value   no_value   no_value   no_value
Avg. Net Length (um):   no_value   no_value   no_value   no_value   no_value
Total Overflow H:              0          0          0          0          0
Total Overflow V:              0          0          0          0          0
Route Overflow H (%):   no_value   no_value   no_value   no_value   no_value
Route Overflow V (%):   no_value   no_value   no_value   no_value   no_value
========================================================================================
CPU  Runtime (m:s):        00:37      17:31      25:53      00:08      00:07
Real Runtime (m:s):        00:39      08:01      26:29      00:13      00:13
CPU  Elapsed (m:s):        00:47      18:18      44:11      44:19      44:26
Real Elapsed (m:s):        00:41      08:42      35:11      35:24      35:37
Memory (MB):              581.13     673.79     673.79     673.79     673.79
========================================================================================

========================================================================================
Flow Settings:
========================================================================================
Total Runtime (m:s): 35:41
Total Memory (MB):   673.79
Executable Version:  15.22
========================================================================================


