============================================================
  Generated by:           Genus(TM) Synthesis Solution GENUS15.22 - 15.20-s024_1
  Generated on:           Dec 15 2022  02:34:48 pm
  Module:                 riscv_steel_core
  Interconnect mode:      global
  Area mode:              physical library
============================================================


Path 1: VIOLATED (-1261 ps) Setup Check with Pin csr_file_instance_current_state_reg[1]/C->D
          Group: I2C
     Startpoint: (F) instruction_in[19]
          Clock: (R) clock
       Endpoint: (R) csr_file_instance_current_state_reg[1]/D
          Clock: (R) clock

                     Capture       Launch     
        Clock Edge:+    2000            0     
       Src Latency:+       0            0     
       Net Latency:+       0 (I)        0 (I) 
           Arrival:=    2000            0     
                                              
             Setup:-     134                  
     Required Time:=    1866                  
      Launch Clock:-       0                  
       Input Delay:-     200                  
         Data Path:-    2927                  
             Slack:=   -1261                  

#---------------------------------------------------------------------------------------------------------
#              Timing Point                Flags   Arc   Edge   Cell     Fanout  Load Trans Delay Arrival 
#                                                                                (fF)  (ps)  (ps)   (ps)  
#---------------------------------------------------------------------------------------------------------
  instruction_in[19]                       -       -     F     (arrival)      1  20.1   160     0     200 
  g11033/Q                                 -       B->Q  R     NA2I1X4        1  33.2   120   106     306 
  g11003/Q                                 -       A->Q  F     INX6          19 208.7   180   134     439 
  g124621/Q                                -       A->Q  R     INX6          11 102.9   116    96     536 
  g124071/Q                                -       B->Q  F     NA3I1X4        4  37.6   107    84     619 
  g123638/Q                                -       AN->Q F     NA3I1X2        2  32.4   155   178     797 
  g123359/Q                                -       A->Q  R     NA2X4         17 120.9   288   192     989 
  g123221/Q                                -       A->Q  F     INX3           4  46.4   128   102    1092 
  g123220/Q                                -       A->Q  R     INX4           5  35.1    69    60    1151 
  g120131/Q                                -       A->Q  F     NA2X1          1   9.8    88    62    1213 
  g118886/Q                                -       B->Q  F     AND2X1         1  10.6    75   155    1368 
  g118147/Q                                -       B->Q  R     NA2X1          1  16.3   180   125    1492 
  g117542/Q                                -       C->Q  F     NO3X2          1  10.0    88    78    1570 
  g117430/Q                                -       A->Q  R     NA3X1          1  10.2   177   107    1677 
  g117375/Q                                -       C->Q  R     AO21X4         2  31.2    96   132    1809 
  g127248/Q                                -       A->Q  F     INX2           2  26.8    72    62    1872 
  g117282/Q                                -       A->Q  R     NA2X4          2  35.3   118    79    1950 
  g117246/Q                                -       A->Q  F     INX3           2  38.2    82    70    2020 
  g117119/Q                                -       B->Q  R     NO3X4          2  26.8   185   134    2154 
  g117045/Q                                -       A->Q  F     NA2X4          2  29.8    86    62    2216 
  g117032/Q                                -       B->Q  R     NA2I1X4        3  40.2   122    94    2311 
  g117022/Q                                -       A->Q  F     NO2X4          1  13.2    74    39    2349 
  g116999/Q                                -       AN->Q F     NO2I1X4        1  18.1    61   135    2485 
  g116996/Q                                -       A->Q  R     NO2X4          1  22.8   111    72    2557 
  g116993/Q                                -       B->Q  F     NA3X4          5  59.3   136   101    2658 
  g11394/Q                                 -       A->Q  R     NA2X4          2  34.6   117    94    2751 
  g11372/Q                                 -       A->Q  F     INX4           5  53.1    76    65    2816 
  csr_file_instance_g2/Q                   -       A->Q  F     OR2X4          3  36.0    73   136    2952 
  csr_file_instance_g10395/Q               -       A->Q  R     NO2X4          1  12.4    95    61    3013 
  csr_file_instance_g10218/Q               -       A->Q  F     NO2X2          1  18.1    84    56    3068 
  csr_file_instance_g10098/Q               -       A->Q  R     NO2X4          1   9.4    86    59    3127 
  csr_file_instance_current_state_reg[1]/D -       -     R     DFRQX2         1     -     -     0    3127 
#---------------------------------------------------------------------------------------------------------

