============================================================
  Generated by:           Genus(TM) Synthesis Solution GENUS15.22 - 15.20-s024_1
  Generated on:           Dec 15 2022  02:34:48 pm
  Module:                 riscv_steel_core
  Interconnect mode:      global
  Area mode:              physical library
============================================================


Path 1: VIOLATED (-1819 ps) Setup Check with Pin csr_file_instance_current_state_reg[1]/C->D
          Group: C2C
     Startpoint: (R) alu_2nd_operand_source_stage3_reg/C
          Clock: (R) clock
       Endpoint: (R) csr_file_instance_current_state_reg[1]/D
          Clock: (R) clock

                     Capture       Launch     
        Clock Edge:+    2000            0     
       Src Latency:+       0            0     
       Net Latency:+       0 (I)        0 (I) 
           Arrival:=    2000            0     
                                              
             Setup:-     134                  
     Required Time:=    1866                  
      Launch Clock:-       0                  
         Data Path:-    3685                  
             Slack:=   -1819                  

#---------------------------------------------------------------------------------------------------------
#              Timing Point                Flags   Arc   Edge   Cell     Fanout  Load Trans Delay Arrival 
#                                                                                (fF)  (ps)  (ps)   (ps)  
#---------------------------------------------------------------------------------------------------------
  alu_2nd_operand_source_stage3_reg/C      -       -     R     (arrival)    467     -     0     -       0 
  alu_2nd_operand_source_stage3_reg/Q      -       C->Q  F     DFRSQX4        1  44.1   111   276     276 
  g10954/Q                                 -       A->Q  R     INX8           3  96.0    79    67     342 
  g10953/Q                                 -       A->Q  F     INX4           2  32.6    53    45     387 
  g10476/Q                                 -       A->Q  R     NO2X4          1  14.2    91    59     446 
  g10439/Q                                 -       AN->Q R     NA2I1X4       11 147.7   319   224     669 
  g124647/Q                                -       A->Q  F     INX8           9  88.8   105    78     748 
  g124581/Q                                -       A->Q  F     AND2X4         4  56.4    82   141     888 
  g126357/Q                                -       A->Q  R     INX2           2  21.0    71    57     946 
  g124266/Q                                -       B->Q  F     NO2I1X2        2  22.8    89    56    1002 
  g123814/Q                                -       B->Q  R     NO2X1          1   9.8   159   118    1119 
  g123301/Q                                -       C->Q  R     AND3X1         3  24.9   238   241    1360 
  g122773/Q                                -       A->Q  F     NO2X1          1  15.5   114    90    1450 
  g122403/Q                                -       B->Q  R     NO2X2          1  12.3   118    98    1549 
  g122230/Q                                -       A->Q  F     NA2X2          1  10.9    65    50    1599 
  g121973/Q                                -       B->Q  R     NO2X1          1  10.4   165   117    1716 
  g121767/Q                                -       A->Q  F     ON211X1        1  10.0   177    98    1814 
  g121743/Q                                -       C->Q  R     AN21X1         1  20.8   310   212    2025 
  g121706/Q                                -       B->Q  F     NA2X4          3  29.6   100    65    2090 
  g121108/Q                                -       A->Q  R     NA2X2          1  18.0   132    87    2176 
  g117381/Q                                -       A->Q  F     NA2X4          5  46.1    96    74    2250 
  g117272/Q                                -       AN->Q F     NA2I1X4        2  29.4    75   124    2375 
  g117201/Q                                -       A->Q  R     NA2X4          2  38.1   124    83    2457 
  g117122/Q                                -       A->Q  F     NO3X4          2  24.3    78    55    2512 
  g117109/Q                                -       A->Q  F     BUX3           2  34.1    74   115    2627 
  g117024/Q                                -       C->Q  R     NA3X2          1  14.2   136   105    2732 
  g117017/Q                                -       AN->Q R     NA2I1X4        2  32.2   110   114    2846 
  g117012/Q                                -       A->Q  F     NO2X2          1  18.1    77    57    2903 
  g124905/Q                                -       B->Q  R     NO2I1X4        1  18.3   103    70    2973 
  g117003/Q                                -       A->Q  F     NO3X4          1  23.4    76    53    3026 
  g116996/Q                                -       B->Q  R     NO2X4          1  22.8   111    89    3115 
  g116993/Q                                -       B->Q  F     NA3X4          5  59.3   136   101    3216 
  g11394/Q                                 -       A->Q  R     NA2X4          2  34.6   117    94    3309 
  g11372/Q                                 -       A->Q  F     INX4           5  53.1    76    65    3374 
  csr_file_instance_g2/Q                   -       A->Q  F     OR2X4          3  36.0    73   136    3510 
  csr_file_instance_g10395/Q               -       A->Q  R     NO2X4          1  12.4    95    61    3571 
  csr_file_instance_g10218/Q               -       A->Q  F     NO2X2          1  18.1    84    56    3626 
  csr_file_instance_g10098/Q               -       A->Q  R     NO2X4          1   9.4    86    59    3685 
  csr_file_instance_current_state_reg[1]/D -       -     R     DFRQX2         1     -     -     0    3685 
#---------------------------------------------------------------------------------------------------------

