============================================================
  Generated by:           Genus(TM) Synthesis Solution GENUS15.22 - 15.20-s024_1
  Generated on:           Dec 15 2022  03:01:16 pm
  Module:                 riscv_steel_core
  Interconnect mode:      global
  Area mode:              physical library
============================================================


Path 1: VIOLATED (-902 ps) Setup Check with Pin program_counter_reg[22]/C->D
          Group: I2C
     Startpoint: (F) instruction_in[18]
          Clock: (R) clock
       Endpoint: (F) program_counter_reg[22]/D
          Clock: (R) clock

                     Capture       Launch     
        Clock Edge:+    2000            0     
       Src Latency:+       0            0     
       Net Latency:+       0 (I)        0 (I) 
           Arrival:=    2000            0     
                                              
             Setup:-     138                  
     Required Time:=    1862                  
      Launch Clock:-       0                  
       Input Delay:-     200                  
         Data Path:-    2564                  
             Slack:=    -902                  

#------------------------------------------------------------------------------------------
#       Timing Point        Flags   Arc   Edge   Cell     Fanout  Load Trans Delay Arrival 
#                                                                 (fF)  (ps)  (ps)   (ps)  
#------------------------------------------------------------------------------------------
  instruction_in[18]        -       -     F     (arrival)      1  20.1   160     0     200 
  g135190/Q                 -       B->Q  R     NA2I1X4        1  44.1   139   118     318 
  fopt161386/Q              -       A->Q  F     INX8           3 101.9    78    67     384 
  fopt131219/Q              -       A->Q  R     INX3           4  53.5   101    76     460 
  g130408/Q                 -       A->Q  R     AND2X4         3  41.9   106   129     588 
  fopt155905/Q              -       A->Q  F     INX2           1  23.4    67    58     647 
  g155904/Q                 -       B->Q  R     NO2X4          2  21.8   108    86     733 
  g124911/Q                 -       AN->Q R     NA2I1X2        6  47.0   238   188     922 
  g118462/Q                 -       A->Q  F     NA2X1          1  22.8   174   128    1049 
  g117655/Q                 -       B->Q  R     NA3X4          1  18.3   126   109    1158 
  g164869/Q                 -       A->Q  F     NO3X4          2  21.0    81    52    1211 
  g154996_dup/Q             -       A->Q  F     AND2X4         1  22.7    49   109    1320 
  g164949/Q                 -       C->Q  R     NA3X4          3  32.4   145   104    1423 
  g154998/Q                 -       A->Q  F     NO2X4          1  23.4    57    49    1472 
  g137523/Q                 -       B->Q  R     NO2X4          3  38.7   150   108    1580 
  g387/Q                    -       A->Q  F     NA2X4          2  39.7    92    70    1650 
  g134466/Q                 -       A->Q  R     NO2X4          1  18.1   102    73    1723 
  g117034/Q                 -       A->Q  F     NO2X4          1  18.1    53    42    1765 
  g137352/Q                 -       A->Q  R     NO2X4          1  18.1   100    64    1830 
  g137351/Q                 -       A->Q  F     NO2X4          1  18.0    51    42    1872 
  g125/Q                    -       A->Q  R     NA2X4          1  18.0    85    54    1926 
  g137939/Q                 -       A->Q  F     NA2X4          2  35.9    78    59    1986 
  g137/Q                    -       A->Q  R     NA3X4          1  18.0   116    70    2056 
  g154165/Q                 -       A->Q  F     NA2X4          2  29.6    74    57    2113 
  g154170/Q                 -       A->Q  R     INX3           1  18.1    52    42    2156 
  g154169/Q                 -       A->Q  F     NO2X4          1  18.1    48    34    2190 
  g139610/Q                 -       A->Q  R     NO2X4          3  42.8   160    98    2288 
  g139983/Q                 -       B->Q  F     NA3X4          3  37.6   112    85    2373 
  g156021/Q                 -       A->Q  R     NA2X4          1  44.1   135    99    2471 
  g156020/Q                 -       A->Q  F     INX8          30 194.9   121    97    2568 
  g11380/Q                  -       A->Q  R     NA2X1          1  14.7   167   119    2688 
  g11345/Q                  -       B->Q  F     NA3X2          2  14.6   101    76    2764 
  program_counter_reg[22]/D -       -     F     DFRX1          2     -     -     0    2764 
#------------------------------------------------------------------------------------------

