============================================================
  Generated by:           Genus(TM) Synthesis Solution GENUS15.22 - 15.20-s024_1
  Generated on:           Dec 15 2022  03:01:37 pm
  Module:                 riscv_steel_core
  Interconnect mode:      global
  Area mode:              physical library
============================================================

                                 Leakage     Internal   
  Gate   Instances     Area    Power (nW)   Power (nW)              Library            
---------------------------------------------------------------------------------------
AN211X1         10     184.464      0.223     13660.776    D_CELLS_MOSST_typ_1_80V_25C 
AN211X4          1      33.818      0.100     16080.071    D_CELLS_MOSST_typ_1_80V_25C 
AN21X1         217    2668.579      5.163    362626.459    D_CELLS_MOSST_typ_1_80V_25C 
AN21X2           1      27.670      0.073         9.896    D_CELLS_MOSST_typ_1_80V_25C 
AN21X4           2      61.488      0.221     13959.835    D_CELLS_MOSST_typ_1_80V_25C 
AN221X1         24     516.499      0.690      5970.540    D_CELLS_MOSST_typ_1_80V_25C 
AN221X4          1      39.967      0.110     17082.789    D_CELLS_MOSST_typ_1_80V_25C 
AN222X1         34     836.237      1.268    122890.921    D_CELLS_MOSST_typ_1_80V_25C 
AN222X2         18     608.731      1.548    188868.173    D_CELLS_MOSST_typ_1_80V_25C 
AN22X1         163    2505.636      4.988    194851.129    D_CELLS_MOSST_typ_1_80V_25C 
AN22X2           1      30.744      0.079      5819.593    D_CELLS_MOSST_typ_1_80V_25C 
AN22X4           1      33.818      0.123         0.000    D_CELLS_MOSST_typ_1_80V_25C 
AN311X1          2      43.042      0.047      4376.179    D_CELLS_MOSST_typ_1_80V_25C 
AN311X4          1      36.893      0.103      6939.515    D_CELLS_MOSST_typ_1_80V_25C 
AN31X1           7     107.604      0.172      9463.830    D_CELLS_MOSST_typ_1_80V_25C 
AN321X1          1      24.595      0.030      2524.465    D_CELLS_MOSST_typ_1_80V_25C 
AN32X0           1      18.446      0.039       722.183    D_CELLS_MOSST_typ_1_80V_25C 
AN32X1           9     166.018      0.275     20738.043    D_CELLS_MOSST_typ_1_80V_25C 
AN32X2           3      92.232      0.236     10831.563    D_CELLS_MOSST_typ_1_80V_25C 
AND2X0           9     110.678      0.366     17177.580    D_CELLS_MOSST_typ_1_80V_25C 
AND2X1         346    4254.970      9.822    777554.016    D_CELLS_MOSST_typ_1_80V_25C 
AND2X2         101    1863.086      4.431    227809.886    D_CELLS_MOSST_typ_1_80V_25C 
AND2X4         166    4593.154     14.714    802701.476    D_CELLS_MOSST_typ_1_80V_25C 
AND3X1          32     491.904      0.751     36773.176    D_CELLS_MOSST_typ_1_80V_25C 
AND3X2          46     989.957      1.716     72521.033    D_CELLS_MOSST_typ_1_80V_25C 
AND3X4          61    2062.922      4.759    281629.272    D_CELLS_MOSST_typ_1_80V_25C 
AND4X1          20     491.904      0.852     46141.817    D_CELLS_MOSST_typ_1_80V_25C 
AND4X2          21     645.624      1.184     65332.698    D_CELLS_MOSST_typ_1_80V_25C 
AND5X1          18     498.053      0.669     16633.797    D_CELLS_MOSST_typ_1_80V_25C 
AND5X2           8     270.547      0.398      9647.215    D_CELLS_MOSST_typ_1_80V_25C 
AND6X1           6     184.464      0.196      1445.929    D_CELLS_MOSST_typ_1_80V_25C 
AND6X2          13     479.606      0.586      3513.124    D_CELLS_MOSST_typ_1_80V_25C 
AO211X1          1      21.521      0.039      5304.905    D_CELLS_MOSST_typ_1_80V_25C 
AO21X1          18     332.035      0.731     39779.467    D_CELLS_MOSST_typ_1_80V_25C 
AO21X2          30     737.856      1.827     42290.640    D_CELLS_MOSST_typ_1_80V_25C 
AO21X4           5     138.348      0.502     15329.168    D_CELLS_MOSST_typ_1_80V_25C 
AO221X2          1      33.818      0.066      5654.804    D_CELLS_MOSST_typ_1_80V_25C 
AO222X0          1      24.595      0.075         0.000    D_CELLS_MOSST_typ_1_80V_25C 
AO222X1         19     525.722      0.902      4944.313    D_CELLS_MOSST_typ_1_80V_25C 
AO222X2          4     135.274      0.268         0.000    D_CELLS_MOSST_typ_1_80V_25C 
AO22X0           2      36.893      0.127        10.159    D_CELLS_MOSST_typ_1_80V_25C 
AO22X1          46     989.957      1.914     95211.947    D_CELLS_MOSST_typ_1_80V_25C 
AO22X2          61    1687.846      3.576     36613.139    D_CELLS_MOSST_typ_1_80V_25C 
AO22X4           8     245.952      0.767         0.220    D_CELLS_MOSST_typ_1_80V_25C 
AO31X1           2      43.042      0.075      2381.852    D_CELLS_MOSST_typ_1_80V_25C 
BUCX6            1      33.818      0.127         0.000    D_CELLS_MOSST_typ_1_80V_25C 
BUX0            25     307.440      1.300     43920.423    D_CELLS_MOSST_typ_1_80V_25C 
BUX1           150    1844.640      5.878    661299.676    D_CELLS_MOSST_typ_1_80V_25C 
BUX12           10     614.880      3.731     72205.912    D_CELLS_MOSST_typ_1_80V_25C 
BUX16            4     332.035      2.029     11434.634    D_CELLS_MOSST_typ_1_80V_25C 
BUX2            79    1214.388      5.075    366840.463    D_CELLS_MOSST_typ_1_80V_25C 
BUX20            1      98.381      0.631     41639.755    D_CELLS_MOSST_typ_1_80V_25C 
BUX3            34     731.707      3.283    198264.988    D_CELLS_MOSST_typ_1_80V_25C 
BUX4            25     614.880      3.212    155058.939    D_CELLS_MOSST_typ_1_80V_25C 
BUX6            19     642.550      3.535    236325.782    D_CELLS_MOSST_typ_1_80V_25C 
BUX8            27    1162.123      6.855    357233.794    D_CELLS_MOSST_typ_1_80V_25C 
DFRQX0          87    4279.565     15.910   1217375.626    D_CELLS_MOSST_typ_1_80V_25C 
DFRQX1         599   31306.615     89.146  12472933.090    D_CELLS_MOSST_typ_1_80V_25C 
DFRQX2         144    7968.845     22.488   5253231.926    D_CELLS_MOSST_typ_1_80V_25C 
DFRQX4          52    3676.982      9.210   2945805.286    D_CELLS_MOSST_typ_1_80V_25C 
DFRRQX1          3     184.464      0.281    145248.597    D_CELLS_MOSST_typ_1_80V_25C 
DFRSQX1          2     122.976      0.271     88515.556    D_CELLS_MOSST_typ_1_80V_25C 
DFRSQX2          9     553.392      1.355    432873.090    D_CELLS_MOSST_typ_1_80V_25C 
DFRSQX4          9     664.070      1.614    556000.099    D_CELLS_MOSST_typ_1_80V_25C 
DFRSX4           8     688.666      1.553    446895.066    D_CELLS_MOSST_typ_1_80V_25C 
DFRX0           19     993.031      3.601     84673.893    D_CELLS_MOSST_typ_1_80V_25C 
DFRX1          557   30823.934     82.900   3913447.685    D_CELLS_MOSST_typ_1_80V_25C 
DFRX2           77    4734.576     12.025    915078.403    D_CELLS_MOSST_typ_1_80V_25C 
DFRX4           14    1162.123      2.499    393558.492    D_CELLS_MOSST_typ_1_80V_25C 
DLLQX1          39    1438.819      3.694   1082817.375    D_CELLS_MOSST_typ_1_80V_25C 
DLY1X0          12     295.142      0.656    104184.270    D_CELLS_MOSST_typ_1_80V_25C 
DLY1X1           8     196.762      0.332     82171.169    D_CELLS_MOSST_typ_1_80V_25C 
DLY2X1           5     153.720      0.195     62263.543    D_CELLS_MOSST_typ_1_80V_25C 
EN2X0           13     199.836      0.617     17927.092    D_CELLS_MOSST_typ_1_80V_25C 
EN2X1          111    2388.809      5.038    398710.194    D_CELLS_MOSST_typ_1_80V_25C 
EN2X2            1      33.818      0.090     20125.802    D_CELLS_MOSST_typ_1_80V_25C 
EN3X1            1      39.967      0.090      7789.066    D_CELLS_MOSST_typ_1_80V_25C 
EO2X0            4      61.488      0.288      8186.641    D_CELLS_MOSST_typ_1_80V_25C 
EO2X1          110    2367.288      5.584    420399.510    D_CELLS_MOSST_typ_1_80V_25C 
EO2X2            2      67.637      0.197     35464.156    D_CELLS_MOSST_typ_1_80V_25C 
EO3X1            1      39.967      0.094     11840.398    D_CELLS_MOSST_typ_1_80V_25C 
HAX0             1      30.744      0.067      8253.734    D_CELLS_MOSST_typ_1_80V_25C 
HAX1            50    1537.200      2.782    266060.272    D_CELLS_MOSST_typ_1_80V_25C 
HAX2            37    1365.034      2.343    202455.228    D_CELLS_MOSST_typ_1_80V_25C 
HAX4             3     138.348      0.230     59171.670    D_CELLS_MOSST_typ_1_80V_25C 
INCX12           1      58.414      0.272      2218.945    D_CELLS_MOSST_typ_1_80V_25C 
INX0            14      86.083      0.372      3409.666    D_CELLS_MOSST_typ_1_80V_25C 
INX1           507    3117.442     10.172    479879.153    D_CELLS_MOSST_typ_1_80V_25C 
INX12           17     993.031      5.765    768866.801    D_CELLS_MOSST_typ_1_80V_25C 
INX16            3     221.357      1.414     72126.871    D_CELLS_MOSST_typ_1_80V_25C 
INX2           258    2379.586     10.414    385495.741    D_CELLS_MOSST_typ_1_80V_25C 
INX20            2     190.613      1.257    224640.167    D_CELLS_MOSST_typ_1_80V_25C 
INX3            42     645.624      2.581    122486.572    D_CELLS_MOSST_typ_1_80V_25C 
INX4            81    1494.158      6.842    270574.139    D_CELLS_MOSST_typ_1_80V_25C 
INX6            39     839.311      4.488    114720.872    D_CELLS_MOSST_typ_1_80V_25C 
INX8           101    3105.144     16.690    615440.013    D_CELLS_MOSST_typ_1_80V_25C 
MU2IX1         115    2121.336      5.335    320064.660    D_CELLS_MOSST_typ_1_80V_25C 
MU2IX2           1      36.893      0.100       486.029    D_CELLS_MOSST_typ_1_80V_25C 
MU2IX4           1      67.637      0.149     44167.284    D_CELLS_MOSST_typ_1_80V_25C 
MU2X1            2      49.190      0.123      8364.211    D_CELLS_MOSST_typ_1_80V_25C 
MU2X2            5     122.976      0.382     29607.193    D_CELLS_MOSST_typ_1_80V_25C 
NA2I1X1        180    2766.960      7.043    146473.961    D_CELLS_MOSST_typ_1_80V_25C 
NA2I1X2         88    1623.283      4.821    248305.952    D_CELLS_MOSST_typ_1_80V_25C 
NA2I1X4        122    3750.768     13.024   1150472.300    D_CELLS_MOSST_typ_1_80V_25C 
NA2X0           15     138.348      0.380      8244.271    D_CELLS_MOSST_typ_1_80V_25C 
NA2X1         1383   12755.686     26.218    540726.781    D_CELLS_MOSST_typ_1_80V_25C 
NA2X2          829   12743.388     31.428    952305.168    D_CELLS_MOSST_typ_1_80V_25C 
NA2X4          913   28069.272     69.225   3442825.309    D_CELLS_MOSST_typ_1_80V_25C 
NA3I1X0          4      61.488      0.187      5480.825    D_CELLS_MOSST_typ_1_80V_25C 
NA3I1X1         22     405.821      0.817     59066.198    D_CELLS_MOSST_typ_1_80V_25C 
NA3I1X2         47    1300.471      2.395    144937.871    D_CELLS_MOSST_typ_1_80V_25C 
NA3I1X4         60    2398.032      6.057    380062.777    D_CELLS_MOSST_typ_1_80V_25C 
NA3I2X1          9     193.687      0.515     33841.593    D_CELLS_MOSST_typ_1_80V_25C 
NA3I2X2         25     768.600      1.699     60386.307    D_CELLS_MOSST_typ_1_80V_25C 
NA3I2X4         13     639.475      1.758     64197.016    D_CELLS_MOSST_typ_1_80V_25C 
NA3X0            2      24.595      0.043      1063.361    D_CELLS_MOSST_typ_1_80V_25C 
NA3X1          143    1758.557      2.407    109924.904    D_CELLS_MOSST_typ_1_80V_25C 
NA3X2          318    7821.274     10.771    751578.874    D_CELLS_MOSST_typ_1_80V_25C 
NA3X4          165    7609.140     11.177    518297.961    D_CELLS_MOSST_typ_1_80V_25C 
NA4I2X2          1      33.818      0.126     14523.502    D_CELLS_MOSST_typ_1_80V_25C 
NA4I3X2          1      39.967      0.146      5184.015    D_CELLS_MOSST_typ_1_80V_25C 
NA4X1            2      55.339      0.131      8435.749    D_CELLS_MOSST_typ_1_80V_25C 
NA4X2            3     101.455      0.278     18968.737    D_CELLS_MOSST_typ_1_80V_25C 
NA6X2            2      79.934      0.169       503.673    D_CELLS_MOSST_typ_1_80V_25C 
NA6X4            2     104.530      0.297      1941.121    D_CELLS_MOSST_typ_1_80V_25C 
NO2I1X0          5      61.488      0.256      9761.204    D_CELLS_MOSST_typ_1_80V_25C 
NO2I1X1        261    3209.674     10.374    239416.973    D_CELLS_MOSST_typ_1_80V_25C 
NO2I1X2        117    2517.934      6.564    482433.286    D_CELLS_MOSST_typ_1_80V_25C 
NO2I1X4         64    1967.616      6.283    387311.377    D_CELLS_MOSST_typ_1_80V_25C 
NO2X0            5      46.116      0.129      2268.483    D_CELLS_MOSST_typ_1_80V_25C 
NO2X1          618    5699.938     12.099    340341.624    D_CELLS_MOSST_typ_1_80V_25C 
NO2X2          565    8685.180     22.121    992087.486    D_CELLS_MOSST_typ_1_80V_25C 
NO2X4          433   11980.937     31.158   1362321.292    D_CELLS_MOSST_typ_1_80V_25C 
NO3I1X1          5      92.232      0.183     22346.626    D_CELLS_MOSST_typ_1_80V_25C 
NO3I1X2         12     332.035      0.598     33879.180    D_CELLS_MOSST_typ_1_80V_25C 
NO3I1X4          3     138.348      0.272     29281.726    D_CELLS_MOSST_typ_1_80V_25C 
NO3I2X1          3      64.562      0.170         0.000    D_CELLS_MOSST_typ_1_80V_25C 
NO3I2X2          8     270.547      0.534     25821.567    D_CELLS_MOSST_typ_1_80V_25C 
NO3I2X4          1      49.190      0.117         0.000    D_CELLS_MOSST_typ_1_80V_25C 
NO3X1           43     660.996      0.705     11139.862    D_CELLS_MOSST_typ_1_80V_25C 
NO3X2           80    1967.616      2.622     75057.422    D_CELLS_MOSST_typ_1_80V_25C 
NO3X4           71    2837.671      4.444    140652.091    D_CELLS_MOSST_typ_1_80V_25C 
NO4I1X4          1      43.042      0.118      4724.901    D_CELLS_MOSST_typ_1_80V_25C 
NO4I2X1          1      30.744      0.073     11149.269    D_CELLS_MOSST_typ_1_80V_25C 
NO4X2            1      30.744      0.064         0.000    D_CELLS_MOSST_typ_1_80V_25C 
NO4X4            3     110.678      0.297     39761.941    D_CELLS_MOSST_typ_1_80V_25C 
NO5I2X1          2      67.637      0.133      5517.571    D_CELLS_MOSST_typ_1_80V_25C 
NO5I2X4          4     172.166      0.403         0.000    D_CELLS_MOSST_typ_1_80V_25C 
NO5I3X2          1      36.893      0.073         0.000    D_CELLS_MOSST_typ_1_80V_25C 
NO5I4X4          1      46.116      0.120      1413.380    D_CELLS_MOSST_typ_1_80V_25C 
NO5X0            1      33.818      0.071      2501.241    D_CELLS_MOSST_typ_1_80V_25C 
NO5X4            2      79.934      0.183         4.833    D_CELLS_MOSST_typ_1_80V_25C 
NO6I1X4          1      52.265      0.128      6813.517    D_CELLS_MOSST_typ_1_80V_25C 
NO6X4            1      46.116      0.085         0.260    D_CELLS_MOSST_typ_1_80V_25C 
OA211X1          1      21.521      0.028      3339.818    D_CELLS_MOSST_typ_1_80V_25C 
OA211X2          2      49.190      0.080      3381.901    D_CELLS_MOSST_typ_1_80V_25C 
OA211X4          4     122.976      0.289     15440.731    D_CELLS_MOSST_typ_1_80V_25C 
OA21X0           1      15.372      0.052       253.910    D_CELLS_MOSST_typ_1_80V_25C 
OA21X1          13     239.803      0.457      4231.698    D_CELLS_MOSST_typ_1_80V_25C 
OA21X2          10     215.208      0.503     23720.103    D_CELLS_MOSST_typ_1_80V_25C 
OA21X4           6     166.018      0.531     25671.003    D_CELLS_MOSST_typ_1_80V_25C 
OA221X1          1      24.595      0.035      1840.713    D_CELLS_MOSST_typ_1_80V_25C 
OA221X2          1      27.670      0.049      6142.211    D_CELLS_MOSST_typ_1_80V_25C 
OA222X1          7     193.687      0.293         0.521    D_CELLS_MOSST_typ_1_80V_25C 
OA222X2          2      61.488      0.117         3.125    D_CELLS_MOSST_typ_1_80V_25C 
OA22X1         101    2173.601      4.146      3037.394    D_CELLS_MOSST_typ_1_80V_25C 
OA22X2          42    1032.998      2.526     49842.412    D_CELLS_MOSST_typ_1_80V_25C 
OA22X4           8     245.952      0.828     12569.397    D_CELLS_MOSST_typ_1_80V_25C 
OA31X1           2      43.042      0.073      3533.133    D_CELLS_MOSST_typ_1_80V_25C 
ON211X0          1      15.372      0.026       307.083    D_CELLS_MOSST_typ_1_80V_25C 
ON211X1         16     295.142      0.330     23460.482    D_CELLS_MOSST_typ_1_80V_25C 
ON21X0           1      12.298      0.031       383.957    D_CELLS_MOSST_typ_1_80V_25C 
ON21X1         127    1952.244      3.074     92379.169    D_CELLS_MOSST_typ_1_80V_25C 
ON221X1         15     368.928      0.409     17941.387    D_CELLS_MOSST_typ_1_80V_25C 
ON222X1          1      27.670      0.035         0.521    D_CELLS_MOSST_typ_1_80V_25C 
ON22X0           8     122.976      0.285         3.646    D_CELLS_MOSST_typ_1_80V_25C 
ON22X1         153    2822.299      4.678     18051.808    D_CELLS_MOSST_typ_1_80V_25C 
ON22X2           8     245.952      0.587         0.000    D_CELLS_MOSST_typ_1_80V_25C 
ON22X4           1      33.818      0.119         0.260    D_CELLS_MOSST_typ_1_80V_25C 
ON311X1          1      18.446      0.022      1167.457    D_CELLS_MOSST_typ_1_80V_25C 
ON31X1           2      36.893      0.051      1213.102    D_CELLS_MOSST_typ_1_80V_25C 
ON321X1          1      24.595      0.028      5923.111    D_CELLS_MOSST_typ_1_80V_25C 
OR2X1           79     971.510      3.358    108203.160    D_CELLS_MOSST_typ_1_80V_25C 
OR2X2           56     860.832      3.487    199317.341    D_CELLS_MOSST_typ_1_80V_25C 
OR2X4           64    1574.093      6.854    344404.701    D_CELLS_MOSST_typ_1_80V_25C 
OR3X1            2      36.893      0.080     10762.194    D_CELLS_MOSST_typ_1_80V_25C 
OR3X2            2      43.042      0.128     12633.748    D_CELLS_MOSST_typ_1_80V_25C 
OR3X4            4     135.274      0.488      1496.857    D_CELLS_MOSST_typ_1_80V_25C 
OR4X1            9     221.357      0.513      4960.008    D_CELLS_MOSST_typ_1_80V_25C 
OR4X2           12     368.928      0.822     41134.734    D_CELLS_MOSST_typ_1_80V_25C 
OR5X1            6     166.018      0.304     12697.476    D_CELLS_MOSST_typ_1_80V_25C 
OR5X2            4     135.274      0.247      1060.466    D_CELLS_MOSST_typ_1_80V_25C 
OR6X1            3     101.455      0.217      9825.202    D_CELLS_MOSST_typ_1_80V_25C 
OR6X2           11     507.276      0.852     44235.781    D_CELLS_MOSST_typ_1_80V_25C 
SDFRQX1         32    2262.758      5.868   1757725.670    D_CELLS_MOSST_typ_1_80V_25C 
---------------------------------------------------------------------------------------
total        12566  295136.251    768.350  56620099.928                                


                                             Leakage  Leakage   Internal   Internal 
     Type      Instances    Area    Area % Power (nW) Power %  Power (nW)   Power % 
------------------------------------------------------------------------------------
sequential          1651  90860.818   30.8    252.415    32.9 31706179.855     56.0 
inverter            1065  13130.762    4.4     60.267     7.8  3059858.941      5.4 
buffer               400   8242.466    2.8     36.839     4.8  2392843.347      4.2 
logic               9450 182902.205   62.0    418.829    54.5 19461217.786     34.4 
physical_cells         0      0.000    0.0      0.000     0.0        0.000      0.0 
------------------------------------------------------------------------------------
total              12566 295136.251  100.0    768.350   100.0 56620099.928    100.0 

