============================================================
  Generated by:           Genus(TM) Synthesis Solution GENUS15.22 - 15.20-s024_1
  Generated on:           Dec 15 2022  03:01:16 pm
  Module:                 riscv_steel_core
  Interconnect mode:      global
  Area mode:              physical library
============================================================


Path 1: VIOLATED (-1356 ps) Setup Check with Pin program_counter_reg[22]/C->D
          Group: C2C
     Startpoint: (R) alu_2nd_operand_source_stage3_reg/C
          Clock: (R) clock
       Endpoint: (F) program_counter_reg[22]/D
          Clock: (R) clock

                     Capture       Launch     
        Clock Edge:+    2000            0     
       Src Latency:+       0            0     
       Net Latency:+       0 (I)        0 (I) 
           Arrival:=    2000            0     
                                              
             Setup:-     138                  
     Required Time:=    1862                  
      Launch Clock:-       0                  
         Data Path:-    3217                  
             Slack:=   -1356                  

#-----------------------------------------------------------------------------------------------------------------------
#                     Timing Point                       Flags   Arc   Edge   Cell     Fanout  Load Trans Delay Arrival 
#                                                                                              (fF)  (ps)  (ps)   (ps)  
#-----------------------------------------------------------------------------------------------------------------------
  alu_2nd_operand_source_stage3_reg/C                    -       -     R     (arrival)    467     -     0     -       0 
  alu_2nd_operand_source_stage3_reg/Q                    -       C->Q  F     DFRSQX4        1  44.1   111   276     276 
  fopt29/Q                                               -       A->Q  R     INX8           3  96.0    79    67     342 
  fopt132375/Q                                           -       A->Q  F     INX6           2  84.6    84    69     411 
  g139019/Q                                              -       A->Q  R     INX8           9 117.3    86    68     479 
  g139023/Q                                              -       A->Q  F     INX4           5  64.2    81    68     547 
  g139027/Q                                              -       A->Q  R     NA2X4          2  29.1   107    74     621 
  g135527/Q                                              -       A->Q  F     NA2X4          2  24.3    66    52     673 
  g160470/Q                                              -       A->Q  R     NA2X4          2  29.8   108    71     744 
  g138961/Q                                              -       A->Q  F     NA3X2          2  25.9   137    87     832 
  g155354/Q                                              -       C->Q  F     AND3X4         4  53.3    85   188    1020 
  g155357/Q                                              -       B->Q  R     NO2X2          1  18.1   144   110    1130 
  g154867/Q                                              -       A->Q  F     NO2X4          3  35.6    80    60    1190 
  g155284/Q                                              -       A->Q  R     NO2X4          1  22.8   111    77    1267 
  g155282/Q                                              -       B->Q  F     NA3X4          2  27.6    92    72    1339 
  g154058/Q                                              -       A->Q  R     NA3X4          9  86.0   251   147    1485 
  rv32i_alu_instance_csa_tree_add_626_25_groupi_g24200/Q -       A->Q  F     NA2X2          2  26.7   128    92    1578 
  g136743/Q                                              -       A->Q  R     NA2X4          1  18.0    86    72    1650 
  g133417/Q                                              -       A->Q  F     NA2X4          1  18.0    56    44    1694 
  g133416/Q                                              -       A->Q  R     NA2X4          2  26.7   103    65    1759 
  g155222/Q                                              -       A->Q  F     NA2X2          1  22.8    96    71    1830 
  g155220/Q                                              -       B->Q  R     NA3X4          2  36.5   153   110    1940 
  fopt157429/Q                                           -       A->Q  F     INX4           2  32.2    63    52    1991 
  g138177/Q                                              -       B->Q  R     NO2X4          4  47.7   173   122    2113 
  g138179/Q                                              -       A->Q  F     NO2X4          1  18.1    57    45    2158 
  g132827/Q                                              -       B->Q  R     NO2I1X4        1  18.1   100    65    2223 
  g132826/Q                                              -       A->Q  F     NO2X4          2  23.2    58    46    2270 
  g154644/Q                                              -       AN->Q F     NA3I2X4        1  18.1    80   114    2384 
  g137938/Q                                              -       A->Q  R     NO2X4          1  18.0    99    70    2454 
  g137937/Q                                              -       A->Q  F     NA2X4          2  23.0    64    50    2504 
  g140026/Q                                              -       AN->Q F     NA2I1X4        1  18.0    58   106    2610 
  g1557/Q                                                -       A->Q  R     NA2X4          2  21.0    91    60    2670 
  g127975_dup/Q                                          -       A->Q  R     OR2X4          1  18.7    61    90    2759 
  g139983/Q                                              -       A->Q  F     NA3X4          3  37.6   112    67    2826 
  g156021/Q                                              -       A->Q  R     NA2X4          1  44.1   135    99    2925 
  g156020/Q                                              -       A->Q  F     INX8          30 194.9   121    97    3022 
  g11380/Q                                               -       A->Q  R     NA2X1          1  14.7   167   119    3141 
  g11345/Q                                               -       B->Q  F     NA3X2          2  14.6   101    76    3217 
  program_counter_reg[22]/D                              -       -     F     DFRX1          2     -     -     0    3217 
#-----------------------------------------------------------------------------------------------------------------------

