============================================================
  Generated by:           Genus(TM) Synthesis Solution GENUS15.22 - 15.20-s024_1
  Generated on:           Dec 15 2022  03:01:17 pm
  Module:                 riscv_steel_core
  Interconnect mode:      global
  Area mode:              physical library
============================================================


Path 1: VIOLATED (-1263 ps) Setup Check with Pin csr_file_instance_RC_CG_HIER_INST7/enl_reg/GN->D
          Group: cg_enable_group_clock
     Startpoint: (R) alu_2nd_operand_source_stage3_reg/C
          Clock: (R) clock
       Endpoint: (F) csr_file_instance_RC_CG_HIER_INST7/enl_reg/D
          Clock: (R) clock

                     Capture       Launch     
        Clock Edge:+    2000            0     
       Src Latency:+       0            0     
       Net Latency:+       0 (I)        0 (I) 
           Arrival:=    2000            0     
                                              
             Setup:-     163                  
     Required Time:=    1837                  
      Launch Clock:-       0                  
         Data Path:-    3100                  
             Slack:=   -1263                  

#-------------------------------------------------------------------------------------------------------------
#                Timing Point                  Flags   Arc   Edge   Cell     Fanout  Load Trans Delay Arrival 
#                                                                                    (fF)  (ps)  (ps)   (ps)  
#-------------------------------------------------------------------------------------------------------------
  alu_2nd_operand_source_stage3_reg/C          -       -     R     (arrival)    467     -     0     -       0 
  alu_2nd_operand_source_stage3_reg/Q          -       C->Q  F     DFRSQX4        1  44.1   111   276     276 
  fopt29/Q                                     -       A->Q  R     INX8           3  96.0    79    67     342 
  fopt132375/Q                                 -       A->Q  F     INX6           2  84.6    84    69     411 
  g139019/Q                                    -       A->Q  R     INX8           9 117.3    86    68     479 
  g139023/Q                                    -       A->Q  F     INX4           5  64.2    81    68     547 
  g139027/Q                                    -       A->Q  R     NA2X4          2  29.1   107    74     621 
  g135527/Q                                    -       A->Q  F     NA2X4          2  24.3    66    52     673 
  g160470/Q                                    -       A->Q  R     NA2X4          2  29.8   108    71     744 
  g138961/Q                                    -       A->Q  F     NA3X2          2  25.9   137    87     832 
  g155354/Q                                    -       C->Q  F     AND3X4         4  53.3    85   188    1020 
  g155357/Q                                    -       B->Q  R     NO2X2          1  18.1   144   110    1130 
  g154867/Q                                    -       A->Q  F     NO2X4          3  35.6    80    60    1190 
  g155284/Q                                    -       A->Q  R     NO2X4          1  22.8   111    77    1267 
  g155282/Q                                    -       B->Q  F     NA3X4          2  27.6    92    72    1339 
  g154058/Q                                    -       A->Q  R     NA3X4          9  86.0   251   147    1485 
  g62/Q                                        -       A->Q  F     NA2X4          2  24.0    90    59    1545 
  g133802/Q                                    -       A->Q  R     NA3X2          1  18.0   151    92    1637 
  g133801/Q                                    -       A->Q  F     NA2X4          1  18.0    66    48    1685 
  g138892/Q                                    -       A->Q  R     NA2X4          1  18.0    86    58    1743 
  g154455/Q                                    -       A->Q  F     NA2X4          2  32.4    75    56    1800 
  g154458/Q                                    -       A->Q  R     NA2X4          2  26.7   102    70    1870 
  g156044/Q                                    -       A->Q  F     NA2X4          2  26.8    68    54    1924 
  g156048/Q                                    -       A->Q  R     NA2X4          2  42.5   132    86    2009 
  g156047/Q                                    -       A->Q  F     INX4           2  26.7    55    46    2055 
  g164010/Q                                    -       A->Q  R     NA2X4          2  33.7   121    73    2128 
  g154797/Q                                    -       B->Q  R     AND2X4         2  24.3    75   111    2239 
  g154796/Q                                    -       A->Q  F     NA2X4          1  18.3    55    43    2282 
  g139397/Q                                    -       A->Q  R     NO3X4          1  22.8   172    87    2369 
  g139396/Q                                    -       B->Q  F     NA3X4          2  37.9   114    86    2455 
  g129227/Q                                    -       B->Q  R     NO2X4          1  25.0   118    99    2554 
  g1552/Q                                      -       B->Q  F     NO3X4          1  23.4    76    67    2621 
  g139610/Q                                    -       B->Q  R     NO2X4          3  42.8   160   118    2738 
  g139988/Q                                    -       A->Q  R     AND3X4         1  18.0    69   123    2861 
  g139648/Q                                    -       A->Q  F     NA2X4          1  18.0    54    42    2903 
  g139647/Q                                    -       A->Q  R     NA2X4          1  18.0    86    55    2958 
  g139646/Q                                    -       A->Q  F     NA2X4          1  12.3    49    39    2997 
  csr_file_instance_RC_CG_HIER_INST7/g7/Q      -       A->Q  F     OR2X4          1   9.4    40   103    3100 
  csr_file_instance_RC_CG_HIER_INST7/enl_reg/D -       -     F     DLLQX1         1     -     -     0    3100 
#-------------------------------------------------------------------------------------------------------------

