============================================================
  Generated by:           Genus(TM) Synthesis Solution GENUS15.22 - 15.20-s024_1
  Generated on:           Dec 15 2022  02:34:42 pm
  Module:                 riscv_steel_core
  Interconnect mode:      global
  Area mode:              physical library
============================================================

Timing
--------

Clock Period 
-------------
clock 2000.0 


         Cost           Critical             Violating 
        Group          Path Slack    TNS       Paths   
-------------------------------------------------------
C2C                       -1819.1   -633252       1374 
C2O                      No paths         0            
cg_enable_group_clock     -1879.8     -1879          1 
clock                       -77.5       -77          1 
default                  No paths         0            
I2C                       -1261.1    -74710         88 
I2O                      No paths         0            
-------------------------------------------------------
Total                               -709920       1464 

Instance Count
--------------
Leaf Instance Count             12851 
Sequential Instance Count        1651 
Combinational Instance Count    11200 
Hierarchical Instance Count        40 

Area
----
Cell Area                          276779.009
Physical Cell Area                 0.000
Total Cell Area (Cell+Physical)    276779.009
Net Area                           145328.858
Total Area (Cell+Physical+Net)     422107.867

Runtime                            -579.828 seconds
Elapsed Runtime                    531 seconds
Genus peak memory usage            673.79 
Innovus peak memory usage          no_value 
Hostname                           pgmicro01
