============================================================
  Generated by:           Genus(TM) Synthesis Solution GENUS15.22 - 15.20-s024_1
  Generated on:           Dec 15 2022  02:34:42 pm
  Module:                 riscv_steel_core
  Interconnect mode:      global
  Area mode:              physical library
============================================================

                               
  Gate   Instances     Area                Library            
--------------------------------------------------------------
AN211X1         12     221.357    D_CELLS_MOSST_typ_1_80V_25C 
AN21X1         195    2398.032    D_CELLS_MOSST_typ_1_80V_25C 
AN221X1         18     387.374    D_CELLS_MOSST_typ_1_80V_25C 
AN222X0         30     645.624    D_CELLS_MOSST_typ_1_80V_25C 
AN222X1         23     565.690    D_CELLS_MOSST_typ_1_80V_25C 
AN22X1         155    2382.660    D_CELLS_MOSST_typ_1_80V_25C 
AN311X1          6     129.125    D_CELLS_MOSST_typ_1_80V_25C 
AN31X1           4      61.488    D_CELLS_MOSST_typ_1_80V_25C 
AN321X1          1      24.595    D_CELLS_MOSST_typ_1_80V_25C 
AN32X1          11     202.910    D_CELLS_MOSST_typ_1_80V_25C 
AND2X1         419    5152.694    D_CELLS_MOSST_typ_1_80V_25C 
AND2X2         102    1881.533    D_CELLS_MOSST_typ_1_80V_25C 
AND2X4         152    4205.779    D_CELLS_MOSST_typ_1_80V_25C 
AND3X1          30     461.160    D_CELLS_MOSST_typ_1_80V_25C 
AND3X2          19     408.895    D_CELLS_MOSST_typ_1_80V_25C 
AND3X4          33    1116.007    D_CELLS_MOSST_typ_1_80V_25C 
AND4X1          17     418.118    D_CELLS_MOSST_typ_1_80V_25C 
AND4X2          11     338.184    D_CELLS_MOSST_typ_1_80V_25C 
AND5X1          15     415.044    D_CELLS_MOSST_typ_1_80V_25C 
AND5X2           5     169.092    D_CELLS_MOSST_typ_1_80V_25C 
AND6X1           4     122.976    D_CELLS_MOSST_typ_1_80V_25C 
AND6X2          15     553.392    D_CELLS_MOSST_typ_1_80V_25C 
AO211X1          1      21.521    D_CELLS_MOSST_typ_1_80V_25C 
AO21X1          23     424.267    D_CELLS_MOSST_typ_1_80V_25C 
AO21X2           8     196.762    D_CELLS_MOSST_typ_1_80V_25C 
AO21X4           3      83.009    D_CELLS_MOSST_typ_1_80V_25C 
AO221X1          1      24.595    D_CELLS_MOSST_typ_1_80V_25C 
AO222X1         25     691.740    D_CELLS_MOSST_typ_1_80V_25C 
AO22X1          40     860.832    D_CELLS_MOSST_typ_1_80V_25C 
AO22X2           4     110.678    D_CELLS_MOSST_typ_1_80V_25C 
AO22X4           2      61.488    D_CELLS_MOSST_typ_1_80V_25C 
BUX1           232    2853.043    D_CELLS_MOSST_typ_1_80V_25C 
BUX12            5     307.440    D_CELLS_MOSST_typ_1_80V_25C 
BUX2           131    2013.732    D_CELLS_MOSST_typ_1_80V_25C 
BUX3            17     365.854    D_CELLS_MOSST_typ_1_80V_25C 
BUX4            26     639.475    D_CELLS_MOSST_typ_1_80V_25C 
BUX6            13     439.639    D_CELLS_MOSST_typ_1_80V_25C 
BUX8            14     602.582    D_CELLS_MOSST_typ_1_80V_25C 
DFRQX0         126    6197.990    D_CELLS_MOSST_typ_1_80V_25C 
DFRQX1         592   30940.762    D_CELLS_MOSST_typ_1_80V_25C 
DFRQX2         157    8688.254    D_CELLS_MOSST_typ_1_80V_25C 
DFRQX4          33    2333.470    D_CELLS_MOSST_typ_1_80V_25C 
DFRRQX2          3     193.687    D_CELLS_MOSST_typ_1_80V_25C 
DFRSQX2         10     614.880    D_CELLS_MOSST_typ_1_80V_25C 
DFRSQX4         10     737.856    D_CELLS_MOSST_typ_1_80V_25C 
DFRSX4           8     688.666    D_CELLS_MOSST_typ_1_80V_25C 
DFRX0           32    1672.474    D_CELLS_MOSST_typ_1_80V_25C 
DFRX1          599   33148.181    D_CELLS_MOSST_typ_1_80V_25C 
DFRX2            4     245.952    D_CELLS_MOSST_typ_1_80V_25C 
DFRX4            6     498.053    D_CELLS_MOSST_typ_1_80V_25C 
DLLQX1          39    1438.819    D_CELLS_MOSST_typ_1_80V_25C 
EN2X0           13     199.836    D_CELLS_MOSST_typ_1_80V_25C 
EN2X1           76    1635.581    D_CELLS_MOSST_typ_1_80V_25C 
EN3X1            1      39.967    D_CELLS_MOSST_typ_1_80V_25C 
EO2X0            8     122.976    D_CELLS_MOSST_typ_1_80V_25C 
EO2X1          118    2539.454    D_CELLS_MOSST_typ_1_80V_25C 
HAX0             1      30.744    D_CELLS_MOSST_typ_1_80V_25C 
HAX1            52    1598.688    D_CELLS_MOSST_typ_1_80V_25C 
HAX2            31    1143.677    D_CELLS_MOSST_typ_1_80V_25C 
HAX4             2      92.232    D_CELLS_MOSST_typ_1_80V_25C 
INCX12          22    1285.099    D_CELLS_MOSST_typ_1_80V_25C 
INX0             2      12.298    D_CELLS_MOSST_typ_1_80V_25C 
INX1           639    3929.083    D_CELLS_MOSST_typ_1_80V_25C 
INX12           11     642.550    D_CELLS_MOSST_typ_1_80V_25C 
INX16            3     221.357    D_CELLS_MOSST_typ_1_80V_25C 
INX2           256    2361.139    D_CELLS_MOSST_typ_1_80V_25C 
INX3            74    1137.528    D_CELLS_MOSST_typ_1_80V_25C 
INX4            71    1309.694    D_CELLS_MOSST_typ_1_80V_25C 
INX6            53    1140.602    D_CELLS_MOSST_typ_1_80V_25C 
INX8            66    2029.104    D_CELLS_MOSST_typ_1_80V_25C 
MU2IX1         111    2047.550    D_CELLS_MOSST_typ_1_80V_25C 
MU2IX2           5     184.464    D_CELLS_MOSST_typ_1_80V_25C 
MU2IX4           1      67.637    D_CELLS_MOSST_typ_1_80V_25C 
MU2X1            1      24.595    D_CELLS_MOSST_typ_1_80V_25C 
NA2I1X0          7      86.083    D_CELLS_MOSST_typ_1_80V_25C 
NA2I1X1        205    3151.260    D_CELLS_MOSST_typ_1_80V_25C 
NA2I1X2        150    2766.960    D_CELLS_MOSST_typ_1_80V_25C 
NA2I1X4        163    5011.272    D_CELLS_MOSST_typ_1_80V_25C 
NA2X1         1747   16112.930    D_CELLS_MOSST_typ_1_80V_25C 
NA2X2          928   14265.216    D_CELLS_MOSST_typ_1_80V_25C 
NA2X4          607   18661.608    D_CELLS_MOSST_typ_1_80V_25C 
NA3I1X0          1      15.372    D_CELLS_MOSST_typ_1_80V_25C 
NA3I1X1         16     295.142    D_CELLS_MOSST_typ_1_80V_25C 
NA3I1X2         31     857.758    D_CELLS_MOSST_typ_1_80V_25C 
NA3I1X4         47    1878.458    D_CELLS_MOSST_typ_1_80V_25C 
NA3I2X1          5     107.604    D_CELLS_MOSST_typ_1_80V_25C 
NA3I2X2          8     245.952    D_CELLS_MOSST_typ_1_80V_25C 
NA3I2X4          4     196.762    D_CELLS_MOSST_typ_1_80V_25C 
NA3X1          160    1967.616    D_CELLS_MOSST_typ_1_80V_25C 
NA3X2          225    5533.920    D_CELLS_MOSST_typ_1_80V_25C 
NA3X4           87    4012.092    D_CELLS_MOSST_typ_1_80V_25C 
NA4X1            1      27.670    D_CELLS_MOSST_typ_1_80V_25C 
NA4X2            1      33.818    D_CELLS_MOSST_typ_1_80V_25C 
NA6X2            1      39.967    D_CELLS_MOSST_typ_1_80V_25C 
NA6X4            4     209.059    D_CELLS_MOSST_typ_1_80V_25C 
NO2I1X1        294    3615.494    D_CELLS_MOSST_typ_1_80V_25C 
NO2I1X2        116    2496.413    D_CELLS_MOSST_typ_1_80V_25C 
NO2I1X4         74    2275.056    D_CELLS_MOSST_typ_1_80V_25C 
NO2X0            1       9.223    D_CELLS_MOSST_typ_1_80V_25C 
NO2X1          974    8983.397    D_CELLS_MOSST_typ_1_80V_25C 
NO2X2          636    9776.592    D_CELLS_MOSST_typ_1_80V_25C 
NO2X4          360    9961.056    D_CELLS_MOSST_typ_1_80V_25C 
NO3I1X1          8     147.571    D_CELLS_MOSST_typ_1_80V_25C 
NO3I1X2          9     249.026    D_CELLS_MOSST_typ_1_80V_25C 
NO3I1X4          1      46.116    D_CELLS_MOSST_typ_1_80V_25C 
NO3I2X1          2      43.042    D_CELLS_MOSST_typ_1_80V_25C 
NO3I2X2          2      67.637    D_CELLS_MOSST_typ_1_80V_25C 
NO3I2X4          1      49.190    D_CELLS_MOSST_typ_1_80V_25C 
NO3X1           59     906.948    D_CELLS_MOSST_typ_1_80V_25C 
NO3X2           76    1869.235    D_CELLS_MOSST_typ_1_80V_25C 
NO3X4           54    2158.229    D_CELLS_MOSST_typ_1_80V_25C 
NO4X4            1      36.893    D_CELLS_MOSST_typ_1_80V_25C 
NO5I2X1          1      33.818    D_CELLS_MOSST_typ_1_80V_25C 
NO5X4            2      79.934    D_CELLS_MOSST_typ_1_80V_25C 
NO6I1X4          1      52.265    D_CELLS_MOSST_typ_1_80V_25C 
NO6I2X4          1      52.265    D_CELLS_MOSST_typ_1_80V_25C 
NO6X1            1      36.893    D_CELLS_MOSST_typ_1_80V_25C 
NO6X4            2      92.232    D_CELLS_MOSST_typ_1_80V_25C 
OA211X0          1      18.446    D_CELLS_MOSST_typ_1_80V_25C 
OA211X1          4      86.083    D_CELLS_MOSST_typ_1_80V_25C 
OA211X2          2      49.190    D_CELLS_MOSST_typ_1_80V_25C 
OA211X4          1      30.744    D_CELLS_MOSST_typ_1_80V_25C 
OA21X0           1      15.372    D_CELLS_MOSST_typ_1_80V_25C 
OA21X1           8     147.571    D_CELLS_MOSST_typ_1_80V_25C 
OA21X2           6     129.125    D_CELLS_MOSST_typ_1_80V_25C 
OA21X4           5     138.348    D_CELLS_MOSST_typ_1_80V_25C 
OA222X1          8     221.357    D_CELLS_MOSST_typ_1_80V_25C 
OA222X2          1      30.744    D_CELLS_MOSST_typ_1_80V_25C 
OA22X1          94    2022.955    D_CELLS_MOSST_typ_1_80V_25C 
OA22X2          14     344.333    D_CELLS_MOSST_typ_1_80V_25C 
OA22X4           8     245.952    D_CELLS_MOSST_typ_1_80V_25C 
OA31X1           1      21.521    D_CELLS_MOSST_typ_1_80V_25C 
ON211X0          2      30.744    D_CELLS_MOSST_typ_1_80V_25C 
ON211X1         13     239.803    D_CELLS_MOSST_typ_1_80V_25C 
ON21X0           4      49.190    D_CELLS_MOSST_typ_1_80V_25C 
ON21X1          97    1491.084    D_CELLS_MOSST_typ_1_80V_25C 
ON21X4           1      30.744    D_CELLS_MOSST_typ_1_80V_25C 
ON221X1          6     147.571    D_CELLS_MOSST_typ_1_80V_25C 
ON222X1          2      55.339    D_CELLS_MOSST_typ_1_80V_25C 
ON22X0          45     691.740    D_CELLS_MOSST_typ_1_80V_25C 
ON22X1         114    2102.890    D_CELLS_MOSST_typ_1_80V_25C 
ON22X4           1      33.818    D_CELLS_MOSST_typ_1_80V_25C 
ON311X1          1      18.446    D_CELLS_MOSST_typ_1_80V_25C 
ON31X1           1      18.446    D_CELLS_MOSST_typ_1_80V_25C 
ON321X1          1      24.595    D_CELLS_MOSST_typ_1_80V_25C 
ON32X1           1      21.521    D_CELLS_MOSST_typ_1_80V_25C 
OR2X1          126    1549.498    D_CELLS_MOSST_typ_1_80V_25C 
OR2X2           39     599.508    D_CELLS_MOSST_typ_1_80V_25C 
OR2X4           45    1106.784    D_CELLS_MOSST_typ_1_80V_25C 
OR3X2            2      43.042    D_CELLS_MOSST_typ_1_80V_25C 
OR3X4            2      67.637    D_CELLS_MOSST_typ_1_80V_25C 
OR4X1            7     172.166    D_CELLS_MOSST_typ_1_80V_25C 
OR4X2            2      61.488    D_CELLS_MOSST_typ_1_80V_25C 
OR5X1            5     138.348    D_CELLS_MOSST_typ_1_80V_25C 
OR5X2            3     101.455    D_CELLS_MOSST_typ_1_80V_25C 
OR6X1            3     101.455    D_CELLS_MOSST_typ_1_80V_25C 
OR6X2           10     461.160    D_CELLS_MOSST_typ_1_80V_25C 
SDFRQX0          2     129.125    D_CELLS_MOSST_typ_1_80V_25C 
SDFRQX1         30    2121.336    D_CELLS_MOSST_typ_1_80V_25C 
--------------------------------------------------------------
total        12851  276779.009                                


                                           
     Type      Instances    Area    Area % 
-------------------------------------------
sequential          1651  89649.504   32.4 
inverter            1197  14068.454    5.1 
buffer               438   7221.766    2.6 
logic               9565 165839.285   59.9 
physical_cells         0      0.000    0.0 
-------------------------------------------
total              12851 276779.009  100.0 

