Command: report datapath > reports_Dec15-14:26:07/map/riscv_steel_core_datapath.rpt
============================================================
  Generated by:           Genus(TM) Synthesis Solution GENUS15.22 - 15.20-s024_1
  Generated on:           Dec 15 2022  02:34:47 pm
  Module:                 riscv_steel_core
  Interconnect mode:      global
  Area mode:              physical library
============================================================


Inferred components

                 Operator   Signedness  Inputs  Outputs CellArea 
=================================================================
riscv_steel_core
 rv32i_alu_instance_csa_tree_add_626_25_groupi
  
  module:csa_tree_add_626_25_group_220
   very_fast  csa_and_adder            32x34x34 32      12528.18 
-----------------------------------------------------------------
   add_626_25       +       unsigned   32x32    32               
=================================================================

      Type        CellArea Percentage 
--------------------------------------
datapath modules  12528.18       4.53 
external muxes        0.00       0.00 
others           264250.83      95.47 
--------------------------------------
total            276779.01     100.00 

