============================================================
  Generated by:           Genus(TM) Synthesis Solution GENUS15.22 - 15.20-s024_1
  Generated on:           Dec 15 2022  05:28:41 pm
  Module:                 riscv_steel_core
  Interconnect mode:      global
  Area mode:              physical library
============================================================

Timing
--------

Clock  Period 
--------------
clock 10000.0 


         Cost           Critical       Violating 
        Group          Path Slack TNS    Paths   
-------------------------------------------------
C2C                        4968.5   0          0 
C2O                      No paths   0            
cg_enable_group_clock       123.8   0          0 
clock                      4721.0   0          0 
default                  No paths   0            
I2C                        6049.5   0          0 
I2O                      No paths   0            
-------------------------------------------------
Total                               0          0 

Instance Count
--------------
Leaf Instance Count             8878 
Sequential Instance Count       1658 
Combinational Instance Count    7220 
Hierarchical Instance Count       65 

Area
----
Cell Area                          257746.894
Physical Cell Area                 0.000
Total Cell Area (Cell+Physical)    257746.894
Net Area                           740.925
Total Area (Cell+Physical+Net)     258487.819

Runtime                            0.000 seconds
Elapsed Runtime                    53 seconds
Genus peak memory usage            592.34 
Innovus peak memory usage          no_value 
Hostname                           pgmicro04.ufrgs.br
