============================================================
  Generated by:           Genus(TM) Synthesis Solution GENUS15.22 - 15.20-s024_1
  Generated on:           Dec 15 2022  05:28:41 pm
  Module:                 riscv_steel_core
  Interconnect mode:      global
  Area mode:              physical library
============================================================

            Instance              Cells  Cell Area  Net Area   Total Area 
--------------------------------------------------------------------------
riscv_steel_core                   8878     257747       741       258488 
  integer_file_instance            1633      97682         0        97682 
  csr_file_instance                3326      75009         0        75009 
    inc_ADD_UNS_OP_5                370       4901         0         4901 
    inc_ADD_UNS_OP942_6             370       4901         0         4901 
    inc_add_1658_32_4               368       4869         0         4869 
    inc_add_1632_26_3               368       4869         0         4869 
    inc_add_1630_50_2               368       4869         0         4869 
    inc_add_1628_51_1               368       4869         0         4869 
  rv32i_alu_instance               1470      31022         0        31022 
    csa_tree_add_626_25_groupi      511       7024         0         7024 
    sra_604_16                      160       4932         0         4932 
    srl_607_19                      165       4601         0         4601 
    sll_647_25                      165       4601         0         4601 
    lt_615_19                       221       2936         0         2936 
    csa_mux_a_mux_599_23             32        505         0          505 
  add_349_21                        426       5895         0         5895 
  add_348_14                        426       5895         0         5895 
  branch_decision_instance          299       4451         0         4451 
    lt_720_14                       221       2936         0         2936 
  data_fetch_store_unit_instance    207       3946         0         3946 
  decoder_instance                  194       3283         0         3283 
  load_unit_instance                104       2233         0         2233 
  imm_generator_instance            119       2210         0         2210 
  add_312_21                        176       2186         0         2186 
