###############################################################
#  Generated by:      Cadence Innovus 15.20-p005_1
#  OS:                Linux x86_64(Host ID pgmicro03)
#  Generated on:      Thu Mar  2 14:17:25 2023
#  Design:            riscv_steel_core
###############################################################

SHORT: Regular Wire of Net decoder_instance_n_832 & Special Wire of Net vdd  ( MET2 )
Bounds : ( 320.215, 307.910 ) ( 320.230, 308.635 )


WIREEXT: Regular Wire of Net decoder_instance_n_832  ( MET2 )
Bounds : ( 320.355, 307.910 ) ( 320.355, 307.910 )
Actual:     0.14     Min:     0.19


SPACING: Regular Wire of Net integer_file_instance_n_51343 & Special Wire of Net vdd  ( MET2 )
Bounds : ( 194.495, 464.680 ) ( 194.730, 464.960 )
Actual:     0.235     Min:     0.28


WIREEXT: Regular Wire of Net integer_file_instance_n_51343  ( MET2 )
Bounds : ( 194.495, 464.820 ) ( 194.495, 464.820 )
Actual:     0.14     Min:     0.19


SPACING: Regular Wire of Net integer_file_instance_n_52787 & Special Wire of Net gnd  ( MET2 )
Bounds : ( 162.995, 371.960 ) ( 163.230, 372.240 )
Actual:     0.235     Min:     0.28


WIREEXT: Regular Wire of Net integer_file_instance_n_52787  ( MET2 )
Bounds : ( 162.995, 372.100 ) ( 162.995, 372.100 )
Actual:     0.14     Min:     0.19


SPACING: Regular Via of Net integer_file_instance_n_53256 & Pin of Cell integer_file_instance_g31370  ( MET1 )
Bounds : ( 271.075, 387.145 ) ( 271.355, 387.310 )
Actual:     0.165     Min:     0.23


SHORT: Special Wire of Net gnd & Pin of Cell program_counter_stage3_reg[22]  ( MET1 )
Bounds : ( 299.250, 13.020 ) ( 312.480, 13.105 )


SHORT: Special Wire of Net gnd & Pin of Cell WELLTAP_16  ( MET1 )
Bounds : ( 313.740, 13.020 ) ( 314.370, 13.105 )


SHORT: Special Wire of Net gnd & Pin of Cell program_counter_reg[22]  ( MET1 )
Bounds : ( 322.560, 13.020 ) ( 332.640, 13.105 )


SHORT: Special Wire of Net gnd & Pin of Cell WELLTAP_17  ( MET1 )
Bounds : ( 333.270, 13.020 ) ( 335.160, 13.105 )


SHORT: Special Wire of Net gnd & Pin of Cell g4780  ( MET1 )
Bounds : ( 339.570, 13.020 ) ( 344.610, 13.105 )


SHORT: Special Wire of Net gnd & Pin of Cell program_counter_reg[21]  ( MET1 )
Bounds : ( 347.130, 13.020 ) ( 363.510, 13.105 )


SHORT: Special Wire of Net gnd & Pin of Cell WELLTAP_19  ( MET1 )
Bounds : ( 364.140, 13.020 ) ( 372.960, 13.105 )


SHORT: Special Wire of Net gnd & Pin of Cell add_349_21_g2593  ( MET1 )
Bounds : ( 375.480, 13.020 ) ( 378.000, 13.105 )


SHORT: Special Wire of Net gnd & Pin of Cell integer_file_instance_RC_CG_HIER_INST19/g13  ( MET1 )
Bounds : ( 378.630, 13.020 ) ( 384.300, 13.105 )


SHORT: Special Wire of Net gnd & Pin of Cell WELLTAP_20  ( MET1 )
Bounds : ( 386.190, 13.020 ) ( 392.490, 13.105 )


SHORT: Special Wire of Net gnd & Pin of Cell add_348_14_g2597  ( MET1 )
Bounds : ( 393.120, 13.020 ) ( 400.680, 13.105 )


SHORT: Special Wire of Net gnd & Pin of Cell add_348_14_g2674  ( MET1 )
Bounds : ( 402.570, 13.020 ) ( 410.760, 13.105 )


SHORT: Special Wire of Net gnd & Pin of Cell WELLTAP_21  ( MET1 )
Bounds : ( 411.390, 13.020 ) ( 412.020, 13.105 )


SHORT: Special Wire of Net gnd & Pin of Cell immediate_stage3_reg[21]  ( MET1 )
Bounds : ( 412.650, 13.020 ) ( 422.730, 13.105 )


SHORT: Special Wire of Net gnd & Pin of Cell rv32i_alu_instance_csa_tree_add_626_25_groupi/g1266  ( MET1 )
Bounds : ( 425.880, 13.020 ) ( 434.070, 13.105 )


SHORT: Special Wire of Net gnd & Pin of Cell rv32i_alu_instance_csa_tree_add_626_25_groupi/g1055  ( MET1 )
Bounds : ( 436.590, 13.020 ) ( 449.820, 13.105 )


SHORT: Special Wire of Net gnd & Pin of Cell WELLTAP_23  ( MET1 )
Bounds : ( 450.450, 13.020 ) ( 451.080, 13.105 )


SHORT: Special Wire of Net gnd & Pin of Cell rv32i_alu_instance_csa_tree_add_626_25_groupi/g1083  ( MET1 )
Bounds : ( 451.710, 13.020 ) ( 459.270, 13.105 )


SHORT: Special Wire of Net gnd & Pin of Cell WELLTAP_24  ( MET1 )
Bounds : ( 469.980, 13.020 ) ( 476.280, 13.105 )


SHORT: Special Wire of Net gnd & Pin of Cell rv32i_alu_instance_csa_tree_add_626_25_groupi/g1094  ( MET1 )
Bounds : ( 478.800, 13.020 ) ( 480.060, 13.105 )


SHORT: Special Wire of Net gnd & Pin of Cell WELLTAP_25  ( MET1 )
Bounds : ( 489.510, 13.020 ) ( 490.140, 13.105 )


SHORT: Special Wire of Net gnd & Pin of Cell WELLTAP_26  ( MET1 )
Bounds : ( 509.040, 13.020 ) ( 509.670, 13.105 )


SHORT: Special Wire of Net gnd & Pin of Cell WELLTAP_27  ( MET1 )
Bounds : ( 528.570, 13.020 ) ( 529.200, 13.105 )


SHORT: Special Wire of Net gnd & Pin of Cell WELLTAP_28  ( MET1 )
Bounds : ( 548.100, 13.020 ) ( 548.730, 13.105 )


SHORT: Special Wire of Net gnd & Pin of Cell WELLTAP_1  ( MET1 )
Bounds : ( 20.790, 13.020 ) ( 21.420, 13.105 )


SHORT: Special Wire of Net gnd & Pin of Cell csr_file_instance_mcycle_reg[23]  ( MET1 )
Bounds : ( 29.610, 13.020 ) ( 39.690, 13.105 )


SHORT: Special Wire of Net gnd & Pin of Cell WELLTAP_2  ( MET1 )
Bounds : ( 40.320, 13.020 ) ( 40.950, 13.105 )


SHORT: Special Wire of Net gnd & Pin of Cell csr_file_instance_mcycle_reg[24]  ( MET1 )
Bounds : ( 43.470, 13.020 ) ( 53.550, 13.105 )


SHORT: Special Wire of Net gnd & Pin of Cell WELLTAP_3  ( MET1 )
Bounds : ( 59.850, 13.020 ) ( 70.560, 13.105 )


SHORT: Special Wire of Net gnd & Pin of Cell WELLTAP_4  ( MET1 )
Bounds : ( 79.380, 13.020 ) ( 90.090, 13.105 )


SHORT: Special Wire of Net gnd & Pin of Cell csr_file_instance_minstret_reg[24]  ( MET1 )
Bounds : ( 98.910, 13.020 ) ( 115.290, 13.105 )


SHORT: Special Wire of Net gnd & Pin of Cell WELLTAP_6  ( MET1 )
Bounds : ( 118.440, 13.020 ) ( 119.070, 13.105 )


SHORT: Special Wire of Net gnd & Pin of Cell csr_file_instance_minstret_reg[23]  ( MET1 )
Bounds : ( 120.960, 13.020 ) ( 131.040, 13.105 )


SHORT: Special Wire of Net gnd & Pin of Cell WELLTAP_7  ( MET1 )
Bounds : ( 131.670, 13.020 ) ( 138.600, 13.105 )


SHORT: Special Wire of Net gnd & Pin of Cell csr_file_instance_inc_add_1658_32_4_g825  ( MET1 )
Bounds : ( 140.490, 13.020 ) ( 156.870, 13.105 )


SHORT: Special Wire of Net gnd & Pin of Cell WELLTAP_8  ( MET1 )
Bounds : ( 157.500, 13.020 ) ( 158.130, 13.105 )


SHORT: Special Wire of Net gnd & Pin of Cell csr_file_instance_utime_reg[57]  ( MET1 )
Bounds : ( 162.540, 13.020 ) ( 172.620, 13.105 )


SHORT: Special Wire of Net gnd & Pin of Cell csr_file_instance_utime_reg[52]  ( MET1 )
Bounds : ( 177.030, 13.020 ) ( 187.740, 13.105 )


SHORT: Special Wire of Net gnd & Pin of Cell WELLTAP_10  ( MET1 )
Bounds : ( 196.560, 13.020 ) ( 207.270, 13.105 )


SHORT: Special Wire of Net gnd & Pin of Cell WELLTAP_11  ( MET1 )
Bounds : ( 216.090, 13.020 ) ( 226.800, 13.105 )


SHORT: Special Wire of Net gnd & Pin of Cell csr_file_instance_g8515  ( MET1 )
Bounds : ( 228.060, 13.020 ) ( 232.470, 13.105 )


SHORT: Special Wire of Net gnd & Pin of Cell WELLTAP_12  ( MET1 )
Bounds : ( 235.620, 13.020 ) ( 236.250, 13.105 )


SHORT: Special Wire of Net gnd & Pin of Cell CTS_ccl_BUF_clock_G0_L2_1  ( MET1 )
Bounds : ( 238.140, 13.020 ) ( 243.180, 13.105 )


SHORT: Special Wire of Net gnd & Pin of Cell csr_file_instance_utime_reg[23]  ( MET1 )
Bounds : ( 244.440, 13.020 ) ( 254.520, 13.105 )


SHORT: Special Wire of Net gnd & Pin of Cell WELLTAP_13  ( MET1 )
Bounds : ( 255.150, 13.020 ) ( 255.780, 13.105 )


SHORT: Special Wire of Net gnd & Pin of Cell csr_file_instance_utime_reg[21]  ( MET1 )
Bounds : ( 263.970, 13.020 ) ( 274.050, 13.105 )


SHORT: Special Wire of Net gnd & Pin of Cell WELLTAP_14  ( MET1 )
Bounds : ( 274.680, 13.020 ) ( 275.310, 13.105 )


SHORT: Special Wire of Net gnd & Pin of Cell program_counter_reg[23]  ( MET1 )
Bounds : ( 284.130, 13.020 ) ( 294.840, 13.105 )



Begin Summary ...
  Cells       : 0
  SameNet     : 0
  Wiring      : 6
  Antenna     : 0
  Short       : 49
  Overlap     : 0
End Summary

  Total Violations : 55 Viols.
