###############################################################
#  Generated by:      Cadence Innovus 15.20-p005_1
#  OS:                Linux x86_64(Host ID pgmicro04)
#  Generated on:      Wed Feb 15 20:00:17 2023
#  Design:            riscv_steel_core
#  Command:           set_db route_strict_honor_non_default_rule false
###############################################################

SHORT: Regular Wire of Net CTS_315 & Special Wire of Net vdd  ( MET2 )
Bounds : ( 312.025, 300.590 ) ( 312.040, 301.315 )


WIREEXT: Regular Wire of Net CTS_315  ( MET2 )
Bounds : ( 312.035, 300.600 ) ( 312.295, 300.860 )


SHORT: Special Wire of Net gnd & Pin of Cell add_349_21_g2581  ( MET1 )
Bounds : ( 5.040, 546.770 ) ( 549.990, 547.570 )


SHORT: Special Wire of Net gnd & Pin of Cell rv32i_alu_instance_csa_tree_add_626_25_groupi/g1044  ( MET1 )
Bounds : ( 5.040, 537.010 ) ( 549.990, 537.810 )


SHORT: Special Wire of Net gnd & Pin of Cell rv32i_alu_instance_csa_tree_add_626_25_groupi/g1004  ( MET1 )
Bounds : ( 5.040, 527.250 ) ( 549.990, 528.050 )


SHORT: Special Wire of Net gnd & Pin of Cell program_counter_stage3_reg[19]  ( MET1 )
Bounds : ( 5.040, 517.490 ) ( 549.990, 518.290 )


SHORT: Special Wire of Net gnd & Pin of Cell csr_file_instance_inc_ADD_UNS_OP_5_g882  ( MET1 )
Bounds : ( 5.040, 507.730 ) ( 549.990, 508.530 )


SHORT: Special Wire of Net gnd & Pin of Cell rv32i_alu_instance_lt_615_19/g739  ( MET1 )
Bounds : ( 5.040, 497.970 ) ( 549.990, 498.770 )


SHORT: Special Wire of Net gnd & Pin of Cell csr_file_instance_g5431  ( MET1 )
Bounds : ( 5.040, 488.210 ) ( 549.990, 489.010 )


SHORT: Special Wire of Net gnd & Pin of Cell csr_file_instance_g5429  ( MET1 )
Bounds : ( 5.040, 478.450 ) ( 549.990, 479.250 )


SHORT: Special Wire of Net gnd & Pin of Cell rv32i_alu_instance_csa_tree_add_626_25_groupi/g1005  ( MET1 )
Bounds : ( 5.040, 468.690 ) ( 549.990, 469.490 )


SHORT: Special Wire of Net gnd & Pin of Cell rv32i_alu_instance_g13629  ( MET1 )
Bounds : ( 5.040, 458.930 ) ( 549.990, 459.730 )


SHORT: Special Wire of Net gnd & Pin of Cell rv32i_alu_instance_g13632  ( MET1 )
Bounds : ( 5.040, 449.170 ) ( 549.990, 449.970 )


SHORT: Special Wire of Net gnd & Pin of Cell rv32i_alu_instance_g14095  ( MET1 )
Bounds : ( 5.040, 439.410 ) ( 549.990, 440.210 )


SHORT: Special Wire of Net gnd & Pin of Cell WELLTAP_2762  ( MET1 )
Bounds : ( 5.040, 429.650 ) ( 549.990, 430.450 )


SHORT: Special Wire of Net gnd & Pin of Cell rv32i_alu_instance_g13601  ( MET1 )
Bounds : ( 5.040, 419.890 ) ( 549.990, 420.690 )


SHORT: Special Wire of Net vdd & Pin of Cell FE_OFC159_instruction_address_15_  ( MET1 )
Bounds : ( 5.040, 424.770 ) ( 549.990, 425.570 )


SHORT: Special Wire of Net vdd & Pin of Cell FE_OFC51_data_rw_address_30_  ( MET1 )
Bounds : ( 5.040, 434.530 ) ( 549.990, 435.330 )


SHORT: Special Wire of Net vdd & Pin of Cell FE_OFC113_instruction_address_30_  ( MET1 )
Bounds : ( 5.040, 444.290 ) ( 549.990, 445.090 )


SHORT: Special Wire of Net vdd & Pin of Cell FE_OFC117_instruction_address_29_  ( MET1 )
Bounds : ( 5.040, 454.050 ) ( 549.990, 454.850 )


SHORT: Special Wire of Net vdd & Pin of Cell FE_OFC65_data_rw_address_16_  ( MET1 )
Bounds : ( 5.040, 463.810 ) ( 549.990, 464.610 )


SHORT: Special Wire of Net vdd & Pin of Cell FE_OFC131_instruction_address_17_  ( MET1 )
Bounds : ( 5.040, 473.570 ) ( 549.990, 474.370 )


SHORT: Special Wire of Net vdd & Pin of Cell csr_file_instance_g9688  ( MET1 )
Bounds : ( 5.040, 483.330 ) ( 549.990, 484.130 )


SHORT: Special Wire of Net vdd & Pin of Cell FE_OFC69_data_rw_address_18_  ( MET1 )
Bounds : ( 5.040, 493.090 ) ( 549.990, 493.890 )


SHORT: Special Wire of Net vdd & Pin of Cell csr_file_instance_g9566  ( MET1 )
Bounds : ( 5.040, 502.850 ) ( 549.990, 503.650 )


SHORT: Special Wire of Net vdd & Pin of Cell FE_OFC77_instruction_address_25_  ( MET1 )
Bounds : ( 5.040, 512.610 ) ( 549.990, 513.410 )


SHORT: Special Wire of Net vdd & Pin of Cell csr_file_instance_g9559  ( MET1 )
Bounds : ( 5.040, 522.370 ) ( 549.990, 523.170 )


SHORT: Special Wire of Net vdd & Pin of Cell FE_OFC75_instruction_address_23_  ( MET1 )
Bounds : ( 5.040, 532.130 ) ( 549.990, 532.930 )


SHORT: Special Wire of Net vdd & Pin of Cell FE_OFC71_instruction_address_22_  ( MET1 )
Bounds : ( 5.040, 541.890 ) ( 549.990, 542.690 )


SHORT: Special Wire of Net vdd & Pin of Cell FILLER_8253  ( MET1 )
Bounds : ( 5.040, 288.130 ) ( 549.990, 288.930 )


SHORT: Special Wire of Net vdd & Pin of Cell FILLER_5230  ( MET1 )
Bounds : ( 5.040, 278.370 ) ( 549.990, 279.170 )


SHORT: Special Wire of Net gnd & Pin of Cell rv32i_alu_instance_g13595  ( MET1 )
Bounds : ( 5.040, 410.130 ) ( 549.990, 410.930 )


SHORT: Special Wire of Net gnd & Pin of Cell FILLER_8923  ( MET1 )
Bounds : ( 5.040, 400.370 ) ( 549.990, 401.170 )


SHORT: Special Wire of Net gnd & Pin of Cell rv32i_alu_instance_g13529  ( MET1 )
Bounds : ( 5.040, 390.610 ) ( 549.990, 391.410 )


SHORT: Special Wire of Net gnd & Pin of Cell rv32i_alu_instance_g13723  ( MET1 )
Bounds : ( 5.040, 380.850 ) ( 549.990, 381.650 )


SHORT: Special Wire of Net gnd & Pin of Cell FILLER_9469  ( MET1 )
Bounds : ( 5.040, 371.090 ) ( 549.990, 371.890 )


SHORT: Special Wire of Net gnd & Pin of Cell rv32i_alu_instance_g14066  ( MET1 )
Bounds : ( 5.040, 361.330 ) ( 549.990, 362.130 )


SHORT: Special Wire of Net gnd & Pin of Cell rv32i_alu_instance_g13902  ( MET1 )
Bounds : ( 5.040, 351.570 ) ( 549.990, 352.370 )


SHORT: Special Wire of Net gnd & Pin of Cell rv32i_alu_instance_csa_tree_add_626_25_groupi/g1307  ( MET1 )
Bounds : ( 5.040, 341.810 ) ( 549.990, 342.610 )


SHORT: Special Wire of Net gnd & Pin of Cell FILLER_9138  ( MET1 )
Bounds : ( 5.040, 332.050 ) ( 549.990, 332.850 )


SHORT: Special Wire of Net gnd & Pin of Cell branch_decision_instance_lt_720_14/g2194  ( MET1 )
Bounds : ( 5.040, 322.290 ) ( 549.990, 323.090 )


SHORT: Special Wire of Net gnd & Pin of Cell FILLER_9118  ( MET1 )
Bounds : ( 5.040, 312.530 ) ( 549.990, 313.330 )


SHORT: Special Wire of Net gnd & Pin of Cell FILLER_8156  ( MET1 )
Bounds : ( 5.040, 302.770 ) ( 549.990, 303.570 )


SHORT: Special Wire of Net gnd & Pin of Cell FILLER_7958  ( MET1 )
Bounds : ( 5.040, 293.010 ) ( 549.990, 293.810 )


SHORT: Special Wire of Net gnd & Pin of Cell branch_decision_instance_g2006  ( MET1 )
Bounds : ( 5.040, 283.250 ) ( 549.990, 284.050 )


SHORT: Special Wire of Net vdd & Pin of Cell rv32i_alu_instance_g14067  ( MET1 )
Bounds : ( 5.040, 297.890 ) ( 549.990, 298.690 )


SHORT: Special Wire of Net vdd & Pin of Cell rv32i_alu_instance_g13562  ( MET1 )
Bounds : ( 5.040, 307.650 ) ( 549.990, 308.450 )


SHORT: Special Wire of Net vdd & Pin of Cell FILLER_9037  ( MET1 )
Bounds : ( 5.040, 317.410 ) ( 549.990, 318.210 )


SHORT: Special Wire of Net vdd & Pin of Cell WELLTAP_2604  ( MET1 )
Bounds : ( 5.040, 327.170 ) ( 549.990, 327.970 )


SHORT: Special Wire of Net vdd & Pin of Cell rv32i_alu_instance_csa_tree_add_626_25_groupi/g1141  ( MET1 )
Bounds : ( 5.040, 336.930 ) ( 549.990, 337.730 )


SHORT: Special Wire of Net vdd & Pin of Cell rv32i_alu_instance_csa_tree_add_626_25_groupi/g1020  ( MET1 )
Bounds : ( 5.040, 346.690 ) ( 549.990, 347.490 )


SHORT: Special Wire of Net vdd & Pin of Cell FILLER_10174  ( MET1 )
Bounds : ( 5.040, 356.450 ) ( 549.990, 357.250 )


SHORT: Special Wire of Net vdd & Pin of Cell FILLER_10175  ( MET1 )
Bounds : ( 5.040, 366.210 ) ( 549.990, 367.010 )


SHORT: Special Wire of Net vdd & Pin of Cell FILLER_9681  ( MET1 )
Bounds : ( 5.040, 375.970 ) ( 549.990, 376.770 )


SHORT: Special Wire of Net vdd & Pin of Cell FILLER_10088  ( MET1 )
Bounds : ( 5.040, 385.730 ) ( 549.990, 386.530 )


SHORT: Special Wire of Net vdd & Pin of Cell FILLER_10181  ( MET1 )
Bounds : ( 5.040, 395.490 ) ( 549.990, 396.290 )


SHORT: Special Wire of Net vdd & Pin of Cell FE_OFC85_data_rw_address_14_  ( MET1 )
Bounds : ( 5.040, 405.250 ) ( 549.990, 406.050 )


SHORT: Special Wire of Net vdd & Pin of Cell rv32i_alu_instance_g961  ( MET1 )
Bounds : ( 5.040, 415.010 ) ( 549.990, 415.810 )


SPACING: Regular Wire of Net integer_file_instance_n_50743 & Blockage of Cell rv32i_alu_instance_g13991  ( MET1 )
Bounds : ( 510.475, 241.140 ) ( 510.755, 241.315 )


SHORT: Regular Wire of Net instruction[24] & Regular Wire of Net instruction[23]  ( MET3 )
Bounds : ( 254.695, 262.160 ) ( 254.975, 262.440 )


SPACING: Regular Wire of Net instruction[24] & Special Wire of Net gnd  ( MET2 )
Bounds : ( 254.975, 262.160 ) ( 255.040, 262.440 )


SPACING: Regular Wire of Net integer_file_instance_n_51458 & Special Wire of Net vdd  ( MET2 )
Bounds : ( 186.460, 222.510 ) ( 186.540, 223.235 )


SPACING: Regular Wire of Net csr_file_instance_n_32 & Special Wire of Net vdd  ( MET2 )
Bounds : ( 237.040, 265.820 ) ( 237.055, 266.100 )


WIREEXT: Regular Wire of Net integer_file_instance_n_51458  ( MET2 )
Bounds : ( 186.190, 222.520 ) ( 186.450, 222.780 )


WIREEXT: Regular Wire of Net csr_file_instance_n_32  ( MET2 )
Bounds : ( 237.065, 265.830 ) ( 237.325, 266.090 )


WIREEXT: Regular Wire of Net instruction[24]  ( MET2 )
Bounds : ( 254.705, 262.170 ) ( 254.965, 262.430 )


SPACING: Regular Wire of Net integer_file_instance_n_52612 & Special Wire of Net vdd  ( MET2 )
Bounds : ( 261.430, 202.990 ) ( 261.540, 203.270 )


WIREEXT: Regular Wire of Net integer_file_instance_n_52612  ( MET2 )
Bounds : ( 261.160, 203.000 ) ( 261.420, 203.260 )


SPACING: Regular Wire of Net csr_file_instance_n_4755 & Regular Wire of Net n_934  ( MET1 )
Bounds : ( 78.925, 266.150 ) ( 79.205, 266.165 )


SPACING: Regular Wire of Net integer_file_instance_n_50744 & Blockage of Cell WELLTAP_2402  ( MET1 )
Bounds : ( 78.875, 163.010 ) ( 79.255, 163.235 )


SHORT: Special Wire of Net gnd & Pin of Cell rv32i_alu_instance_csa_tree_add_626_25_groupi/g1232  ( MET1 )
Bounds : ( 5.040, 273.490 ) ( 549.990, 274.290 )


SHORT: Special Wire of Net gnd & Pin of Cell FILLER_6983  ( MET1 )
Bounds : ( 5.040, 263.730 ) ( 549.990, 264.530 )


SHORT: Special Wire of Net gnd & Pin of Cell rv32i_alu_instance_csa_tree_add_626_25_groupi/g1020  ( MET1 )
Bounds : ( 5.040, 253.970 ) ( 549.990, 254.770 )


SHORT: Special Wire of Net gnd & Pin of Cell csr_file_instance_inc_add_1632_26_3_g891  ( MET1 )
Bounds : ( 5.040, 244.210 ) ( 549.990, 245.010 )


SHORT: Special Wire of Net gnd & Pin of Cell csr_file_instance_minstret_reg[17]  ( MET1 )
Bounds : ( 5.040, 234.450 ) ( 549.990, 235.250 )


SHORT: Special Wire of Net gnd & Pin of Cell rv32i_alu_instance_g14166  ( MET1 )
Bounds : ( 5.040, 224.690 ) ( 549.990, 225.490 )


SHORT: Special Wire of Net gnd & Pin of Cell g4506  ( MET1 )
Bounds : ( 5.040, 214.930 ) ( 549.990, 215.730 )


SHORT: Special Wire of Net gnd & Pin of Cell FILLER_9024  ( MET1 )
Bounds : ( 5.040, 205.170 ) ( 549.990, 205.970 )


SHORT: Special Wire of Net gnd & Pin of Cell g4614  ( MET1 )
Bounds : ( 5.040, 195.410 ) ( 549.990, 196.210 )


SHORT: Special Wire of Net gnd & Pin of Cell csr_file_instance_inc_add_1628_51_1_g890  ( MET1 )
Bounds : ( 5.040, 185.650 ) ( 549.990, 186.450 )


SHORT: Special Wire of Net gnd & Pin of Cell branch_decision_instance_lt_720_14/g2283  ( MET1 )
Bounds : ( 5.040, 175.890 ) ( 549.990, 176.690 )


SHORT: Special Wire of Net gnd & Pin of Cell g958  ( MET1 )
Bounds : ( 5.040, 166.130 ) ( 549.990, 166.930 )


SHORT: Special Wire of Net gnd & Pin of Cell FILLER_5837  ( MET1 )
Bounds : ( 5.040, 156.370 ) ( 549.990, 157.170 )


SHORT: Special Wire of Net gnd & Pin of Cell rv32i_alu_instance_csa_tree_add_626_25_groupi/g1276  ( MET1 )
Bounds : ( 5.040, 146.610 ) ( 549.990, 147.410 )


SHORT: Special Wire of Net vdd & Pin of Cell FILLER_10103  ( MET1 )
Bounds : ( 5.040, 141.730 ) ( 549.990, 142.530 )


SHORT: Special Wire of Net vdd & Pin of Cell FILLER_7383  ( MET1 )
Bounds : ( 5.040, 151.490 ) ( 549.990, 152.290 )


SHORT: Special Wire of Net vdd & Pin of Cell FILLER_7153  ( MET1 )
Bounds : ( 5.040, 161.250 ) ( 549.990, 162.050 )


SHORT: Special Wire of Net vdd & Pin of Cell FILLER_7051  ( MET1 )
Bounds : ( 5.040, 171.010 ) ( 549.990, 171.810 )


SHORT: Special Wire of Net vdd & Pin of Cell rv32i_alu_instance_g14161  ( MET1 )
Bounds : ( 5.040, 180.770 ) ( 549.990, 181.570 )


SHORT: Special Wire of Net vdd & Pin of Cell FILLER_6954  ( MET1 )
Bounds : ( 5.040, 190.530 ) ( 549.990, 191.330 )


SHORT: Special Wire of Net vdd & Pin of Cell FILLER_8472  ( MET1 )
Bounds : ( 5.040, 200.290 ) ( 549.990, 201.090 )


SHORT: Special Wire of Net vdd & Pin of Cell FILLER_9672  ( MET1 )
Bounds : ( 5.040, 210.050 ) ( 549.990, 210.850 )


SHORT: Special Wire of Net vdd & Pin of Cell WELLTAP_1676  ( MET1 )
Bounds : ( 5.040, 219.810 ) ( 549.990, 220.610 )


SHORT: Special Wire of Net vdd & Pin of Cell integer_file_instance_g30756  ( MET1 )
Bounds : ( 5.040, 229.570 ) ( 549.990, 230.370 )


SHORT: Special Wire of Net vdd & Pin of Cell integer_file_instance_g29956  ( MET1 )
Bounds : ( 5.040, 239.330 ) ( 549.990, 240.130 )


SHORT: Special Wire of Net vdd & Pin of Cell FILLER_5832  ( MET1 )
Bounds : ( 5.040, 249.090 ) ( 549.990, 249.890 )


SHORT: Special Wire of Net vdd & Pin of Cell csr_file_instance_g9814  ( MET1 )
Bounds : ( 5.040, 258.850 ) ( 549.990, 259.650 )


SHORT: Special Wire of Net vdd & Pin of Cell FILLER_10189  ( MET1 )
Bounds : ( 5.040, 268.610 ) ( 549.990, 269.410 )


SHORT: Special Wire of Net vdd & Pin of Cell FILLER_7995  ( MET1 )
Bounds : ( 5.040, 14.850 ) ( 549.990, 15.650 )


SHORT: Special Wire of Net gnd & Pin of Cell rv32i_alu_instance_csa_tree_add_626_25_groupi/g1238  ( MET1 )
Bounds : ( 5.040, 127.090 ) ( 549.990, 127.890 )


SHORT: Special Wire of Net gnd & Pin of Cell csr_file_instance_g5415  ( MET1 )
Bounds : ( 5.040, 117.330 ) ( 549.990, 118.130 )


SHORT: Special Wire of Net gnd & Pin of Cell WELLTAP_2928  ( MET1 )
Bounds : ( 5.040, 107.570 ) ( 549.990, 108.370 )


SHORT: Special Wire of Net gnd & Pin of Cell FILLER_7526  ( MET1 )
Bounds : ( 5.040, 97.810 ) ( 549.990, 98.610 )


SHORT: Special Wire of Net gnd & Pin of Cell FILLER_7315  ( MET1 )
Bounds : ( 5.040, 88.050 ) ( 549.990, 88.850 )


SHORT: Special Wire of Net gnd & Pin of Cell FE_OFC71_instruction_address_22_  ( MET1 )
Bounds : ( 5.040, 78.290 ) ( 549.990, 79.090 )


SHORT: Special Wire of Net gnd & Pin of Cell FILLER_9398  ( MET1 )
Bounds : ( 5.040, 68.530 ) ( 549.990, 69.330 )


SHORT: Special Wire of Net gnd & Pin of Cell FILLER_8386  ( MET1 )
Bounds : ( 5.040, 58.770 ) ( 549.990, 59.570 )


SHORT: Special Wire of Net gnd & Pin of Cell FILLER_8319  ( MET1 )
Bounds : ( 5.040, 49.010 ) ( 549.990, 49.810 )


SHORT: Special Wire of Net gnd & Pin of Cell rv32i_alu_instance_g14148  ( MET1 )
Bounds : ( 5.040, 39.250 ) ( 549.990, 40.050 )


SHORT: Special Wire of Net gnd & Pin of Cell csr_file_instance_utime_reg[12]  ( MET1 )
Bounds : ( 5.040, 29.490 ) ( 549.990, 30.290 )


SHORT: Special Wire of Net gnd & Pin of Cell FILLER_9102  ( MET1 )
Bounds : ( 5.040, 19.730 ) ( 549.990, 20.530 )


SHORT: Special Wire of Net gnd & Pin of Cell WELLTAP_3057  ( MET1 )
Bounds : ( 5.040, 9.970 ) ( 549.990, 10.770 )


SHORT: Special Wire of Net gnd & Pin of Cell rv32i_alu_instance_g14108  ( MET1 )
Bounds : ( 5.040, 5.090 ) ( 549.990, 5.175 )


SHORT: Special Wire of Net vdd & Pin of Cell FILLER_8097  ( MET1 )
Bounds : ( 5.040, 24.610 ) ( 549.990, 25.410 )


SHORT: Special Wire of Net vdd & Pin of Cell csr_file_instance_g8546  ( MET1 )
Bounds : ( 5.040, 34.370 ) ( 549.990, 35.170 )


SHORT: Special Wire of Net vdd & Pin of Cell FILLER_8885  ( MET1 )
Bounds : ( 5.040, 44.130 ) ( 549.990, 44.930 )


SHORT: Special Wire of Net vdd & Pin of Cell csr_file_instance_mscratch_reg[17]  ( MET1 )
Bounds : ( 5.040, 53.890 ) ( 549.990, 54.690 )


SHORT: Special Wire of Net vdd & Pin of Cell FILLER_8500  ( MET1 )
Bounds : ( 5.040, 63.650 ) ( 549.990, 64.450 )


SHORT: Special Wire of Net vdd & Pin of Cell FILLER_10122  ( MET1 )
Bounds : ( 5.040, 73.410 ) ( 549.990, 74.210 )


SHORT: Special Wire of Net vdd & Pin of Cell FILLER_10121  ( MET1 )
Bounds : ( 5.040, 83.170 ) ( 549.990, 83.970 )


SHORT: Special Wire of Net vdd & Pin of Cell FILLER_8893  ( MET1 )
Bounds : ( 5.040, 92.930 ) ( 549.990, 93.730 )


SHORT: Special Wire of Net vdd & Pin of Cell FILLER_9437  ( MET1 )
Bounds : ( 5.040, 102.690 ) ( 549.990, 103.490 )


SHORT: Special Wire of Net vdd & Pin of Cell FILLER_9926  ( MET1 )
Bounds : ( 5.040, 112.450 ) ( 549.990, 113.250 )


SHORT: Special Wire of Net vdd & Pin of Cell WELLTAP_3090  ( MET1 )
Bounds : ( 5.040, 122.210 ) ( 549.990, 123.010 )


SHORT: Special Wire of Net vdd & Pin of Cell FILLER_9632  ( MET1 )
Bounds : ( 5.040, 131.970 ) ( 549.990, 132.770 )


SHORT: Special Wire of Net gnd & Pin of Cell integer_file_instance_Q_reg[29][24]  ( MET1 )
Bounds : ( 5.040, 136.850 ) ( 549.990, 137.650 )


  Total Violations : 126 Viols.
