###############################################################
#  Generated by:      Cadence Innovus 15.20-p005_1
#  OS:                Linux x86_64(Host ID pgmicro02)
#  Generated on:      Mon Mar 20 02:44:46 2023
#  Design:            top
#  Command:           set_db delaycal_combine_mmmc none
###############################################################


# AC Rms Current Scale Factor: 1.000000
# Layout Scale Factor: 1.000000
#    Width = drawn_width * layout_scale
#    CutArea = drawn_area * layout_scale ^ 2
# The current or EM limit at via layer is reported as the sum value of all cuts for a via cluster
# UNITS: 
#    Frequency in Gigahertz
#    Rise,Fall Times in Nanoseconds, and 0-100% full time transition
#    Td in Nanoseconds
#    Capacitance in Picofarads
#    Current (Irms,Limit) in milliAmps
# Markers:
#    * : violations of ratio >= 1.0, when em_threshold < 1.0; violations of ratio >= em_threshold, when em_threshold >= 1.0.
#    + : violations of em_threshold <= ratio < 1.0, when em_threshold < 1.0.
#    - : violations of 1.0 <= ratio < em_threshold, when em_threshold > 1.0.
# Eff Freq:
#    When the column has x.xxx (y.yyy), it means that tool gets y.yyy frequency from the design, but x.xxx frequency is applied to calculate EM, where x.xxx could be set by the freq of -default_freq_for_unconstrained_nets or -minPeakFreq.


A total of 0 AC Limit violations.


Rms Viol Net Histogram:
range        min        max        num
  0        0.00000     0.00000      0
  1        0.00000     0.00000      0
  2        0.00000     0.00000      0
  3        0.00000     0.00000      0
  4        0.00000     0.00000      0
  5        0.00000     0.00000      0
  6        0.00000     0.00000      0
  7        0.00000     0.00000      0


Rms Viol Wire Histogram:
range        min        max        num
  0        0.00000     0.00000      0
  1        0.00000     0.00000      0
  2        0.00000     0.00000      0
  3        0.00000     0.00000      0
  4        0.00000     0.00000      0
  5        0.00000     0.00000      0
  6        0.00000     0.00000      0
  7        0.00000     0.00000      0


EM Violation Summary:
#                    RMS         PEAK        AVG         ALL         DESIGN
Nets                   0           0           0           0           7830
Clock Nets             0           0           0           0             88
Data Nets              0           0           0           0           7742
Wire Segments          0           0           0           0          71601
