

Working Directory = /home/inf01185/enrico.pizzol/cci-2/steel/synthesis
QoS Summary for riscv_steel_core
========================================================================================
Metric                  generic    map        syn_opt    syn_opt_low_incr final     
========================================================================================
Slack (ps):             infinity   infinity   infinity   infinity   infinity
  R2R (ps):             no_value   no_value   no_value   no_value   no_value
  I2R (ps):             no_value   no_value   no_value   no_value   no_value
  R2O (ps):             no_value   no_value   no_value   no_value   no_value
  I2O (ps):             no_value   no_value   no_value   no_value   no_value
  CG  (ps):             no_value   no_value   no_value   no_value   no_value
TNS (ps):                      0          0          0          0          0
  R2R (ps):             no_value   no_value   no_value   no_value   no_value
  I2R (ps):             no_value   no_value   no_value   no_value   no_value
  R2O (ps):             no_value   no_value   no_value   no_value   no_value
  I2O (ps):             no_value   no_value   no_value   no_value   no_value
  CG  (ps):             no_value   no_value   no_value   no_value   no_value
Failing Paths:                 0          0          0          0          0
Area:                     258488     170678     170691     170691     170691
Instances:                  8878       6192       6154       6154       6154
Utilization (%):            0.00       0.00       0.00       0.00       0.00
Tot. Net Length (um):   no_value   no_value   no_value   no_value   no_value
Avg. Net Length (um):   no_value   no_value   no_value   no_value   no_value
Total Overflow H:              0          0          0          0          0
Total Overflow V:              0          0          0          0          0
Route Overflow H (%):   no_value   no_value   no_value   no_value   no_value
Route Overflow V (%):   no_value   no_value   no_value   no_value   no_value
========================================================================================
CPU  Runtime (m:s):        00:39      07:06      00:29      00:03      00:07
Real Runtime (m:s):        00:41      05:27      00:30      00:05      00:09
CPU  Elapsed (m:s):        00:49      07:55      08:24      08:27      08:34
Real Elapsed (m:s):        00:43      06:10      06:40      06:45      06:54
Memory (MB):              591.36     671.91     671.91     671.91     671.91
========================================================================================

========================================================================================
Flow Settings:
========================================================================================
Total Runtime (m:s): 06:52
Total Memory (MB):   671.91
Executable Version:  15.22
========================================================================================


