Command: report datapath > reports_Dec13-22:55:34/riscv_steel_core_datapath_incr.rpt
============================================================
  Generated by:           Genus(TM) Synthesis Solution GENUS15.22 - 15.20-s024_1
  Generated on:           Dec 13 2022  11:02:21 pm
  Module:                 riscv_steel_core
  Interconnect mode:      global
  Area mode:              physical library
============================================================


Inferred components

                 Operator   Signedness  Inputs  Outputs CellArea 
=================================================================
riscv_steel_core
 branch_decision_instance_lt_720_14
  
  module:lt_unsigned
   slow             <       unsigned   32x32    1        1054.52 
=================================================================
riscv_steel_core
 rv32i_alu_instance_csa_tree_add_626_25_groupi
  
  module:csa_tree_add_626_25_group_220
   very_fast  csa_and_adder            32x34x34 32       2570.20 
-----------------------------------------------------------------
   add_626_25       +       unsigned   32x32    32               
=================================================================
riscv_steel_core
 rv32i_alu_instance_lt_615_19
  
  module:lt_unsigned_142
   slow             <       unsigned   32x32    1        1051.44 
=================================================================

      Type        CellArea Percentage 
--------------------------------------
datapath modules   4676.16       2.74 
external muxes        0.00       0.00 
others           166014.53      97.26 
--------------------------------------
total            170690.69     100.00 

