============================================================
  Generated by:           Genus(TM) Synthesis Solution GENUS15.22 - 15.20-s024_1
  Generated on:           Dec 15 2022  05:33:07 pm
  Module:                 riscv_steel_core
  Interconnect mode:      global
  Area mode:              physical library
============================================================


Path 1: MET (0 ps)
          Group: cg_enable_group_clock
     Startpoint: (R) csr_file_instance_current_state_reg[2]/C
          Clock: (R) clock
       Endpoint: (R) csr_file_instance_RC_CG_HIER_INST9/enl_reg/D
          Clock: (F) clock

                     Capture       Launch     
        Clock Edge:+    5000            0     
       Src Latency:+       0            0     
       Net Latency:+       0 (I)        0 (I) 
           Arrival:=    5000            0     
                                              
     Required Time:=    5000                  
      Launch Clock:-       0                  
         Data Path:-    7935                  
             Slack:=       0                  

#-------------------------------------------------------------------------------------------------------------
#                Timing Point                  Flags   Arc   Edge   Cell     Fanout  Load Trans Delay Arrival 
#                                                                                    (fF)  (ps)  (ps)   (ps)  
#-------------------------------------------------------------------------------------------------------------
  csr_file_instance_current_state_reg[2]/C     -       -     R     (arrival)      3     -     0     -       0 
  csr_file_instance_current_state_reg[2]/Q     -       C->Q  F     DFRQX1         2  21.8   165   308     308 
  csr_file_instance_g4045/Q                    -       B->Q  R     NO2X2          1  17.8   150   122     431 
  g32692/Q                                     -       B->Q  F     NA3I1X4        3  74.5   177   120     550 
  g2950/Q                                      -       A->Q  R     INX8          22 159.5   123   102     652 
  g2961/Q                                      -       A->Q  R     AND2X2         8  55.6   244   213     865 
  integer_file_instance_g32382/Q               -       A->Q  F     INX1           4  30.9   169   135    1000 
  integer_file_instance_g31860/Q               -       A->Q  R     NO2X1          8  57.0   643   385    1386 
  integer_file_instance_g32412/Q               -       BN->Q R     NO3I2X1       28 182.6  2448  1431    2816 
  integer_file_instance_g31278/Q               -       A->Q  F     INX1           5  41.6   564   312    3128 
  integer_file_instance_g31035/Q               -       C->Q  R     ON22X1         1   9.9   312   269    3398 
  integer_file_instance_g30639/Q               -       E->Q  F     AN221X1        1   8.9   598    92    3489 
  integer_file_instance_g30071/Q               -       B->Q  R     NA6X1          1   8.9   104   358    3847 
  integer_file_instance_g29919/Q               -       D->Q  R     AO211X1        7  52.1   453   321    4168 
  branch_decision_instance_lt_720_14/g2278/Q   -       A->Q  F     INX1           2  16.5   157   117    4285 
  branch_decision_instance_lt_720_14/g2240/Q   -       B->Q  F     OR2X1          1  11.7    93   209    4494 
  branch_decision_instance_lt_720_14/g2196/Q   -       E->Q  R     AN222X1        1  11.9   373   209    4703 
  branch_decision_instance_lt_720_14/g2188/Q   -       B->Q  F     ON321X1        1  11.1   213   179    4882 
  branch_decision_instance_lt_720_14/g2186/Q   -       C->Q  R     AN321X1        1  11.2   378   284    5165 
  branch_decision_instance_lt_720_14/g2185/Q   -       A->Q  F     ON21X1         1  11.1   148   103    5268 
  branch_decision_instance_lt_720_14/g2184/Q   -       C->Q  R     AN321X1        1   9.4   353   260    5529 
  branch_decision_instance_lt_720_14/g2285/Q   -       A->Q  R     OA21X1         2  20.2   196   231    5760 
  branch_decision_instance_g2005/Q             -       A->Q  F     AN21X1         1  10.7   131   107    5867 
  branch_decision_instance_g1999/Q             -       E->Q  R     ON32X1         1  13.1   413   145    6012 
  branch_decision_instance_g1998/Q             -       A->Q  F     EN2X1          1  11.8   156   257    6269 
  branch_decision_instance_g1997/Q             -       C->Q  R     ON321X1        1   9.2   419   246    6515 
  branch_decision_instance_g1996/Q             -       A->Q  R     AND3X1         4  30.1   280   287    6802 
  g965/Q                                       -       A->Q  R     AND2X1         4  28.1   260   221    7023 
  csr_file_instance_g4047/Q                    -       A->Q  R     OR5X1          3  29.1   286   242    7265 
  csr_file_instance_g4053/Q                    -       AN->Q R     NO2I1X1        3  19.4   258   221    7486 
  csr_file_instance_g4051/Q                    -       A->Q  R     OR2X1          2  13.9   146   170    7656 
  csr_file_instance_g4049/Q                    -       A->Q  R     OR3X1          1   8.7   107   143    7799 
  csr_file_instance_RC_CG_HIER_INST9/g7/Q      -       A->Q  R     OR2X1          1   9.4   109   136    7935 
  csr_file_instance_RC_CG_HIER_INST9/enl_reg/D -       -     R     DLLQX1         1     -     -     0    7935 
#-------------------------------------------------------------------------------------------------------------

