============================================================
  Generated by:           Genus(TM) Synthesis Solution GENUS15.22 - 15.20-s024_1
  Generated on:           Dec 15 2022  05:33:07 pm
  Module:                 riscv_steel_core
  Interconnect mode:      global
  Area mode:              physical library
============================================================


Path 1: MET (0 ps) Setup Check with Pin program_counter_reg[31]/C->D
          Group: C2C
     Startpoint: (R) alu_2nd_operand_source_stage3_reg/C
          Clock: (R) clock
       Endpoint: (R) program_counter_reg[31]/D
          Clock: (R) clock

                     Capture       Launch     
        Clock Edge:+   10000            0     
       Src Latency:+       0            0     
       Net Latency:+       0 (I)        0 (I) 
           Arrival:=   10000            0     
                                              
             Setup:-     104                  
     Required Time:=    9896                  
      Launch Clock:-       0                  
         Data Path:-    9896                  
             Slack:=       0                  

#-----------------------------------------------------------------------------------------------------
#            Timing Point             Flags    Arc   Edge   Cell     Fanout  Load Trans Delay Arrival 
#                                                                            (fF)  (ps)  (ps)   (ps)  
#-----------------------------------------------------------------------------------------------------
  alu_2nd_operand_source_stage3_reg/C -       -      R     (arrival)    466     -     0     -       0 
  alu_2nd_operand_source_stage3_reg/Q -       C->Q   F     DFRQX4         6  73.5   142   306     306 
  g2877/Q                             -       A->Q   F     BUX6           8  69.1    70   123     429 
  g32588/Q                            -       S->Q   F     MU2X2          7  65.8   171   269     698 
  rv32i_alu_instance_g14219/Q         -       A->Q   R     INX2           7  81.1   217   158     856 
  rv32i_alu_instance_g14218/Q         -       A->Q   F     INX2          12 124.1   272   202    1058 
  rv32i_alu_instance_g14092/Q         -       B->Q   R     NO2X1          3  24.1   314   229    1287 
  rv32i_alu_instance_g33470/Q         -       B->Q   R     AND2X1         6  47.2   410   301    1588 
  rv32i_alu_instance_g13882/Q         -       A->Q   F     INX1           1  11.1   126    90    1678 
  rv32i_alu_instance_g13649/Q         -       D->Q   R     ON221X1        1  11.2   350   181    1860 
  rv32i_alu_instance_g13576/Q         -       B->Q   F     ON21X1         1  10.5   141   118    1978 
  rv32i_alu_instance_g13525/Q         -       C->Q   R     ON211X1        1   9.9   242   150    2128 
  g4662/Q                             -       A->Q   F     NA2X1          1  12.3   149    90    2218 
  g4494/Q                             -       A->Q   R     NA2X2          5  34.5   222   135    2354 
  integer_file_instance_g30229/Q      -       A->Q   F     NA2X1          1  14.9   212    97    2451 
  integer_file_instance_g29918/Q      -       C->Q   R     NA3X2          7  56.2   309   234    2684 
  add_348_14_g2693/Q                  -       B->Q   F     NO2X1          1   9.8   118    94    2778 
  add_348_14_g2646/Q                  -       A->Q   R     NO2X1          1  12.4   187   127    2905 
  add_348_14_g2645/Q                  -       A->Q   F     NO2X2          2  19.4    84    65    2970 
  add_348_14_g2640/Q                  -       A->Q   R     NO2X1          1  12.4   187   119    3089 
  add_348_14_g2639/Q                  -       A->Q   F     NO2X2          2  19.4    92    65    3153 
  add_348_14_g2636/Q                  -       A->Q   R     NO2X1          1  12.4   189   121    3274 
  add_348_14_g2635/Q                  -       A->Q   F     NO2X2          2  19.4    92    65    3339 
  add_348_14_g2632/Q                  -       A->Q   R     NO2X1          1  12.4   191   121    3460 
  add_348_14_g2631/Q                  -       A->Q   F     NO2X2          2  19.8    93    66    3525 
  add_348_14_g2628/Q                  -       A->Q   F     OA21X2         2  19.8    91   221    3746 
  add_348_14_g2625/Q                  -       A->Q   F     OA21X2         2  19.8    91   220    3966 
  add_348_14_g2622/Q                  -       A->Q   F     OA21X2         3  25.3   102   231    4198 
  add_348_14_g2618/Q                  -       C->Q   R     ON31X1         1  21.7   434   254    4452 
  add_348_14_g2616/CO                 -       CI->CO R     FAX2           1  21.7   128   225    4677 
  add_348_14_g2615/CO                 -       CI->CO R     FAX2           1  21.7   126   182    4858 
  add_348_14_g2614/CO                 -       CI->CO R     FAX2           1  21.7   127   181    5040 
  add_348_14_g2613/CO                 -       CI->CO R     FAX2           1  21.7   125   181    5221 
  add_348_14_g2612/CO                 -       CI->CO R     FAX2           1  21.7   126   181    5402 
  add_348_14_g2611/CO                 -       CI->CO R     FAX2           2  16.1   104   167    5569 
  add_348_14_g2610/Q                  -       A->Q   F     NA2X1          2  15.0   119    84    5652 
  add_348_14_g2608/Q                  -       A->Q   F     OR2X1          2  16.1   110   201    5853 
  add_348_14_g2605/Q                  -       A->Q   R     ON211X1        3  21.7   332   207    6060 
  add_348_14_g2599/Q                  -       A->Q   F     NA3X1          1   9.9   155   108    6168 
  add_348_14_g2597/Q                  -       A->Q   R     NA2X1          3  25.6   256   176    6344 
  add_348_14_g2595/Q                  -       B->Q   F     NA2I1X1        1  10.7   113    81    6424 
  add_348_14_g2591/Q                  -       A->Q   R     AN21X1         1  12.4   224   156    6580 
  add_348_14_g2590/Q                  -       A->Q   F     NO2X2          3  25.3   104    77    6657 
  add_348_14_g2586/Q                  -       C->Q   R     ON31X1         1  21.7   434   254    6911 
  add_348_14_g2584/CO                 -       CI->CO R     FAX2           1  21.7   125   225    7136 
  add_348_14_g2583/CO                 -       CI->CO R     FAX2           1  20.0   121   177    7313 
  add_348_14_g2582/CO                 -       CI->CO R     FAX1           1  20.0   197   216    7529 
  add_348_14_g2581/CO                 -       CI->CO R     FAX1           1  20.0   198   226    7755 
  add_348_14_g2580/CO                 -       CI->CO R     FAX1           1  13.8   151   200    7955 
  add_348_14_g2579/Q                  -       A->Q   R     EO3X1          1   9.4   178   152    8107 
  g4863/Q                             -       IN1->Q R     MU2X1          2  15.1   186   201    8308 
  g4778/Q                             -       B->Q   R     AO221X1        2 333.0  2661  1588    9896 
  program_counter_reg[31]/D           -       -      R     DFRQX1         2     -     -     0    9896 
#-----------------------------------------------------------------------------------------------------

