============================================================
  Generated by:           Genus(TM) Synthesis Solution GENUS15.22 - 15.20-s024_1
  Generated on:           Dec 15 2022  05:32:30 pm
  Module:                 riscv_steel_core
  Interconnect mode:      global
  Area mode:              physical library
============================================================


Path 1: MET (200 ps) Setup Check with Pin csr_file_instance_minstret_reg[63]/C->D
          Group: C2C
     Startpoint: (R) instruction_csr_address_stage3_reg[6]/C
          Clock: (R) clock
       Endpoint: (F) csr_file_instance_minstret_reg[63]/D
          Clock: (R) clock

                     Capture       Launch     
        Clock Edge:+   10000            0     
       Src Latency:+       0            0     
       Net Latency:+       0 (I)        0 (I) 
           Arrival:=   10000            0     
                                              
             Setup:-     162                  
     Required Time:=    9838                  
      Launch Clock:-       0                  
         Data Path:-    9639                  
             Slack:=     200                  

#-----------------------------------------------------------------------------------------------------------
#               Timing Point                 Flags   Arc   Edge   Cell     Fanout  Load Trans Delay Arrival 
#                                                                                  (fF)  (ps)  (ps)   (ps)  
#-----------------------------------------------------------------------------------------------------------
  instruction_csr_address_stage3_reg[6]/C    -       -     R     (arrival)    466     -     0     -       0 
  instruction_csr_address_stage3_reg[6]/Q    -       C->Q  R     DFRSQX4        3  41.5   120   279     279 
  csr_file_instance_g8718/Q                  -       B->Q  F     NO2X2          5  49.5   132   107     386 
  csr_file_instance_g8669/Q                  -       B->Q  F     AND2X1         2  23.5   123   201     586 
  csr_file_instance_g8667/Q                  -       A->Q  R     INX1           1  15.1   100    84     670 
  csr_file_instance_g8624/Q                  -       B->Q  R     OR2X4          2  51.1   119   138     808 
  csr_file_instance_g8607/Q                  -       A->Q  F     INX8          31 185.2   113    91     899 
  csr_file_instance_g8541/Q                  -       D->Q  R     AN222X1        1  14.9   414   268    1166 
  csr_file_instance_g8411/Q                  -       C->Q  F     NA3X2          2  16.2   142    84    1250 
  csr_file_instance_g5401/Q                  -       A->Q  R     NA2X1          1  18.7   209   142    1393 
  csr_file_instance_g5366/Q                  -       A->Q  F     NA3X4          4  37.6   125    85    1478 
  csr_file_instance_inc_ADD_UNS_OP_5_g929/CO -       A->CO F     HAX2           2  15.9    72   172    1649 
  csr_file_instance_inc_ADD_UNS_OP_5_g928/Q  -       A->Q  F     AND2X2         1  14.5    59   117    1766 
  csr_file_instance_inc_ADD_UNS_OP_5_g926/CO -       A->CO F     HAX1           1  14.5    99   166    1933 
  csr_file_instance_inc_ADD_UNS_OP_5_g925/CO -       A->CO F     HAX1           2  21.0   124   195    2128 
  csr_file_instance_inc_ADD_UNS_OP_5_g920/Q  -       A->Q  F     AND6X2         2  18.4    91   167    2295 
  csr_file_instance_inc_ADD_UNS_OP_5_g918/Q  -       A->Q  R     INX1           1  12.3    84    69    2364 
  csr_file_instance_inc_ADD_UNS_OP_5_g917/Q  -       B->Q  F     NO2I1X2        2  18.3    80    53    2417 
  csr_file_instance_inc_ADD_UNS_OP_5_g915/Q  -       A->Q  F     AND2X4         2  21.9    51   108    2525 
  csr_file_instance_inc_ADD_UNS_OP_5_g913/Q  -       A->Q  R     NA2X2          2  18.5   132    75    2600 
  csr_file_instance_inc_ADD_UNS_OP_5_g910/Q  -       B->Q  F     NO2I1X2        2  15.2    73    54    2654 
  csr_file_instance_inc_ADD_UNS_OP_5_g937/Q  -       A->Q  F     AND2X1         2  15.9    96   148    2802 
  csr_file_instance_inc_ADD_UNS_OP_5_g940/Q  -       A->Q  F     AND2X2         2  18.3    66   130    2932 
  csr_file_instance_inc_ADD_UNS_OP_5_g902/Q  -       A->Q  R     NA2X2          2  17.1   122    76    3008 
  csr_file_instance_inc_ADD_UNS_OP_5_g899/Q  -       B->Q  F     NO2I1X1        2  18.3   110    92    3100 
  csr_file_instance_inc_ADD_UNS_OP_5_g897/Q  -       A->Q  R     NA2X2          2  17.1   139    87    3187 
  csr_file_instance_inc_ADD_UNS_OP_5_g894/Q  -       B->Q  F     NO2I1X1        2  18.3   114    95    3282 
  csr_file_instance_inc_ADD_UNS_OP_5_g892/Q  -       A->Q  R     NA2X2          2  18.5   134    91    3373 
  csr_file_instance_inc_ADD_UNS_OP_5_g889/Q  -       B->Q  F     NO2I1X2        1  15.4    75    54    3428 
  csr_file_instance_inc_ADD_UNS_OP_5_g887/CO -       A->CO F     HAX2           2  19.6    81   166    3593 
  csr_file_instance_inc_ADD_UNS_OP_5_g884/Q  -       A->Q  F     AND4X1         2  21.9   135   189    3783 
  csr_file_instance_inc_ADD_UNS_OP_5_g882/Q  -       A->Q  R     NA2X2          2  17.1   131    93    3876 
  csr_file_instance_inc_ADD_UNS_OP_5_g879/Q  -       B->Q  F     NO2I1X1        2  18.3   112    94    3969 
  csr_file_instance_inc_ADD_UNS_OP_5_g877/Q  -       A->Q  R     NA2X2          2  17.1   130    88    4057 
  csr_file_instance_inc_ADD_UNS_OP_5_g874/Q  -       B->Q  F     NO2I1X1        1  15.4   102    86    4143 
  csr_file_instance_inc_ADD_UNS_OP_5_g872/CO -       A->CO F     HAX2           2  15.9    73   165    4308 
  csr_file_instance_inc_ADD_UNS_OP_5_g871/Q  -       A->Q  F     AND2X2         2  15.9    61   120    4428 
  csr_file_instance_inc_ADD_UNS_OP_5_g869/Q  -       A->Q  F     AND2X2         1  14.5    59   114    4542 
  csr_file_instance_inc_ADD_UNS_OP_5_g867/CO -       A->CO F     HAX1           2  20.7   122   184    4726 
  csr_file_instance_inc_ADD_UNS_OP_5_g864/Q  -       A->Q  F     AND4X2         2  20.9    90   160    4886 
  csr_file_instance_inc_ADD_UNS_OP_5_g861/Q  -       A->Q  F     AND3X2         2  21.9    78   148    5034 
  csr_file_instance_inc_ADD_UNS_OP_5_g859/Q  -       A->Q  R     NA2X2          2  20.4   138    86    5120 
  csr_file_instance_inc_ADD_UNS_OP_5_g856/Q  -       B->Q  F     NO2I1X1        2  21.9   128   104    5223 
  csr_file_instance_inc_ADD_UNS_OP_5_g854/Q  -       A->Q  R     NA2X2          2  20.4   138    99    5322 
  csr_file_instance_inc_ADD_UNS_OP_5_g851/Q  -       B->Q  F     NO2I1X1        2  19.5   118    98    5420 
  csr_file_instance_inc_ADD_UNS_OP_5_g849/Q  -       A->Q  F     AND2X2         1  14.5    57   128    5548 
  csr_file_instance_inc_ADD_UNS_OP_5_g847/CO -       A->CO F     HAX1           1  14.5    99   166    5714 
  csr_file_instance_inc_ADD_UNS_OP_5_g846/CO -       A->CO F     HAX1           1  14.5    99   176    5890 
  csr_file_instance_inc_ADD_UNS_OP_5_g845/CO -       A->CO F     HAX1           1  14.5    99   176    6066 
  csr_file_instance_inc_ADD_UNS_OP_5_g844/CO -       A->CO F     HAX1           1  14.5    99   176    6242 
  csr_file_instance_inc_ADD_UNS_OP_5_g843/CO -       A->CO F     HAX1           1  14.5    99   176    6418 
  csr_file_instance_inc_ADD_UNS_OP_5_g842/CO -       A->CO F     HAX1           1  14.5    99   176    6594 
  csr_file_instance_inc_ADD_UNS_OP_5_g841/CO -       A->CO F     HAX1           1  14.5    99   176    6770 
  csr_file_instance_inc_ADD_UNS_OP_5_g840/CO -       A->CO F     HAX1           1  14.5    99   176    6946 
  csr_file_instance_inc_ADD_UNS_OP_5_g839/CO -       A->CO F     HAX1           1  14.5    99   176    7122 
  csr_file_instance_inc_ADD_UNS_OP_5_g838/CO -       A->CO F     HAX1           1  14.5    99   176    7298 
  csr_file_instance_inc_ADD_UNS_OP_5_g837/CO -       A->CO F     HAX1           1  14.5    99   176    7474 
  csr_file_instance_inc_ADD_UNS_OP_5_g836/CO -       A->CO F     HAX1           1  14.5    99   176    7649 
  csr_file_instance_inc_ADD_UNS_OP_5_g835/CO -       A->CO F     HAX1           1  14.5    99   176    7825 
  csr_file_instance_inc_ADD_UNS_OP_5_g834/CO -       A->CO F     HAX1           1  14.5    99   176    8001 
  csr_file_instance_inc_ADD_UNS_OP_5_g833/CO -       A->CO F     HAX1           1  14.5    99   176    8177 
  csr_file_instance_inc_ADD_UNS_OP_5_g832/CO -       A->CO F     HAX1           1  14.5    99   176    8353 
  csr_file_instance_inc_ADD_UNS_OP_5_g831/CO -       A->CO F     HAX1           1  14.5    99   176    8529 
  csr_file_instance_inc_ADD_UNS_OP_5_g830/CO -       A->CO F     HAX1           1  14.5    99   176    8705 
  csr_file_instance_inc_ADD_UNS_OP_5_g829/CO -       A->CO F     HAX1           1  14.5    99   176    8881 
  csr_file_instance_inc_ADD_UNS_OP_5_g828/CO -       A->CO F     HAX1           1  13.2    94   172    9053 
  csr_file_instance_inc_ADD_UNS_OP_5_g827/Q  -       A->Q  F     EO2X1          1   8.2   126   187    9240 
  csr_file_instance_g9666/Q                  -       F->Q  F     AO222X0        1   9.7   246   399    9639 
  csr_file_instance_minstret_reg[63]/D       -       -     F     DFRQX1         1     -     -     0    9639 
#-----------------------------------------------------------------------------------------------------------

