============================================================
  Generated by:           Genus(TM) Synthesis Solution GENUS15.22 - 15.20-s024_1
  Generated on:           Dec 15 2022  05:33:07 pm
  Module:                 riscv_steel_core
  Interconnect mode:      global
  Area mode:              physical library
============================================================


Path 1: MET (440 ps) Setup Check with Pin program_counter_reg[31]/C->D
          Group: I2C
     Startpoint: (F) instruction_in[15]
          Clock: (R) clock
       Endpoint: (R) program_counter_reg[31]/D
          Clock: (R) clock

                     Capture       Launch     
        Clock Edge:+   10000            0     
       Src Latency:+       0            0     
       Net Latency:+       0 (I)        0 (I) 
           Arrival:=   10000            0     
                                              
             Setup:-     104                  
     Required Time:=    9896                  
      Launch Clock:-       0                  
       Input Delay:-     200                  
         Data Path:-    9256                  
             Slack:=     440                  

#------------------------------------------------------------------------------------------------
#         Timing Point           Flags    Arc   Edge   Cell     Fanout  Load Trans Delay Arrival 
#                                                                       (fF)  (ps)  (ps)   (ps)  
#------------------------------------------------------------------------------------------------
  instruction_in[15]             -       -      F     (arrival)      1  20.7   160     0     200 
  g2939/Q                        -       B->Q   R     NA2X4          5  44.0   144   123     323 
  g33464/Q                       -       A->Q   F     INX2           9  64.2   149   116     439 
  integer_file_instance_g31352/Q -       C->Q   R     NA3I1X1        4  31.3   338   234     673 
  integer_file_instance_g31339/Q -       B->Q   F     NO2I1X1        4  30.4   196   163     836 
  integer_file_instance_g31251/Q -       A->Q   R     NA2X1          1   8.9   137   112     948 
  integer_file_instance_g33297/Q -       C->Q   R     OA21X1         4  39.8   347   304    1252 
  integer_file_instance_g33327/Q -       A->Q   F     INX2          29 208.7   440   328    1580 
  integer_file_instance_g30671/Q -       A->Q   R     AN22X1         1   9.0   229   218    1798 
  integer_file_instance_g33311/Q -       E->Q   R     AND6X1         1  14.9   222   263    2061 
  integer_file_instance_g29915/Q -       C->Q   F     NA3X2          5  50.2   210   143    2204 
  add_348_14_g2712/Q             -       B->Q   R     NA2X2          2  19.4   142   131    2335 
  add_348_14_g2646/Q             -       B->Q   F     NO2X1          1  12.4    93    81    2416 
  add_348_14_g2645/Q             -       A->Q   R     NO2X2          2  19.4   151   102    2517 
  add_348_14_g2640/Q             -       A->Q   F     NO2X1          1  12.4   112    72    2589 
  add_348_14_g2639/Q             -       A->Q   R     NO2X2          2  19.4   152   106    2695 
  add_348_14_g2636/Q             -       A->Q   F     NO2X1          1  12.4   113    72    2767 
  add_348_14_g2635/Q             -       A->Q   R     NO2X2          2  19.4   152   106    2873 
  add_348_14_g2632/Q             -       A->Q   F     NO2X1          1  12.4   116    72    2945 
  add_348_14_g2631/Q             -       A->Q   R     NO2X2          2  19.8   154   108    3053 
  add_348_14_g2628/Q             -       A->Q   R     OA21X2         2  19.8   112   166    3219 
  add_348_14_g2625/Q             -       A->Q   R     OA21X2         2  19.8   112   162    3381 
  add_348_14_g2622/Q             -       A->Q   R     OA21X2         3  25.3   133   175    3556 
  add_348_14_g2618/Q             -       C->Q   F     ON31X1         1  21.7   198   114    3670 
  add_348_14_g2616/CO            -       CI->CO F     FAX2           1  21.7   106   258    3928 
  add_348_14_g2615/CO            -       CI->CO F     FAX2           1  21.7   106   234    4163 
  add_348_14_g2614/CO            -       CI->CO F     FAX2           1  21.7   106   234    4397 
  add_348_14_g2613/CO            -       CI->CO F     FAX2           1  21.7   106   234    4631 
  add_348_14_g2612/CO            -       CI->CO F     FAX2           1  21.7   106   234    4865 
  add_348_14_g2611/CO            -       CI->CO F     FAX2           2  16.1    89   220    5086 
  add_348_14_g2610/Q             -       A->Q   R     NA2X1          2  15.0   172   113    5198 
  add_348_14_g2608/Q             -       A->Q   R     OR2X1          2  16.1   164   172    5370 
  add_348_14_g2605/Q             -       A->Q   F     ON211X1        3  21.7   230   142    5512 
  add_348_14_g2599/Q             -       A->Q   R     NA3X1          1   9.9   180   142    5654 
  add_348_14_g2597/Q             -       A->Q   F     NA2X1          3  25.6   177   128    5782 
  add_348_14_g2595/Q             -       B->Q   R     NA2I1X1        1  10.7   150   128    5910 
  add_348_14_g2591/Q             -       A->Q   F     AN21X1         1  12.4   143   106    6016 
  add_348_14_g2590/Q             -       A->Q   R     NO2X2          3  25.3   186   130    6146 
  add_348_14_g2586/Q             -       C->Q   F     ON31X1         1  21.7   195   120    6266 
  add_348_14_g2584/CO            -       CI->CO F     FAX2           1  21.7   106   257    6523 
  add_348_14_g2583/CO            -       CI->CO F     FAX2           1  20.0   101   230    6753 
  add_348_14_g2582/CO            -       CI->CO F     FAX1           1  20.0   146   255    7008 
  add_348_14_g2581/CO            -       CI->CO F     FAX1           1  20.0   146   266    7274 
  add_348_14_g2580/CO            -       CI->CO F     FAX1           1  13.8   119   246    7520 
  add_348_14_g2579/Q             -       A->Q   R     EO3X1          1   9.4   178   147    7668 
  g4863/Q                        -       IN1->Q R     MU2X1          2  15.1   186   201    7868 
  g4778/Q                        -       B->Q   R     AO221X1        2 333.0  2661  1588    9456 
  program_counter_reg[31]/D      -       -      R     DFRQX1         2     -     -     0    9456 
#------------------------------------------------------------------------------------------------

