============================================================
  Generated by:           Genus(TM) Synthesis Solution GENUS15.22 - 15.20-s024_1
  Generated on:           Dec 15 2022  05:32:30 pm
  Module:                 riscv_steel_core
  Interconnect mode:      global
  Area mode:              physical library
============================================================


Path 1: MET (808 ps) Setup Check with Pin program_counter_reg[31]/C->D
          Group: I2C
     Startpoint: (F) instruction_in[15]
          Clock: (R) clock
       Endpoint: (R) program_counter_reg[31]/D
          Clock: (R) clock

                     Capture       Launch     
        Clock Edge:+   10000            0     
       Src Latency:+       0            0     
       Net Latency:+       0 (I)        0 (I) 
           Arrival:=   10000            0     
                                              
             Setup:-     143                  
     Required Time:=    9857                  
      Launch Clock:-       0                  
       Input Delay:-     200                  
         Data Path:-    8849                  
             Slack:=     808                  

#------------------------------------------------------------------------------------------------
#         Timing Point           Flags    Arc   Edge   Cell     Fanout  Load Trans Delay Arrival 
#                                                                       (fF)  (ps)  (ps)   (ps)  
#------------------------------------------------------------------------------------------------
  instruction_in[15]             -       -      F     (arrival)      1  20.7   160     0     200 
  g2939/Q                        -       B->Q   R     NA2X4          1  33.2   124   111     311 
  g2927/Q                        -       A->Q   F     INX6          10  95.9    98    82     393 
  integer_file_instance_g31351/Q -       C->Q   R     NA3I1X1        4  34.1   358   232     624 
  integer_file_instance_g32485/Q -       B->Q   F     NO2I1X2        4  31.3   138   102     726 
  integer_file_instance_g31250/Q -       A->Q   R     NA2X1          1   9.6   128   102     828 
  integer_file_instance_g31223/Q -       C->Q   R     OA21X2         2  28.5   146   191    1019 
  integer_file_instance_g31143/Q -       A->Q   F     INX3          31 224.8   354   240    1259 
  integer_file_instance_g30206/Q -       A->Q   R     AN222X1        1  10.6   357   319    1578 
  integer_file_instance_g29995/Q -       B->Q   R     AND6X2         1  14.7   138   193    1771 
  integer_file_instance_g29914/Q -       B->Q   F     NA3X2          6  43.6   186   127    1898 
  add_348_14_g2700/Q             -       A->Q   R     NO2X1          2  16.5   236   167    2065 
  add_348_14_g2640/Q             -       B->Q   F     NO2X1          1  12.4   112    93    2158 
  add_348_14_g2639/Q             -       A->Q   R     NO2X2          2  19.4   152   106    2264 
  add_348_14_g2636/Q             -       A->Q   F     NO2X1          1  12.4   112    72    2336 
  add_348_14_g2635/Q             -       A->Q   R     NO2X2          2  19.4   152   106    2442 
  add_348_14_g2632/Q             -       A->Q   F     NO2X1          1  12.4   112    72    2514 
  add_348_14_g2631/Q             -       A->Q   R     NO2X2          2  19.8   154   107    2621 
  add_348_14_g2628/Q             -       A->Q   R     OA21X2         2  19.8   112   166    2787 
  add_348_14_g2625/Q             -       A->Q   R     OA21X2         2  19.8   112   162    2949 
  add_348_14_g2622/Q             -       A->Q   R     OA21X2         3  25.3   133   175    3124 
  add_348_14_g2618/Q             -       C->Q   F     ON31X1         1  21.7   198   114    3239 
  add_348_14_g2616/CO            -       CI->CO F     FAX2           1  21.7   106   258    3496 
  add_348_14_g2615/CO            -       CI->CO F     FAX2           1  21.7   106   234    3731 
  add_348_14_g2614/CO            -       CI->CO F     FAX2           1  21.7   106   234    3965 
  add_348_14_g2613/CO            -       CI->CO F     FAX2           1  21.7   106   234    4199 
  add_348_14_g2612/CO            -       CI->CO F     FAX2           1  21.7   106   234    4433 
  add_348_14_g2611/CO            -       CI->CO F     FAX2           2  16.1    89   220    4654 
  add_348_14_g2610/Q             -       A->Q   R     NA2X1          2  15.0   172   113    4766 
  add_348_14_g2608/Q             -       A->Q   R     OR2X1          2  16.1   164   172    4938 
  add_348_14_g2605/Q             -       A->Q   F     ON211X1        3  21.7   229   142    5080 
  add_348_14_g2599/Q             -       A->Q   R     NA3X1          1   9.9   180   142    5222 
  add_348_14_g2597/Q             -       A->Q   F     NA2X1          3  25.6   177   128    5349 
  add_348_14_g2595/Q             -       B->Q   R     NA2I1X1        1  10.7   150   128    5478 
  add_348_14_g2591/Q             -       A->Q   F     AN21X1         1  12.4   143   106    5584 
  add_348_14_g2590/Q             -       A->Q   R     NO2X2          3  25.3   186   130    5714 
  add_348_14_g2586/Q             -       C->Q   F     ON31X1         1  21.7   195   120    5834 
  add_348_14_g2584/CO            -       CI->CO F     FAX2           1  21.7   106   257    6091 
  add_348_14_g2583/CO            -       CI->CO F     FAX2           1  20.0   101   230    6321 
  add_348_14_g2582/CO            -       CI->CO F     FAX1           1  20.0   146   255    6575 
  add_348_14_g2581/CO            -       CI->CO F     FAX1           1  20.0   146   266    6842 
  add_348_14_g2580/CO            -       CI->CO F     FAX1           1  13.8   119   246    7088 
  add_348_14_g2579/Q             -       A->Q   R     EO3X1          1   9.4   178   147    7235 
  g4863/Q                        -       IN1->Q R     MU2X1          2  20.6   204   225    7460 
  g4778/Q                        -       B->Q   R     AO221X1        2 332.7  2658  1589    9049 
  program_counter_reg[31]/D      -       -      R     DFRQX2         2     -     -     0    9049 
#------------------------------------------------------------------------------------------------

