============================================================
  Generated by:           Genus(TM) Synthesis Solution GENUS15.22 - 15.20-s024_1
  Generated on:           Dec 15 2022  02:26:41 pm
  Module:                 riscv_steel_core
  Interconnect mode:      global
  Area mode:              physical library
============================================================

Timing
--------

Clock Period 
-------------
clock 2000.0 


         Cost           Critical             Violating 
        Group          Path Slack    TNS       Paths   
-------------------------------------------------------
C2C                       -3031.5   -624648       1177 
C2O                      No paths         0            
cg_enable_group_clock     -2926.0     -2926          1 
clock                       -93.7       -93          1 
default                  No paths         0            
I2C                       -1950.5    -89628         72 
I2O                      No paths         0            
-------------------------------------------------------
Total                               -717295       1251 

Instance Count
--------------
Leaf Instance Count             8874 
Sequential Instance Count       1657 
Combinational Instance Count    7217 
Hierarchical Instance Count       64 

Area
----
Cell Area                          257699.545
Physical Cell Area                 0.000
Total Cell Area (Cell+Physical)    257699.545
Net Area                           740.924
Total Area (Cell+Physical+Net)     258440.469

Runtime                            0.000 seconds
Elapsed Runtime                    51 seconds
Genus peak memory usage            581.13 
Innovus peak memory usage          no_value 
Hostname                           pgmicro01
