============================================================
  Generated by:           Genus(TM) Synthesis Solution GENUS15.22 - 15.20-s024_1
  Generated on:           Dec 15 2022  05:33:00 pm
  Module:                 riscv_steel_core
  Interconnect mode:      global
  Area mode:              physical library
============================================================

Timing
--------

Clock  Period 
--------------
clock 10000.0 


         Cost           Critical       Violating 
        Group          Path Slack TNS    Paths   
-------------------------------------------------
C2C                           0.0   0          0 
C2O                      No paths   0            
cg_enable_group_clock         0.0   0          0 
clock                      1854.0   0          0 
default                  No paths   0            
I2C                         439.6   0          0 
I2O                      No paths   0            
-------------------------------------------------
Total                               0          0 

Instance Count
--------------
Leaf Instance Count             6817 
Sequential Instance Count       1652 
Combinational Instance Count    5165 
Hierarchical Instance Count       43 

Area
----
Cell Area                          176925.571
Physical Cell Area                 0.000
Total Cell Area (Cell+Physical)    176925.571
Net Area                           92617.674
Total Area (Cell+Physical+Net)     269543.245

Runtime                            -306.782 seconds
Elapsed Runtime                    312 seconds
Genus peak memory usage            666.38 
Innovus peak memory usage          no_value 
Hostname                           pgmicro04.ufrgs.br
