============================================================
  Generated by:           Genus(TM) Synthesis Solution GENUS15.22 - 15.20-s024_1
  Generated on:           Dec 15 2022  05:33:00 pm
  Module:                 riscv_steel_core
  Interconnect mode:      global
  Area mode:              physical library
============================================================

                               
  Gate   Instances     Area                Library            
--------------------------------------------------------------
AN211X1         30     553.392    D_CELLS_MOSST_typ_1_80V_25C 
AN21X1         137    1684.771    D_CELLS_MOSST_typ_1_80V_25C 
AN221X1        245    5272.596    D_CELLS_MOSST_typ_1_80V_25C 
AN222X0         32     688.666    D_CELLS_MOSST_typ_1_80V_25C 
AN222X1        172    4230.374    D_CELLS_MOSST_typ_1_80V_25C 
AN22X1         539    8285.508    D_CELLS_MOSST_typ_1_80V_25C 
AN31X1          10     153.720    D_CELLS_MOSST_typ_1_80V_25C 
AN321X1         12     295.142    D_CELLS_MOSST_typ_1_80V_25C 
AN32X1          13     239.803    D_CELLS_MOSST_typ_1_80V_25C 
AND2X1         339    4168.886    D_CELLS_MOSST_typ_1_80V_25C 
AND2X2          27     498.053    D_CELLS_MOSST_typ_1_80V_25C 
AND2X4          19     525.722    D_CELLS_MOSST_typ_1_80V_25C 
AND3X1          17     261.324    D_CELLS_MOSST_typ_1_80V_25C 
AND3X2           2      43.042    D_CELLS_MOSST_typ_1_80V_25C 
AND3X4           1      33.818    D_CELLS_MOSST_typ_1_80V_25C 
AND4X1          37     910.022    D_CELLS_MOSST_typ_1_80V_25C 
AND4X2           1      30.744    D_CELLS_MOSST_typ_1_80V_25C 
AND5X2           1      33.818    D_CELLS_MOSST_typ_1_80V_25C 
AND6X1          97    2982.168    D_CELLS_MOSST_typ_1_80V_25C 
AND6X2           4     147.571    D_CELLS_MOSST_typ_1_80V_25C 
AO211X1         22     473.458    D_CELLS_MOSST_typ_1_80V_25C 
AO211X2          1      27.670    D_CELLS_MOSST_typ_1_80V_25C 
AO21X1          58    1069.891    D_CELLS_MOSST_typ_1_80V_25C 
AO21X2          15     368.928    D_CELLS_MOSST_typ_1_80V_25C 
AO21X4           7     193.687    D_CELLS_MOSST_typ_1_80V_25C 
AO221X1         48    1180.570    D_CELLS_MOSST_typ_1_80V_25C 
AO222X0         18     442.714    D_CELLS_MOSST_typ_1_80V_25C 
AO222X1        150    4150.440    D_CELLS_MOSST_typ_1_80V_25C 
AO222X2          3     101.455    D_CELLS_MOSST_typ_1_80V_25C 
AO22X1         185    3981.348    D_CELLS_MOSST_typ_1_80V_25C 
AO22X2          13     359.705    D_CELLS_MOSST_typ_1_80V_25C 
AO31X1           1      21.521    D_CELLS_MOSST_typ_1_80V_25C 
AO31X2           1      24.595    D_CELLS_MOSST_typ_1_80V_25C 
AO321X1          6     166.018    D_CELLS_MOSST_typ_1_80V_25C 
AO32X1           6     147.571    D_CELLS_MOSST_typ_1_80V_25C 
AO32X2           1      27.670    D_CELLS_MOSST_typ_1_80V_25C 
BUX1             6      73.786    D_CELLS_MOSST_typ_1_80V_25C 
BUX2             1      15.372    D_CELLS_MOSST_typ_1_80V_25C 
BUX3             1      21.521    D_CELLS_MOSST_typ_1_80V_25C 
BUX6             1      33.818    D_CELLS_MOSST_typ_1_80V_25C 
BUX8             1      43.042    D_CELLS_MOSST_typ_1_80V_25C 
DFRQX1        1484   77560.963    D_CELLS_MOSST_typ_1_80V_25C 
DFRQX2          12     664.070    D_CELLS_MOSST_typ_1_80V_25C 
DFRQX4           8     565.690    D_CELLS_MOSST_typ_1_80V_25C 
DFRSQX4          3     221.357    D_CELLS_MOSST_typ_1_80V_25C 
DFRX1           72    3984.422    D_CELLS_MOSST_typ_1_80V_25C 
DFRX2            1      61.488    D_CELLS_MOSST_typ_1_80V_25C 
DLLQX1          40    1475.712    D_CELLS_MOSST_typ_1_80V_25C 
EN2X0           86    1321.992    D_CELLS_MOSST_typ_1_80V_25C 
EN2X1           75    1614.060    D_CELLS_MOSST_typ_1_80V_25C 
EN3X1            3     119.902    D_CELLS_MOSST_typ_1_80V_25C 
EO2X0           70    1076.040    D_CELLS_MOSST_typ_1_80V_25C 
EO2X1           97    2087.518    D_CELLS_MOSST_typ_1_80V_25C 
EO3X1            2      79.934    D_CELLS_MOSST_typ_1_80V_25C 
FAX1            12     700.963    D_CELLS_MOSST_typ_1_80V_25C 
FAX2            13     839.311    D_CELLS_MOSST_typ_1_80V_25C 
FAX4             1      73.786    D_CELLS_MOSST_typ_1_80V_25C 
HAX1           203    6241.032    D_CELLS_MOSST_typ_1_80V_25C 
HAX2            44    1623.283    D_CELLS_MOSST_typ_1_80V_25C 
INX1           278    1709.366    D_CELLS_MOSST_typ_1_80V_25C 
INX2            28     258.250    D_CELLS_MOSST_typ_1_80V_25C 
INX3             5      76.860    D_CELLS_MOSST_typ_1_80V_25C 
INX4             5      92.232    D_CELLS_MOSST_typ_1_80V_25C 
INX6             1      21.521    D_CELLS_MOSST_typ_1_80V_25C 
INX8             4     122.976    D_CELLS_MOSST_typ_1_80V_25C 
MU2IX1          17     313.589    D_CELLS_MOSST_typ_1_80V_25C 
MU2X1           45    1106.784    D_CELLS_MOSST_typ_1_80V_25C 
MU2X2            6     147.571    D_CELLS_MOSST_typ_1_80V_25C 
MU2X4            3      92.232    D_CELLS_MOSST_typ_1_80V_25C 
NA2I1X1         80    1229.760    D_CELLS_MOSST_typ_1_80V_25C 
NA2I1X2          4      73.786    D_CELLS_MOSST_typ_1_80V_25C 
NA2I1X4          1      30.744    D_CELLS_MOSST_typ_1_80V_25C 
NA2X1          528    4869.850    D_CELLS_MOSST_typ_1_80V_25C 
NA2X2           41     630.252    D_CELLS_MOSST_typ_1_80V_25C 
NA2X4           12     368.928    D_CELLS_MOSST_typ_1_80V_25C 
NA3I1X1         24     442.714    D_CELLS_MOSST_typ_1_80V_25C 
NA3I1X2          1      27.670    D_CELLS_MOSST_typ_1_80V_25C 
NA3I1X4          1      39.967    D_CELLS_MOSST_typ_1_80V_25C 
NA3I2X1          6     129.125    D_CELLS_MOSST_typ_1_80V_25C 
NA3X1          107    1315.843    D_CELLS_MOSST_typ_1_80V_25C 
NA3X2           10     245.952    D_CELLS_MOSST_typ_1_80V_25C 
NA3X4            3     138.348    D_CELLS_MOSST_typ_1_80V_25C 
NA5X1            2      61.488    D_CELLS_MOSST_typ_1_80V_25C 
NA6I1X1          1      36.893    D_CELLS_MOSST_typ_1_80V_25C 
NA6X1           30    1014.552    D_CELLS_MOSST_typ_1_80V_25C 
NO2I1X1        176    2164.378    D_CELLS_MOSST_typ_1_80V_25C 
NO2I1X2          5     107.604    D_CELLS_MOSST_typ_1_80V_25C 
NO2I1X4          2      61.488    D_CELLS_MOSST_typ_1_80V_25C 
NO2X1          317    2923.754    D_CELLS_MOSST_typ_1_80V_25C 
NO2X2           21     322.812    D_CELLS_MOSST_typ_1_80V_25C 
NO2X4            5     138.348    D_CELLS_MOSST_typ_1_80V_25C 
NO3I1X1         13     239.803    D_CELLS_MOSST_typ_1_80V_25C 
NO3I1X2          1      27.670    D_CELLS_MOSST_typ_1_80V_25C 
NO3I2X1          9     193.687    D_CELLS_MOSST_typ_1_80V_25C 
NO3I2X2         21     710.186    D_CELLS_MOSST_typ_1_80V_25C 
NO3X1           11     169.092    D_CELLS_MOSST_typ_1_80V_25C 
NO3X2            3      73.786    D_CELLS_MOSST_typ_1_80V_25C 
NO3X4            2      79.934    D_CELLS_MOSST_typ_1_80V_25C 
NO4I2X1          5     153.720    D_CELLS_MOSST_typ_1_80V_25C 
NO4X2            4     122.976    D_CELLS_MOSST_typ_1_80V_25C 
NO5I3X1          1      33.818    D_CELLS_MOSST_typ_1_80V_25C 
NO5X2            1      33.818    D_CELLS_MOSST_typ_1_80V_25C 
NO6X1            2      73.786    D_CELLS_MOSST_typ_1_80V_25C 
OA211X1          7     150.646    D_CELLS_MOSST_typ_1_80V_25C 
OA21X1          20     368.928    D_CELLS_MOSST_typ_1_80V_25C 
OA21X2           9     193.687    D_CELLS_MOSST_typ_1_80V_25C 
OA221X1          6     147.571    D_CELLS_MOSST_typ_1_80V_25C 
OA222X1          8     221.357    D_CELLS_MOSST_typ_1_80V_25C 
OA222X2          1      30.744    D_CELLS_MOSST_typ_1_80V_25C 
OA22X1           6     129.125    D_CELLS_MOSST_typ_1_80V_25C 
OA22X2           2      49.190    D_CELLS_MOSST_typ_1_80V_25C 
OA31X1           2      43.042    D_CELLS_MOSST_typ_1_80V_25C 
OA32X1           1      24.595    D_CELLS_MOSST_typ_1_80V_25C 
ON211X1         47     866.981    D_CELLS_MOSST_typ_1_80V_25C 
ON21X1          95    1460.340    D_CELLS_MOSST_typ_1_80V_25C 
ON21X2           1      27.670    D_CELLS_MOSST_typ_1_80V_25C 
ON21X4           1      30.744    D_CELLS_MOSST_typ_1_80V_25C 
ON221X1         31     762.451    D_CELLS_MOSST_typ_1_80V_25C 
ON222X1         20     553.392    D_CELLS_MOSST_typ_1_80V_25C 
ON22X1          72    1328.141    D_CELLS_MOSST_typ_1_80V_25C 
ON22X4           2      67.637    D_CELLS_MOSST_typ_1_80V_25C 
ON31X1          11     202.910    D_CELLS_MOSST_typ_1_80V_25C 
ON321X1          8     196.762    D_CELLS_MOSST_typ_1_80V_25C 
ON32X1           5     107.604    D_CELLS_MOSST_typ_1_80V_25C 
OR2X1           68     836.237    D_CELLS_MOSST_typ_1_80V_25C 
OR2X2            2      30.744    D_CELLS_MOSST_typ_1_80V_25C 
OR2X4            2      49.190    D_CELLS_MOSST_typ_1_80V_25C 
OR3X1            2      36.893    D_CELLS_MOSST_typ_1_80V_25C 
OR3X4            1      33.818    D_CELLS_MOSST_typ_1_80V_25C 
OR4X1            2      49.190    D_CELLS_MOSST_typ_1_80V_25C 
OR4X2            1      30.744    D_CELLS_MOSST_typ_1_80V_25C 
OR5X1            3      83.009    D_CELLS_MOSST_typ_1_80V_25C 
OR6X2            1      46.116    D_CELLS_MOSST_typ_1_80V_25C 
SDFRQX1         32    2262.758    D_CELLS_MOSST_typ_1_80V_25C 
--------------------------------------------------------------
total         6817  176925.571                                


                                           
     Type      Instances    Area    Area % 
-------------------------------------------
sequential          1652  86796.461   49.1 
inverter             321   2281.205    1.3 
buffer                10    187.538    0.1 
logic               4834  87660.367   49.5 
physical_cells         0      0.000    0.0 
-------------------------------------------
total               6817 176925.571  100.0 

