============================================================
  Generated by:           Genus(TM) Synthesis Solution GENUS15.22 - 15.20-s024_1
  Generated on:           Dec 20 2022  02:15:34 pm
  Module:                 riscv_steel_core
  Interconnect mode:      global
  Area mode:              physical library
============================================================

                                 Leakage     Internal   
  Gate   Instances     Area    Power (nW)   Power (nW)              Library            
---------------------------------------------------------------------------------------
AN211X1         30     553.392      0.670     25519.637    D_CELLS_MOSST_typ_1_80V_25C 
AN21X1         137    1684.771      3.260     86195.432    D_CELLS_MOSST_typ_1_80V_25C 
AN221X1        245    5272.596      7.046     33359.986    D_CELLS_MOSST_typ_1_80V_25C 
AN222X0         32     688.666      1.388        37.792    D_CELLS_MOSST_typ_1_80V_25C 
AN222X1        172    4230.374      6.412    107680.998    D_CELLS_MOSST_typ_1_80V_25C 
AN22X1         539    8285.508     16.494     13575.659    D_CELLS_MOSST_typ_1_80V_25C 
AN31X1          10     153.720      0.246     12923.463    D_CELLS_MOSST_typ_1_80V_25C 
AN321X1         12     295.142      0.363     13065.381    D_CELLS_MOSST_typ_1_80V_25C 
AN32X1          13     239.803      0.397      7495.177    D_CELLS_MOSST_typ_1_80V_25C 
AND2X1         339    4168.886      9.624    215947.086    D_CELLS_MOSST_typ_1_80V_25C 
AND2X2          27     498.053      1.184      8184.434    D_CELLS_MOSST_typ_1_80V_25C 
AND2X4          19     525.722      1.684     16098.504    D_CELLS_MOSST_typ_1_80V_25C 
AND3X1          17     261.324      0.399     14363.019    D_CELLS_MOSST_typ_1_80V_25C 
AND3X2           2      43.042      0.075         0.260    D_CELLS_MOSST_typ_1_80V_25C 
AND3X4           1      33.818      0.078         0.781    D_CELLS_MOSST_typ_1_80V_25C 
AND4X1          37     910.022      1.577     76347.918    D_CELLS_MOSST_typ_1_80V_25C 
AND4X2           1      30.744      0.056         0.000    D_CELLS_MOSST_typ_1_80V_25C 
AND5X2           1      33.818      0.050        18.379    D_CELLS_MOSST_typ_1_80V_25C 
AND6X1          97    2982.168      3.167       518.237    D_CELLS_MOSST_typ_1_80V_25C 
AND6X2           4     147.571      0.180        21.070    D_CELLS_MOSST_typ_1_80V_25C 
AO211X1         22     473.458      0.868      4268.927    D_CELLS_MOSST_typ_1_80V_25C 
AO211X2          1      27.670      0.063      4068.688    D_CELLS_MOSST_typ_1_80V_25C 
AO21X1          58    1069.891      2.357     47501.433    D_CELLS_MOSST_typ_1_80V_25C 
AO21X2          15     368.928      0.914     45253.006    D_CELLS_MOSST_typ_1_80V_25C 
AO21X4           7     193.687      0.703     27941.452    D_CELLS_MOSST_typ_1_80V_25C 
AO221X1         48    1180.570      2.078     47761.317    D_CELLS_MOSST_typ_1_80V_25C 
AO222X0         18     442.714      1.349         0.000    D_CELLS_MOSST_typ_1_80V_25C 
AO222X1        150    4150.440      7.119     55685.247    D_CELLS_MOSST_typ_1_80V_25C 
AO222X2          3     101.455      0.201      8247.370    D_CELLS_MOSST_typ_1_80V_25C 
AO22X1         185    3981.348      7.697     58234.288    D_CELLS_MOSST_typ_1_80V_25C 
AO22X2          13     359.705      0.762     18479.464    D_CELLS_MOSST_typ_1_80V_25C 
AO31X1           1      21.521      0.037      2425.191    D_CELLS_MOSST_typ_1_80V_25C 
AO31X2           1      24.595      0.061         0.000    D_CELLS_MOSST_typ_1_80V_25C 
AO321X1          6     166.018      0.248      7933.118    D_CELLS_MOSST_typ_1_80V_25C 
AO32X1           6     147.571      0.227      7231.825    D_CELLS_MOSST_typ_1_80V_25C 
AO32X2           1      27.670      0.057         0.260    D_CELLS_MOSST_typ_1_80V_25C 
BUX1             6      73.786      0.235      8953.803    D_CELLS_MOSST_typ_1_80V_25C 
BUX2             1      15.372      0.064         0.000    D_CELLS_MOSST_typ_1_80V_25C 
BUX3             1      21.521      0.097         0.000    D_CELLS_MOSST_typ_1_80V_25C 
BUX6             1      33.818      0.186      4489.809    D_CELLS_MOSST_typ_1_80V_25C 
BUX8             1      43.042      0.254       827.082    D_CELLS_MOSST_typ_1_80V_25C 
DFRQX1        1484   77560.963    220.855   6538298.711    D_CELLS_MOSST_typ_1_80V_25C 
DFRQX2          12     664.070      1.874    106105.616    D_CELLS_MOSST_typ_1_80V_25C 
DFRQX4           8     565.690      1.417     96879.208    D_CELLS_MOSST_typ_1_80V_25C 
DFRSQX4          3     221.357      0.538     36947.872    D_CELLS_MOSST_typ_1_80V_25C 
DFRX1           72    3984.422     10.716    189768.820    D_CELLS_MOSST_typ_1_80V_25C 
DFRX2            1      61.488      0.156      8671.909    D_CELLS_MOSST_typ_1_80V_25C 
DLLQX1          40    1475.712      3.789    227593.900    D_CELLS_MOSST_typ_1_80V_25C 
EN2X0           86    1321.992      4.079     49540.679    D_CELLS_MOSST_typ_1_80V_25C 
EN2X1           75    1614.060      3.404    115835.825    D_CELLS_MOSST_typ_1_80V_25C 
EN3X1            3     119.902      0.269      8511.440    D_CELLS_MOSST_typ_1_80V_25C 
EO2X0           70    1076.040      5.046     23219.656    D_CELLS_MOSST_typ_1_80V_25C 
EO2X1           97    2087.518      4.924    143672.817    D_CELLS_MOSST_typ_1_80V_25C 
EO3X1            2      79.934      0.188      5015.063    D_CELLS_MOSST_typ_1_80V_25C 
FAX1            12     700.963      0.870     33759.281    D_CELLS_MOSST_typ_1_80V_25C 
FAX2            13     839.311      1.105     20110.661    D_CELLS_MOSST_typ_1_80V_25C 
FAX4             1      73.786      0.097     12889.660    D_CELLS_MOSST_typ_1_80V_25C 
HAX1           203    6241.032     11.297    215465.058    D_CELLS_MOSST_typ_1_80V_25C 
HAX2            44    1623.283      2.787    254660.266    D_CELLS_MOSST_typ_1_80V_25C 
INX1           278    1709.366      5.578    147555.355    D_CELLS_MOSST_typ_1_80V_25C 
INX2            28     258.250      1.130     11300.837    D_CELLS_MOSST_typ_1_80V_25C 
INX3             5      76.860      0.307      3984.411    D_CELLS_MOSST_typ_1_80V_25C 
INX4             5      92.232      0.422      5843.703    D_CELLS_MOSST_typ_1_80V_25C 
INX6             1      21.521      0.115      1831.649    D_CELLS_MOSST_typ_1_80V_25C 
INX8             4     122.976      0.661      4535.633    D_CELLS_MOSST_typ_1_80V_25C 
MU2IX1          17     313.589      0.789     35054.395    D_CELLS_MOSST_typ_1_80V_25C 
MU2X1           45    1106.784      2.778     98813.556    D_CELLS_MOSST_typ_1_80V_25C 
MU2X2            6     147.571      0.459     17324.664    D_CELLS_MOSST_typ_1_80V_25C 
MU2X4            3      92.232      0.361     11649.098    D_CELLS_MOSST_typ_1_80V_25C 
NA2I1X1         80    1229.760      3.130     82814.091    D_CELLS_MOSST_typ_1_80V_25C 
NA2I1X2          4      73.786      0.219      1849.684    D_CELLS_MOSST_typ_1_80V_25C 
NA2I1X4          1      30.744      0.107      2083.352    D_CELLS_MOSST_typ_1_80V_25C 
NA2X1          528    4869.850     10.009    147266.391    D_CELLS_MOSST_typ_1_80V_25C 
NA2X2           41     630.252      1.554     13658.524    D_CELLS_MOSST_typ_1_80V_25C 
NA2X4           12     368.928      0.910     10681.846    D_CELLS_MOSST_typ_1_80V_25C 
NA3I1X1         24     442.714      0.891     20682.732    D_CELLS_MOSST_typ_1_80V_25C 
NA3I1X2          1      27.670      0.051      3702.432    D_CELLS_MOSST_typ_1_80V_25C 
NA3I1X4          1      39.967      0.101      1715.771    D_CELLS_MOSST_typ_1_80V_25C 
NA3I2X1          6     129.125      0.343      4258.027    D_CELLS_MOSST_typ_1_80V_25C 
NA3X1          107    1315.843      1.801     40660.344    D_CELLS_MOSST_typ_1_80V_25C 
NA3X2           10     245.952      0.339      1947.568    D_CELLS_MOSST_typ_1_80V_25C 
NA3X4            3     138.348      0.203      9106.696    D_CELLS_MOSST_typ_1_80V_25C 
NA5X1            2      61.488      0.120         0.000    D_CELLS_MOSST_typ_1_80V_25C 
NA6I1X1          1      36.893      0.076         0.000    D_CELLS_MOSST_typ_1_80V_25C 
NA6X1           30    1014.552      1.677         0.000    D_CELLS_MOSST_typ_1_80V_25C 
NO2I1X1        176    2164.378      6.995    152646.281    D_CELLS_MOSST_typ_1_80V_25C 
NO2I1X2          5     107.604      0.281      4776.231    D_CELLS_MOSST_typ_1_80V_25C 
NO2I1X4          2      61.488      0.196      4040.783    D_CELLS_MOSST_typ_1_80V_25C 
NO2X1          317    2923.754      6.206    170785.845    D_CELLS_MOSST_typ_1_80V_25C 
NO2X2           21     322.812      0.822      6861.534    D_CELLS_MOSST_typ_1_80V_25C 
NO2X4            5     138.348      0.360      2277.985    D_CELLS_MOSST_typ_1_80V_25C 
NO3I1X1         13     239.803      0.476     10358.276    D_CELLS_MOSST_typ_1_80V_25C 
NO3I1X2          1      27.670      0.050         0.624    D_CELLS_MOSST_typ_1_80V_25C 
NO3I2X1          9     193.687      0.511      2713.926    D_CELLS_MOSST_typ_1_80V_25C 
NO3I2X2         21     710.186      1.403      2425.254    D_CELLS_MOSST_typ_1_80V_25C 
NO3X1           11     169.092      0.180      2658.183    D_CELLS_MOSST_typ_1_80V_25C 
NO3X2            3      73.786      0.098      1877.105    D_CELLS_MOSST_typ_1_80V_25C 
NO3X4            2      79.934      0.125         3.392    D_CELLS_MOSST_typ_1_80V_25C 
NO4I2X1          5     153.720      0.365     15052.404    D_CELLS_MOSST_typ_1_80V_25C 
NO4X2            4     122.976      0.256     11120.943    D_CELLS_MOSST_typ_1_80V_25C 
NO5I3X1          1      33.818      0.064      1530.720    D_CELLS_MOSST_typ_1_80V_25C 
NO5X2            1      33.818      0.059       696.256    D_CELLS_MOSST_typ_1_80V_25C 
NO6X1            2      73.786      0.106       699.858    D_CELLS_MOSST_typ_1_80V_25C 
OA211X1          7     150.646      0.197      8188.865    D_CELLS_MOSST_typ_1_80V_25C 
OA21X1          20     368.928      0.703      7695.544    D_CELLS_MOSST_typ_1_80V_25C 
OA21X2           9     193.687      0.453       536.354    D_CELLS_MOSST_typ_1_80V_25C 
OA221X1          6     147.571      0.209      1699.141    D_CELLS_MOSST_typ_1_80V_25C 
OA222X1          8     221.357      0.335     14344.199    D_CELLS_MOSST_typ_1_80V_25C 
OA222X2          1      30.744      0.058      5617.321    D_CELLS_MOSST_typ_1_80V_25C 
OA22X1           6     129.125      0.246      4174.651    D_CELLS_MOSST_typ_1_80V_25C 
OA22X2           2      49.190      0.120         2.929    D_CELLS_MOSST_typ_1_80V_25C 
OA31X1           2      43.042      0.073       326.844    D_CELLS_MOSST_typ_1_80V_25C 
OA32X1           1      24.595      0.043      2103.319    D_CELLS_MOSST_typ_1_80V_25C 
ON211X1         47     866.981      0.970     47817.883    D_CELLS_MOSST_typ_1_80V_25C 
ON21X1          95    1460.340      2.299     47740.881    D_CELLS_MOSST_typ_1_80V_25C 
ON21X2           1      27.670      0.073         0.000    D_CELLS_MOSST_typ_1_80V_25C 
ON21X4           1      30.744      0.120       476.025    D_CELLS_MOSST_typ_1_80V_25C 
ON221X1         31     762.451      0.846     37894.753    D_CELLS_MOSST_typ_1_80V_25C 
ON222X1         20     553.392      0.695     39522.547    D_CELLS_MOSST_typ_1_80V_25C 
ON22X1          72    1328.141      2.202     22744.811    D_CELLS_MOSST_typ_1_80V_25C 
ON22X4           2      67.637      0.238         0.521    D_CELLS_MOSST_typ_1_80V_25C 
ON31X1          11     202.910      0.281      4701.057    D_CELLS_MOSST_typ_1_80V_25C 
ON321X1          8     196.762      0.223     10290.087    D_CELLS_MOSST_typ_1_80V_25C 
ON32X1           5     107.604      0.159      1170.672    D_CELLS_MOSST_typ_1_80V_25C 
OR2X1           68     836.237      2.890     28091.731    D_CELLS_MOSST_typ_1_80V_25C 
OR2X2            2      30.744      0.125      2548.836    D_CELLS_MOSST_typ_1_80V_25C 
OR2X4            2      49.190      0.214      7216.425    D_CELLS_MOSST_typ_1_80V_25C 
OR3X1            2      36.893      0.080       298.893    D_CELLS_MOSST_typ_1_80V_25C 
OR3X4            1      33.818      0.122         0.000    D_CELLS_MOSST_typ_1_80V_25C 
OR4X1            2      49.190      0.114        80.878    D_CELLS_MOSST_typ_1_80V_25C 
OR4X2            1      30.744      0.069         0.179    D_CELLS_MOSST_typ_1_80V_25C 
OR5X1            3      83.009      0.152       624.706    D_CELLS_MOSST_typ_1_80V_25C 
OR6X2            1      46.116      0.077         0.000    D_CELLS_MOSST_typ_1_80V_25C 
SDFRQX1         32    2262.758      5.868    356009.472    D_CELLS_MOSST_typ_1_80V_25C 
---------------------------------------------------------------------------------------
total         6817  176925.571    426.279  10788367.817                                


                                             Leakage  Leakage   Internal   Internal 
     Type      Instances    Area    Area % Power (nW) Power %  Power (nW)   Power % 
------------------------------------------------------------------------------------
sequential          1652  86796.461   49.1    245.213    57.5  7560275.507     70.1 
inverter             321   2281.205    1.3      8.213     1.9   175051.589      1.6 
buffer                10    187.538    0.1      0.836     0.2    14270.695      0.1 
logic               4834  87660.367   49.5    172.017    40.4  3038770.026     28.2 
physical_cells         0      0.000    0.0      0.000     0.0        0.000      0.0 
------------------------------------------------------------------------------------
total               6817 176925.571  100.0    426.279   100.0 10788367.817    100.0 

