============================================================
  Generated by:           Genus(TM) Synthesis Solution GENUS15.22 - 15.20-s024_1
  Generated on:           Dec 15 2022  03:01:11 pm
  Module:                 riscv_steel_core
  Interconnect mode:      global
  Area mode:              physical library
============================================================

Timing
--------

Clock Period 
-------------
clock 2000.0 


         Cost           Critical             Violating 
        Group          Path Slack    TNS       Paths   
-------------------------------------------------------
C2C                       -1355.6   -391104       1137 
C2O                      No paths         0            
cg_enable_group_clock     -1263.0     -1263          1 
clock                       -69.7       -69          1 
default                  No paths         0            
I2C                        -902.0    -59803        110 
I2O                      No paths         0            
-------------------------------------------------------
Total                               -452240       1249 

Instance Count
--------------
Leaf Instance Count             12569 
Sequential Instance Count        1651 
Combinational Instance Count    10918 
Hierarchical Instance Count        39 

Area
----
Cell Area                          295142.400
Physical Cell Area                 0.000
Total Cell Area (Cell+Physical)    295142.400
Net Area                           145712.082
Total Area (Cell+Physical+Net)     440854.482

Runtime                            -579.828 seconds
Elapsed Runtime                    2120 seconds
Genus peak memory usage            673.79 
Innovus peak memory usage          no_value 
Hostname                           pgmicro01
