============================================================
  Generated by:           Genus(TM) Synthesis Solution GENUS15.22 - 15.20-s024_1
  Generated on:           Dec 15 2022  03:01:11 pm
  Module:                 riscv_steel_core
  Interconnect mode:      global
  Area mode:              physical library
============================================================

                               
  Gate   Instances     Area                Library            
--------------------------------------------------------------
AN211X1         11     202.910    D_CELLS_MOSST_typ_1_80V_25C 
AN211X4          1      33.818    D_CELLS_MOSST_typ_1_80V_25C 
AN21X1         216    2656.282    D_CELLS_MOSST_typ_1_80V_25C 
AN21X2           1      27.670    D_CELLS_MOSST_typ_1_80V_25C 
AN21X4           2      61.488    D_CELLS_MOSST_typ_1_80V_25C 
AN221X1         24     516.499    D_CELLS_MOSST_typ_1_80V_25C 
AN221X4          1      39.967    D_CELLS_MOSST_typ_1_80V_25C 
AN222X1         34     836.237    D_CELLS_MOSST_typ_1_80V_25C 
AN222X2         18     608.731    D_CELLS_MOSST_typ_1_80V_25C 
AN22X1         163    2505.636    D_CELLS_MOSST_typ_1_80V_25C 
AN22X2           1      30.744    D_CELLS_MOSST_typ_1_80V_25C 
AN22X4           1      33.818    D_CELLS_MOSST_typ_1_80V_25C 
AN311X1          2      43.042    D_CELLS_MOSST_typ_1_80V_25C 
AN311X4          1      36.893    D_CELLS_MOSST_typ_1_80V_25C 
AN31X1           7     107.604    D_CELLS_MOSST_typ_1_80V_25C 
AN321X1          1      24.595    D_CELLS_MOSST_typ_1_80V_25C 
AN32X0           1      18.446    D_CELLS_MOSST_typ_1_80V_25C 
AN32X1           9     166.018    D_CELLS_MOSST_typ_1_80V_25C 
AN32X2           3      92.232    D_CELLS_MOSST_typ_1_80V_25C 
AND2X0           9     110.678    D_CELLS_MOSST_typ_1_80V_25C 
AND2X1         346    4254.970    D_CELLS_MOSST_typ_1_80V_25C 
AND2X2         101    1863.086    D_CELLS_MOSST_typ_1_80V_25C 
AND2X4         166    4593.154    D_CELLS_MOSST_typ_1_80V_25C 
AND3X1          32     491.904    D_CELLS_MOSST_typ_1_80V_25C 
AND3X2          46     989.957    D_CELLS_MOSST_typ_1_80V_25C 
AND3X4          61    2062.922    D_CELLS_MOSST_typ_1_80V_25C 
AND4X1          20     491.904    D_CELLS_MOSST_typ_1_80V_25C 
AND4X2          21     645.624    D_CELLS_MOSST_typ_1_80V_25C 
AND5X1          18     498.053    D_CELLS_MOSST_typ_1_80V_25C 
AND5X2           8     270.547    D_CELLS_MOSST_typ_1_80V_25C 
AND6X1           6     184.464    D_CELLS_MOSST_typ_1_80V_25C 
AND6X2          13     479.606    D_CELLS_MOSST_typ_1_80V_25C 
AO211X1          1      21.521    D_CELLS_MOSST_typ_1_80V_25C 
AO21X1          18     332.035    D_CELLS_MOSST_typ_1_80V_25C 
AO21X2          30     737.856    D_CELLS_MOSST_typ_1_80V_25C 
AO21X4           5     138.348    D_CELLS_MOSST_typ_1_80V_25C 
AO221X2          1      33.818    D_CELLS_MOSST_typ_1_80V_25C 
AO222X0          1      24.595    D_CELLS_MOSST_typ_1_80V_25C 
AO222X1         19     525.722    D_CELLS_MOSST_typ_1_80V_25C 
AO222X2          4     135.274    D_CELLS_MOSST_typ_1_80V_25C 
AO22X0           2      36.893    D_CELLS_MOSST_typ_1_80V_25C 
AO22X1          46     989.957    D_CELLS_MOSST_typ_1_80V_25C 
AO22X2          61    1687.846    D_CELLS_MOSST_typ_1_80V_25C 
AO22X4           8     245.952    D_CELLS_MOSST_typ_1_80V_25C 
AO31X1           2      43.042    D_CELLS_MOSST_typ_1_80V_25C 
BUCX6            1      33.818    D_CELLS_MOSST_typ_1_80V_25C 
BUX0            25     307.440    D_CELLS_MOSST_typ_1_80V_25C 
BUX1           150    1844.640    D_CELLS_MOSST_typ_1_80V_25C 
BUX12           10     614.880    D_CELLS_MOSST_typ_1_80V_25C 
BUX16            4     332.035    D_CELLS_MOSST_typ_1_80V_25C 
BUX2            79    1214.388    D_CELLS_MOSST_typ_1_80V_25C 
BUX20            1      98.381    D_CELLS_MOSST_typ_1_80V_25C 
BUX3            34     731.707    D_CELLS_MOSST_typ_1_80V_25C 
BUX4            25     614.880    D_CELLS_MOSST_typ_1_80V_25C 
BUX6            19     642.550    D_CELLS_MOSST_typ_1_80V_25C 
BUX8            27    1162.123    D_CELLS_MOSST_typ_1_80V_25C 
DFRQX0          87    4279.565    D_CELLS_MOSST_typ_1_80V_25C 
DFRQX1         599   31306.615    D_CELLS_MOSST_typ_1_80V_25C 
DFRQX2         144    7968.845    D_CELLS_MOSST_typ_1_80V_25C 
DFRQX4          52    3676.982    D_CELLS_MOSST_typ_1_80V_25C 
DFRRQX1          3     184.464    D_CELLS_MOSST_typ_1_80V_25C 
DFRSQX1          2     122.976    D_CELLS_MOSST_typ_1_80V_25C 
DFRSQX2          9     553.392    D_CELLS_MOSST_typ_1_80V_25C 
DFRSQX4          9     664.070    D_CELLS_MOSST_typ_1_80V_25C 
DFRSX4           8     688.666    D_CELLS_MOSST_typ_1_80V_25C 
DFRX0           19     993.031    D_CELLS_MOSST_typ_1_80V_25C 
DFRX1          557   30823.934    D_CELLS_MOSST_typ_1_80V_25C 
DFRX2           77    4734.576    D_CELLS_MOSST_typ_1_80V_25C 
DFRX4           14    1162.123    D_CELLS_MOSST_typ_1_80V_25C 
DLLQX1          39    1438.819    D_CELLS_MOSST_typ_1_80V_25C 
DLY1X0          12     295.142    D_CELLS_MOSST_typ_1_80V_25C 
DLY1X1           8     196.762    D_CELLS_MOSST_typ_1_80V_25C 
DLY2X1           5     153.720    D_CELLS_MOSST_typ_1_80V_25C 
EN2X0           13     199.836    D_CELLS_MOSST_typ_1_80V_25C 
EN2X1          111    2388.809    D_CELLS_MOSST_typ_1_80V_25C 
EN2X2            1      33.818    D_CELLS_MOSST_typ_1_80V_25C 
EN3X1            1      39.967    D_CELLS_MOSST_typ_1_80V_25C 
EO2X0            4      61.488    D_CELLS_MOSST_typ_1_80V_25C 
EO2X1          110    2367.288    D_CELLS_MOSST_typ_1_80V_25C 
EO2X2            2      67.637    D_CELLS_MOSST_typ_1_80V_25C 
EO3X1            1      39.967    D_CELLS_MOSST_typ_1_80V_25C 
HAX0             1      30.744    D_CELLS_MOSST_typ_1_80V_25C 
HAX1            50    1537.200    D_CELLS_MOSST_typ_1_80V_25C 
HAX2            37    1365.034    D_CELLS_MOSST_typ_1_80V_25C 
HAX4             3     138.348    D_CELLS_MOSST_typ_1_80V_25C 
INCX12           1      58.414    D_CELLS_MOSST_typ_1_80V_25C 
INX0            14      86.083    D_CELLS_MOSST_typ_1_80V_25C 
INX1           507    3117.442    D_CELLS_MOSST_typ_1_80V_25C 
INX12           17     993.031    D_CELLS_MOSST_typ_1_80V_25C 
INX16            3     221.357    D_CELLS_MOSST_typ_1_80V_25C 
INX2           258    2379.586    D_CELLS_MOSST_typ_1_80V_25C 
INX20            2     190.613    D_CELLS_MOSST_typ_1_80V_25C 
INX3            42     645.624    D_CELLS_MOSST_typ_1_80V_25C 
INX4            81    1494.158    D_CELLS_MOSST_typ_1_80V_25C 
INX6            39     839.311    D_CELLS_MOSST_typ_1_80V_25C 
INX8           101    3105.144    D_CELLS_MOSST_typ_1_80V_25C 
MU2IX1         115    2121.336    D_CELLS_MOSST_typ_1_80V_25C 
MU2IX2           1      36.893    D_CELLS_MOSST_typ_1_80V_25C 
MU2IX4           1      67.637    D_CELLS_MOSST_typ_1_80V_25C 
MU2X1            2      49.190    D_CELLS_MOSST_typ_1_80V_25C 
MU2X2            3      73.786    D_CELLS_MOSST_typ_1_80V_25C 
NA2I1X1        180    2766.960    D_CELLS_MOSST_typ_1_80V_25C 
NA2I1X2         89    1641.730    D_CELLS_MOSST_typ_1_80V_25C 
NA2I1X4        122    3750.768    D_CELLS_MOSST_typ_1_80V_25C 
NA2X0           15     138.348    D_CELLS_MOSST_typ_1_80V_25C 
NA2X1         1383   12755.686    D_CELLS_MOSST_typ_1_80V_25C 
NA2X2          830   12758.760    D_CELLS_MOSST_typ_1_80V_25C 
NA2X4          913   28069.272    D_CELLS_MOSST_typ_1_80V_25C 
NA3I1X0          4      61.488    D_CELLS_MOSST_typ_1_80V_25C 
NA3I1X1         22     405.821    D_CELLS_MOSST_typ_1_80V_25C 
NA3I1X2         47    1300.471    D_CELLS_MOSST_typ_1_80V_25C 
NA3I1X4         60    2398.032    D_CELLS_MOSST_typ_1_80V_25C 
NA3I2X1          9     193.687    D_CELLS_MOSST_typ_1_80V_25C 
NA3I2X2         25     768.600    D_CELLS_MOSST_typ_1_80V_25C 
NA3I2X4         13     639.475    D_CELLS_MOSST_typ_1_80V_25C 
NA3X0            2      24.595    D_CELLS_MOSST_typ_1_80V_25C 
NA3X1          143    1758.557    D_CELLS_MOSST_typ_1_80V_25C 
NA3X2          319    7845.869    D_CELLS_MOSST_typ_1_80V_25C 
NA3X4          164    7563.024    D_CELLS_MOSST_typ_1_80V_25C 
NA4I2X2          1      33.818    D_CELLS_MOSST_typ_1_80V_25C 
NA4I3X2          1      39.967    D_CELLS_MOSST_typ_1_80V_25C 
NA4X1            2      55.339    D_CELLS_MOSST_typ_1_80V_25C 
NA4X2            3     101.455    D_CELLS_MOSST_typ_1_80V_25C 
NA6X2            2      79.934    D_CELLS_MOSST_typ_1_80V_25C 
NA6X4            2     104.530    D_CELLS_MOSST_typ_1_80V_25C 
NO2I1X0          5      61.488    D_CELLS_MOSST_typ_1_80V_25C 
NO2I1X1        262    3221.971    D_CELLS_MOSST_typ_1_80V_25C 
NO2I1X2        117    2517.934    D_CELLS_MOSST_typ_1_80V_25C 
NO2I1X4         64    1967.616    D_CELLS_MOSST_typ_1_80V_25C 
NO2X0            5      46.116    D_CELLS_MOSST_typ_1_80V_25C 
NO2X1          619    5709.161    D_CELLS_MOSST_typ_1_80V_25C 
NO2X2          566    8700.552    D_CELLS_MOSST_typ_1_80V_25C 
NO2X4          433   11980.937    D_CELLS_MOSST_typ_1_80V_25C 
NO3I1X1          5      92.232    D_CELLS_MOSST_typ_1_80V_25C 
NO3I1X2         12     332.035    D_CELLS_MOSST_typ_1_80V_25C 
NO3I1X4          3     138.348    D_CELLS_MOSST_typ_1_80V_25C 
NO3I2X1          3      64.562    D_CELLS_MOSST_typ_1_80V_25C 
NO3I2X2          8     270.547    D_CELLS_MOSST_typ_1_80V_25C 
NO3I2X4          1      49.190    D_CELLS_MOSST_typ_1_80V_25C 
NO3X1           43     660.996    D_CELLS_MOSST_typ_1_80V_25C 
NO3X2           80    1967.616    D_CELLS_MOSST_typ_1_80V_25C 
NO3X4           71    2837.671    D_CELLS_MOSST_typ_1_80V_25C 
NO4I1X4          1      43.042    D_CELLS_MOSST_typ_1_80V_25C 
NO4I2X1          1      30.744    D_CELLS_MOSST_typ_1_80V_25C 
NO4X2            1      30.744    D_CELLS_MOSST_typ_1_80V_25C 
NO4X4            3     110.678    D_CELLS_MOSST_typ_1_80V_25C 
NO5I2X1          2      67.637    D_CELLS_MOSST_typ_1_80V_25C 
NO5I2X4          4     172.166    D_CELLS_MOSST_typ_1_80V_25C 
NO5I3X2          1      36.893    D_CELLS_MOSST_typ_1_80V_25C 
NO5I4X4          1      46.116    D_CELLS_MOSST_typ_1_80V_25C 
NO5X0            1      33.818    D_CELLS_MOSST_typ_1_80V_25C 
NO5X4            2      79.934    D_CELLS_MOSST_typ_1_80V_25C 
NO6I1X4          1      52.265    D_CELLS_MOSST_typ_1_80V_25C 
NO6X4            1      46.116    D_CELLS_MOSST_typ_1_80V_25C 
OA211X1          1      21.521    D_CELLS_MOSST_typ_1_80V_25C 
OA211X2          2      49.190    D_CELLS_MOSST_typ_1_80V_25C 
OA211X4          4     122.976    D_CELLS_MOSST_typ_1_80V_25C 
OA21X0           1      15.372    D_CELLS_MOSST_typ_1_80V_25C 
OA21X1          13     239.803    D_CELLS_MOSST_typ_1_80V_25C 
OA21X2          10     215.208    D_CELLS_MOSST_typ_1_80V_25C 
OA21X4           6     166.018    D_CELLS_MOSST_typ_1_80V_25C 
OA221X1          1      24.595    D_CELLS_MOSST_typ_1_80V_25C 
OA221X2          1      27.670    D_CELLS_MOSST_typ_1_80V_25C 
OA222X1          7     193.687    D_CELLS_MOSST_typ_1_80V_25C 
OA222X2          2      61.488    D_CELLS_MOSST_typ_1_80V_25C 
OA22X1         101    2173.601    D_CELLS_MOSST_typ_1_80V_25C 
OA22X2          42    1032.998    D_CELLS_MOSST_typ_1_80V_25C 
OA22X4           8     245.952    D_CELLS_MOSST_typ_1_80V_25C 
OA31X1           2      43.042    D_CELLS_MOSST_typ_1_80V_25C 
ON211X0          1      15.372    D_CELLS_MOSST_typ_1_80V_25C 
ON211X1         16     295.142    D_CELLS_MOSST_typ_1_80V_25C 
ON21X0           1      12.298    D_CELLS_MOSST_typ_1_80V_25C 
ON21X1         127    1952.244    D_CELLS_MOSST_typ_1_80V_25C 
ON221X1         15     368.928    D_CELLS_MOSST_typ_1_80V_25C 
ON222X1          1      27.670    D_CELLS_MOSST_typ_1_80V_25C 
ON22X0           8     122.976    D_CELLS_MOSST_typ_1_80V_25C 
ON22X1         153    2822.299    D_CELLS_MOSST_typ_1_80V_25C 
ON22X2           8     245.952    D_CELLS_MOSST_typ_1_80V_25C 
ON22X4           1      33.818    D_CELLS_MOSST_typ_1_80V_25C 
ON311X1          1      18.446    D_CELLS_MOSST_typ_1_80V_25C 
ON31X1           2      36.893    D_CELLS_MOSST_typ_1_80V_25C 
ON321X1          1      24.595    D_CELLS_MOSST_typ_1_80V_25C 
OR2X1           79     971.510    D_CELLS_MOSST_typ_1_80V_25C 
OR2X2           56     860.832    D_CELLS_MOSST_typ_1_80V_25C 
OR2X4           64    1574.093    D_CELLS_MOSST_typ_1_80V_25C 
OR3X1            2      36.893    D_CELLS_MOSST_typ_1_80V_25C 
OR3X2            2      43.042    D_CELLS_MOSST_typ_1_80V_25C 
OR3X4            4     135.274    D_CELLS_MOSST_typ_1_80V_25C 
OR4X1            9     221.357    D_CELLS_MOSST_typ_1_80V_25C 
OR4X2           12     368.928    D_CELLS_MOSST_typ_1_80V_25C 
OR5X1            6     166.018    D_CELLS_MOSST_typ_1_80V_25C 
OR5X2            4     135.274    D_CELLS_MOSST_typ_1_80V_25C 
OR6X1            3     101.455    D_CELLS_MOSST_typ_1_80V_25C 
OR6X2           11     507.276    D_CELLS_MOSST_typ_1_80V_25C 
SDFRQX1         32    2262.758    D_CELLS_MOSST_typ_1_80V_25C 
--------------------------------------------------------------
total        12569  295142.400                                


                                           
     Type      Instances    Area    Area % 
-------------------------------------------
sequential          1651  90860.818   30.8 
inverter            1065  13130.762    4.4 
buffer               400   8242.466    2.8 
logic               9453 182908.354   62.0 
physical_cells         0      0.000    0.0 
-------------------------------------------
total              12569 295142.400  100.0 

