============================================================
  Generated by:           Genus(TM) Synthesis Solution GENUS15.22 - 15.20-s024_1
  Generated on:           Dec 15 2022  01:56:44 pm
  Module:                 riscv_steel_core
  Interconnect mode:      global
  Area mode:              physical library
============================================================

                               
  Gate   Instances     Area                Library            
--------------------------------------------------------------
AN211X1         35     645.624    D_CELLS_MOSST_typ_1_80V_25C 
AN21X1         112    1377.331    D_CELLS_MOSST_typ_1_80V_25C 
AN221X0         33     608.731    D_CELLS_MOSST_typ_1_80V_25C 
AN221X1        324    6972.739    D_CELLS_MOSST_typ_1_80V_25C 
AN222X0         14     301.291    D_CELLS_MOSST_typ_1_80V_25C 
AN222X1        101    2484.115    D_CELLS_MOSST_typ_1_80V_25C 
AN22X1         499    7670.628    D_CELLS_MOSST_typ_1_80V_25C 
AN311X1          1      21.521    D_CELLS_MOSST_typ_1_80V_25C 
AN31X1           5      76.860    D_CELLS_MOSST_typ_1_80V_25C 
AN321X1         11     270.547    D_CELLS_MOSST_typ_1_80V_25C 
AN32X1          10     184.464    D_CELLS_MOSST_typ_1_80V_25C 
AN33X1           2      43.042    D_CELLS_MOSST_typ_1_80V_25C 
AND2X1         266    3271.162    D_CELLS_MOSST_typ_1_80V_25C 
AND2X2           2      36.893    D_CELLS_MOSST_typ_1_80V_25C 
AND3X1          14     215.208    D_CELLS_MOSST_typ_1_80V_25C 
AND4X1          33     811.642    D_CELLS_MOSST_typ_1_80V_25C 
AND6X1          65    1998.360    D_CELLS_MOSST_typ_1_80V_25C 
AO211X1          3      64.562    D_CELLS_MOSST_typ_1_80V_25C 
AO21X1          27     498.053    D_CELLS_MOSST_typ_1_80V_25C 
AO221X1         44    1082.189    D_CELLS_MOSST_typ_1_80V_25C 
AO222X0         18     442.714    D_CELLS_MOSST_typ_1_80V_25C 
AO222X1        109    3015.986    D_CELLS_MOSST_typ_1_80V_25C 
AO22X0          10     184.464    D_CELLS_MOSST_typ_1_80V_25C 
AO22X1         236    5078.909    D_CELLS_MOSST_typ_1_80V_25C 
AO311X1          1      21.521    D_CELLS_MOSST_typ_1_80V_25C 
AO31X1           2      43.042    D_CELLS_MOSST_typ_1_80V_25C 
AO321X1          5     138.348    D_CELLS_MOSST_typ_1_80V_25C 
AO32X1           4      98.381    D_CELLS_MOSST_typ_1_80V_25C 
DFRQX1        1307   68310.094    D_CELLS_MOSST_typ_1_80V_25C 
DFRX1          273   15107.602    D_CELLS_MOSST_typ_1_80V_25C 
DLLQX1          40    1475.712    D_CELLS_MOSST_typ_1_80V_25C 
EN2X0           25     384.300    D_CELLS_MOSST_typ_1_80V_25C 
EN2X1           27     581.062    D_CELLS_MOSST_typ_1_80V_25C 
EO2X1           24     516.499    D_CELLS_MOSST_typ_1_80V_25C 
FAX0            89    4651.567    D_CELLS_MOSST_typ_1_80V_25C 
FAX1             3     175.241    D_CELLS_MOSST_typ_1_80V_25C 
FAX4             1      73.786    D_CELLS_MOSST_typ_1_80V_25C 
HAX1           445   13681.080    D_CELLS_MOSST_typ_1_80V_25C 
INX1           245    1506.456    D_CELLS_MOSST_typ_1_80V_25C 
INX2             1       9.223    D_CELLS_MOSST_typ_1_80V_25C 
MU2IX1          19     350.482    D_CELLS_MOSST_typ_1_80V_25C 
MU2X1           66    1623.283    D_CELLS_MOSST_typ_1_80V_25C 
NA2I1X1         29     445.788    D_CELLS_MOSST_typ_1_80V_25C 
NA2X1          332    3062.102    D_CELLS_MOSST_typ_1_80V_25C 
NA3I1X1          4      73.786    D_CELLS_MOSST_typ_1_80V_25C 
NA3I2X1          2      43.042    D_CELLS_MOSST_typ_1_80V_25C 
NA3X1          166    2041.402    D_CELLS_MOSST_typ_1_80V_25C 
NA4X1            4     110.678    D_CELLS_MOSST_typ_1_80V_25C 
NA6I3X1          1      36.893    D_CELLS_MOSST_typ_1_80V_25C 
NA6X1           19     642.550    D_CELLS_MOSST_typ_1_80V_25C 
NO2I1X1        135    1660.176    D_CELLS_MOSST_typ_1_80V_25C 
NO2X1          258    2379.586    D_CELLS_MOSST_typ_1_80V_25C 
NO3I1X1         18     332.035    D_CELLS_MOSST_typ_1_80V_25C 
NO3I1X2          2      55.339    D_CELLS_MOSST_typ_1_80V_25C 
NO3I2X1          5     107.604    D_CELLS_MOSST_typ_1_80V_25C 
NO3X0            1      12.298    D_CELLS_MOSST_typ_1_80V_25C 
NO3X1           37     568.764    D_CELLS_MOSST_typ_1_80V_25C 
NO3X2            1      24.595    D_CELLS_MOSST_typ_1_80V_25C 
NO5I2X1          1      33.818    D_CELLS_MOSST_typ_1_80V_25C 
NO5I3X1          2      67.637    D_CELLS_MOSST_typ_1_80V_25C 
NO6I2X1          1      43.042    D_CELLS_MOSST_typ_1_80V_25C 
NO6X1            1      36.893    D_CELLS_MOSST_typ_1_80V_25C 
OA211X1         49    1054.519    D_CELLS_MOSST_typ_1_80V_25C 
OA21X1          13     239.803    D_CELLS_MOSST_typ_1_80V_25C 
OA221X1         25     614.880    D_CELLS_MOSST_typ_1_80V_25C 
OA222X1          1      27.670    D_CELLS_MOSST_typ_1_80V_25C 
OA22X1          37     796.270    D_CELLS_MOSST_typ_1_80V_25C 
OA31X1           2      43.042    D_CELLS_MOSST_typ_1_80V_25C 
OA32X1           1      24.595    D_CELLS_MOSST_typ_1_80V_25C 
ON211X1         49     903.874    D_CELLS_MOSST_typ_1_80V_25C 
ON21X1          83    1275.876    D_CELLS_MOSST_typ_1_80V_25C 
ON21X2           1      27.670    D_CELLS_MOSST_typ_1_80V_25C 
ON221X1         64    1574.093    D_CELLS_MOSST_typ_1_80V_25C 
ON222X1         14     387.374    D_CELLS_MOSST_typ_1_80V_25C 
ON22X1         124    2287.354    D_CELLS_MOSST_typ_1_80V_25C 
ON311X1          2      36.893    D_CELLS_MOSST_typ_1_80V_25C 
ON31X1           1      18.446    D_CELLS_MOSST_typ_1_80V_25C 
ON321X1          1      24.595    D_CELLS_MOSST_typ_1_80V_25C 
ON32X1           2      43.042    D_CELLS_MOSST_typ_1_80V_25C 
OR2X1           71     873.130    D_CELLS_MOSST_typ_1_80V_25C 
OR3X1            5      92.232    D_CELLS_MOSST_typ_1_80V_25C 
OR4X1            2      49.190    D_CELLS_MOSST_typ_1_80V_25C 
OR5X1            3      83.009    D_CELLS_MOSST_typ_1_80V_25C 
OR6X1            2      67.637    D_CELLS_MOSST_typ_1_80V_25C 
SDFRQX1         32    2262.758    D_CELLS_MOSST_typ_1_80V_25C 
--------------------------------------------------------------
total         6154  170690.688                                


                                           
     Type      Instances    Area    Area % 
-------------------------------------------
sequential          1652  87156.166   51.1 
inverter             246   1515.679    0.9 
logic               4256  82018.843   48.1 
physical_cells         0      0.000    0.0 
-------------------------------------------
total               6154 170690.688  100.0 

